{"/Users/dcalacci/code/gigbox/App.tsx": {"path":"/Users/dcalacci/code/gigbox/App.tsx","statementMap":{"0":{"start":{"line":24,"column":20},"end":{"line":24,"column":37}},"1":{"start":{"line":26,"column":21},"end":{"line":26,"column":30}},"2":{"start":{"line":28,"column":0},"end":{"line":49,"column":3}},"3":{"start":{"line":29,"column":4},"end":{"line":32,"column":5}},"4":{"start":{"line":30,"column":8},"end":{"line":30,"column":75}},"5":{"start":{"line":31,"column":8},"end":{"line":31,"column":15}},"6":{"start":{"line":33,"column":26},"end":{"line":33,"column":48}},"7":{"start":{"line":34,"column":22},"end":{"line":34,"column":36}},"8":{"start":{"line":35,"column":4},"end":{"line":48,"column":5}},"9":{"start":{"line":36,"column":19},"end":{"line":45,"column":24}},"10":{"start":{"line":37,"column":22},"end":{"line":43,"column":13}},"11":{"start":{"line":44,"column":12},"end":{"line":44,"column":23}},"12":{"start":{"line":46,"column":8},"end":{"line":46,"column":59}},"13":{"start":{"line":52,"column":4},"end":{"line":70,"column":6}}},"fnMap":{"0":{"name":"(anonymous_0)","decl":{"start":{"line":28,"column":48},"end":{"line":28,"column":49}},"loc":{"start":{"line":28,"column":75},"end":{"line":49,"column":1}},"line":28},"1":{"name":"(anonymous_1)","decl":{"start":{"line":36,"column":33},"end":{"line":36,"column":34}},"loc":{"start":{"line":36,"column":63},"end":{"line":45,"column":9}},"line":36},"2":{"name":"App","decl":{"start":{"line":51,"column":24},"end":{"line":51,"column":27}},"loc":{"start":{"line":51,"column":30},"end":{"line":71,"column":1}},"line":51}},"branchMap":{"0":{"loc":{"start":{"line":29,"column":4},"end":{"line":32,"column":5}},"type":"if","locations":[{"start":{"line":29,"column":4},"end":{"line":32,"column":5}},{"start":{"line":29,"column":4},"end":{"line":32,"column":5}}],"line":29},"1":{"loc":{"start":{"line":35,"column":4},"end":{"line":48,"column":5}},"type":"if","locations":[{"start":{"line":35,"column":4},"end":{"line":48,"column":5}},{"start":{"line":35,"column":4},"end":{"line":48,"column":5}}],"line":35}},"s":{"0":1,"1":1,"2":1,"3":0,"4":0,"5":0,"6":0,"7":0,"8":0,"9":0,"10":0,"11":0,"12":0,"13":1},"f":{"0":0,"1":0,"2":1},"b":{"0":[0,0],"1":[0,0]},"_coverageSchema":"1a1c01bbd47fc00a2c39e90264f33305004495a9","hash":"b5c3bd3734c1d6192fa89eb9042092b9355ff83a"}
,"/Users/dcalacci/code/gigbox/app.config.js": {"path":"/Users/dcalacci/code/gigbox/app.config.js","statementMap":{},"fnMap":{},"branchMap":{},"s":{},"f":{},"b":{}}
,"/Users/dcalacci/code/gigbox/index.js": {"path":"/Users/dcalacci/code/gigbox/index.js","statementMap":{"0":{"start":{"line":8,"column":0},"end":{"line":8,"column":27}}},"fnMap":{},"branchMap":{},"s":{"0":0},"f":{},"b":{}}
,"/Users/dcalacci/code/gigbox/metro.config.js": {"path":"/Users/dcalacci/code/gigbox/metro.config.js","statementMap":{"0":{"start":{"line":1,"column":0},"end":{"line":5,"column":2}}},"fnMap":{},"branchMap":{},"s":{"0":0},"f":{},"b":{}}
,"/Users/dcalacci/code/gigbox/tailwind.config.js": {"path":"/Users/dcalacci/code/gigbox/tailwind.config.js","statementMap":{"0":{"start":{"line":1,"column":0},"end":{"line":11,"column":2}}},"fnMap":{},"branchMap":{},"s":{"0":0},"f":{},"b":{}}
,"/Users/dcalacci/code/gigbox/tasks.ts": {"path":"/Users/dcalacci/code/gigbox/tasks.ts","statementMap":{"0":{"start":{"line":25,"column":30},"end":{"line":41,"column":1}},"1":{"start":{"line":26,"column":19},"end":{"line":26,"column":35}},"2":{"start":{"line":27,"column":17},"end":{"line":36,"column":5}},"3":{"start":{"line":39,"column":18},"end":{"line":39,"column":37}},"4":{"start":{"line":40,"column":4},"end":{"line":40,"column":68}},"5":{"start":{"line":43,"column":35},"end":{"line":70,"column":1}},"6":{"start":{"line":44,"column":19},"end":{"line":44,"column":35}},"7":{"start":{"line":45,"column":17},"end":{"line":52,"column":6}},"8":{"start":{"line":46,"column":8},"end":{"line":51,"column":10}},"9":{"start":{"line":53,"column":22},"end":{"line":56,"column":5}},"10":{"start":{"line":57,"column":4},"end":{"line":57,"column":49}},"11":{"start":{"line":58,"column":21},"end":{"line":68,"column":5}},"12":{"start":{"line":69,"column":4},"end":{"line":69,"column":53}},"13":{"start":{"line":72,"column":35},"end":{"line":80,"column":1}},"14":{"start":{"line":73,"column":4},"end":{"line":79,"column":7}},"15":{"start":{"line":74,"column":8},"end":{"line":78,"column":9}},"16":{"start":{"line":75,"column":12},"end":{"line":75,"column":65}},"17":{"start":{"line":77,"column":12},"end":{"line":77,"column":61}},"18":{"start":{"line":82,"column":36},"end":{"line":87,"column":1}},"19":{"start":{"line":83,"column":33},"end":{"line":83,"column":70}},"20":{"start":{"line":84,"column":33},"end":{"line":84,"column":70}},"21":{"start":{"line":86,"column":4},"end":{"line":86,"column":98}},"22":{"start":{"line":89,"column":41},"end":{"line":94,"column":1}},"23":{"start":{"line":90,"column":33},"end":{"line":90,"column":70}},"24":{"start":{"line":91,"column":33},"end":{"line":91,"column":70}},"25":{"start":{"line":93,"column":4},"end":{"line":93,"column":58}},"26":{"start":{"line":96,"column":30},"end":{"line":101,"column":1}},"27":{"start":{"line":97,"column":23},"end":{"line":97,"column":64}},"28":{"start":{"line":98,"column":23},"end":{"line":98,"column":64}},"29":{"start":{"line":100,"column":4},"end":{"line":100,"column":40}},"30":{"start":{"line":109,"column":46},"end":{"line":119,"column":1}},"31":{"start":{"line":110,"column":4},"end":{"line":110,"column":27}},"32":{"start":{"line":111,"column":4},"end":{"line":118,"column":6}},"33":{"start":{"line":124,"column":45},"end":{"line":127,"column":1}},"34":{"start":{"line":125,"column":4},"end":{"line":125,"column":45}},"35":{"start":{"line":126,"column":4},"end":{"line":126,"column":65}}},"fnMap":{"0":{"name":"(anonymous_0)","decl":{"start":{"line":25,"column":30},"end":{"line":25,"column":31}},"loc":{"start":{"line":25,"column":42},"end":{"line":41,"column":1}},"line":25},"1":{"name":"(anonymous_1)","decl":{"start":{"line":43,"column":35},"end":{"line":43,"column":36}},"loc":{"start":{"line":43,"column":85},"end":{"line":70,"column":1}},"line":43},"2":{"name":"(anonymous_2)","decl":{"start":{"line":45,"column":31},"end":{"line":45,"column":32}},"loc":{"start":{"line":45,"column":38},"end":{"line":52,"column":5}},"line":45},"3":{"name":"(anonymous_3)","decl":{"start":{"line":72,"column":35},"end":{"line":72,"column":36}},"loc":{"start":{"line":72,"column":41},"end":{"line":80,"column":1}},"line":72},"4":{"name":"(anonymous_4)","decl":{"start":{"line":73,"column":68},"end":{"line":73,"column":69}},"loc":{"start":{"line":73,"column":86},"end":{"line":79,"column":5}},"line":73},"5":{"name":"(anonymous_5)","decl":{"start":{"line":82,"column":36},"end":{"line":82,"column":37}},"loc":{"start":{"line":82,"column":48},"end":{"line":87,"column":1}},"line":82},"6":{"name":"(anonymous_6)","decl":{"start":{"line":89,"column":41},"end":{"line":89,"column":42}},"loc":{"start":{"line":89,"column":53},"end":{"line":94,"column":1}},"line":89},"7":{"name":"(anonymous_7)","decl":{"start":{"line":96,"column":30},"end":{"line":96,"column":31}},"loc":{"start":{"line":96,"column":42},"end":{"line":101,"column":1}},"line":96},"8":{"name":"(anonymous_8)","decl":{"start":{"line":109,"column":46},"end":{"line":109,"column":47}},"loc":{"start":{"line":109,"column":58},"end":{"line":119,"column":1}},"line":109},"9":{"name":"(anonymous_9)","decl":{"start":{"line":124,"column":45},"end":{"line":124,"column":46}},"loc":{"start":{"line":124,"column":57},"end":{"line":127,"column":1}},"line":124}},"branchMap":{"0":{"loc":{"start":{"line":40,"column":21},"end":{"line":40,"column":50}},"type":"binary-expr","locations":[{"start":{"line":40,"column":21},"end":{"line":40,"column":34}},{"start":{"line":40,"column":38},"end":{"line":40,"column":50}}],"line":40},"1":{"loc":{"start":{"line":74,"column":8},"end":{"line":78,"column":9}},"type":"if","locations":[{"start":{"line":74,"column":8},"end":{"line":78,"column":9}},{"start":{"line":74,"column":8},"end":{"line":78,"column":9}}],"line":74},"2":{"loc":{"start":{"line":86,"column":11},"end":{"line":86,"column":97}},"type":"binary-expr","locations":[{"start":{"line":86,"column":11},"end":{"line":86,"column":52}},{"start":{"line":86,"column":56},"end":{"line":86,"column":97}}],"line":86}},"s":{"0":2,"1":0,"2":0,"3":0,"4":0,"5":2,"6":0,"7":0,"8":0,"9":0,"10":0,"11":0,"12":0,"13":2,"14":0,"15":0,"16":0,"17":0,"18":2,"19":2,"20":2,"21":2,"22":2,"23":0,"24":0,"25":0,"26":2,"27":1,"28":1,"29":1,"30":2,"31":0,"32":0,"33":2,"34":0,"35":0},"f":{"0":0,"1":0,"2":0,"3":0,"4":0,"5":2,"6":0,"7":1,"8":0,"9":0},"b":{"0":[0,0],"1":[0,0],"2":[2,0]},"_coverageSchema":"1a1c01bbd47fc00a2c39e90264f33305004495a9","hash":"ddc5535e015920a51f2b466c77bccdd593871574"}
,"/Users/dcalacci/code/gigbox/types.tsx": {"path":"/Users/dcalacci/code/gigbox/types.tsx","statementMap":{},"fnMap":{},"branchMap":{},"s":{},"f":{},"b":{},"_coverageSchema":"1a1c01bbd47fc00a2c39e90264f33305004495a9","hash":"57eb99619c19dc92e071139e80db7039c9fc91b7"}
,"/Users/dcalacci/code/gigbox/utils.ts": {"path":"/Users/dcalacci/code/gigbox/utils.ts","statementMap":{"0":{"start":{"line":10,"column":33},"end":{"line":24,"column":1}},"1":{"start":{"line":11,"column":4},"end":{"line":23,"column":5}},"2":{"start":{"line":12,"column":8},"end":{"line":12,"column":26}},"3":{"start":{"line":14,"column":19},"end":{"line":14,"column":45}},"4":{"start":{"line":15,"column":22},"end":{"line":15,"column":48}},"5":{"start":{"line":16,"column":22},"end":{"line":16,"column":63}},"6":{"start":{"line":17,"column":22},"end":{"line":17,"column":86}},"7":{"start":{"line":18,"column":8},"end":{"line":22,"column":9}},"8":{"start":{"line":19,"column":12},"end":{"line":19,"column":41}},"9":{"start":{"line":21,"column":12},"end":{"line":21,"column":51}},"10":{"start":{"line":26,"column":21},"end":{"line":26,"column":30}},"11":{"start":{"line":28,"column":18},"end":{"line":38,"column":1}},"12":{"start":{"line":29,"column":4},"end":{"line":31,"column":5}},"13":{"start":{"line":30,"column":8},"end":{"line":30,"column":39}},"14":{"start":{"line":32,"column":15},"end":{"line":32,"column":48}},"15":{"start":{"line":33,"column":4},"end":{"line":37,"column":5}},"16":{"start":{"line":34,"column":8},"end":{"line":34,"column":41}},"17":{"start":{"line":36,"column":8},"end":{"line":36,"column":40}},"18":{"start":{"line":40,"column":19},"end":{"line":40,"column":30}},"19":{"start":{"line":41,"column":26},"end":{"line":41,"column":42}},"20":{"start":{"line":42,"column":0},"end":{"line":42,"column":31}},"21":{"start":{"line":45,"column":17},"end":{"line":45,"column":46}},"22":{"start":{"line":46,"column":4},"end":{"line":46,"column":65}},"23":{"start":{"line":47,"column":4},"end":{"line":47,"column":18}},"24":{"start":{"line":58,"column":26},"end":{"line":58,"column":28}},"25":{"start":{"line":59,"column":4},"end":{"line":65,"column":5}},"26":{"start":{"line":59,"column":17},"end":{"line":59,"column":18}},"27":{"start":{"line":60,"column":8},"end":{"line":64,"column":10}},"28":{"start":{"line":66,"column":4},"end":{"line":66,"column":35}},"29":{"start":{"line":75,"column":26},"end":{"line":75,"column":47}},"30":{"start":{"line":76,"column":4},"end":{"line":76,"column":82}},"31":{"start":{"line":80,"column":18},"end":{"line":97,"column":1}},"32":{"start":{"line":99,"column":17},"end":{"line":99,"column":38}}},"fnMap":{"0":{"name":"(anonymous_0)","decl":{"start":{"line":10,"column":33},"end":{"line":10,"column":34}},"loc":{"start":{"line":10,"column":92},"end":{"line":24,"column":1}},"line":10},"1":{"name":"(anonymous_1)","decl":{"start":{"line":28,"column":18},"end":{"line":28,"column":19}},"loc":{"start":{"line":28,"column":24},"end":{"line":38,"column":1}},"line":28},"2":{"name":"getClient","decl":{"start":{"line":44,"column":16},"end":{"line":44,"column":25}},"loc":{"start":{"line":44,"column":48},"end":{"line":48,"column":1}},"line":44},"3":{"name":"objToQueryString","decl":{"start":{"line":57,"column":9},"end":{"line":57,"column":25}},"loc":{"start":{"line":57,"column":39},"end":{"line":67,"column":1}},"line":57},"4":{"name":"fetchWithQueryParams","decl":{"start":{"line":69,"column":16},"end":{"line":69,"column":36}},"loc":{"start":{"line":74,"column":2},"end":{"line":77,"column":1}},"line":74}},"branchMap":{"0":{"loc":{"start":{"line":11,"column":4},"end":{"line":23,"column":5}},"type":"if","locations":[{"start":{"line":11,"column":4},"end":{"line":23,"column":5}},{"start":{"line":11,"column":4},"end":{"line":23,"column":5}}],"line":11},"1":{"loc":{"start":{"line":18,"column":8},"end":{"line":22,"column":9}},"type":"if","locations":[{"start":{"line":18,"column":8},"end":{"line":22,"column":9}},{"start":{"line":18,"column":8},"end":{"line":22,"column":9}}],"line":18},"2":{"loc":{"start":{"line":29,"column":4},"end":{"line":31,"column":5}},"type":"if","locations":[{"start":{"line":29,"column":4},"end":{"line":31,"column":5}},{"start":{"line":29,"column":4},"end":{"line":31,"column":5}}],"line":29},"3":{"loc":{"start":{"line":33,"column":4},"end":{"line":37,"column":5}},"type":"if","locations":[{"start":{"line":33,"column":4},"end":{"line":37,"column":5}},{"start":{"line":33,"column":4},"end":{"line":37,"column":5}}],"line":33}},"s":{"0":3,"1":0,"2":0,"3":0,"4":0,"5":0,"6":0,"7":0,"8":0,"9":0,"10":3,"11":3,"12":3,"13":3,"14":0,"15":0,"16":0,"17":0,"18":3,"19":3,"20":3,"21":0,"22":0,"23":0,"24":1,"25":1,"26":1,"27":1,"28":1,"29":1,"30":1,"31":3,"32":3},"f":{"0":0,"1":3,"2":0,"3":1,"4":1},"b":{"0":[0,0],"1":[0,0],"2":[3,0],"3":[0,0]},"_coverageSchema":"1a1c01bbd47fc00a2c39e90264f33305004495a9","hash":"4fd6066f0d714431ebfc34d81c2fb23007c70b24"}
,"/Users/dcalacci/code/gigbox/components/Ellipsis.tsx": {"path":"/Users/dcalacci/code/gigbox/components/Ellipsis.tsx","statementMap":{"0":{"start":{"line":14,"column":49},"end":{"line":22,"column":5}},"1":{"start":{"line":25,"column":8},"end":{"line":25,"column":21}},"2":{"start":{"line":27,"column":8},"end":{"line":31,"column":10}},"3":{"start":{"line":35,"column":24},"end":{"line":35,"column":26}},"4":{"start":{"line":37,"column":8},"end":{"line":40,"column":9}},"5":{"start":{"line":37,"column":21},"end":{"line":37,"column":22}},"6":{"start":{"line":38,"column":22},"end":{"line":38,"column":63}},"7":{"start":{"line":39,"column":12},"end":{"line":39,"column":32}},"8":{"start":{"line":42,"column":8},"end":{"line":42,"column":25}},"9":{"start":{"line":46,"column":8},"end":{"line":46,"column":40}},"10":{"start":{"line":50,"column":8},"end":{"line":50,"column":53}},"11":{"start":{"line":54,"column":8},"end":{"line":54,"column":58}},"12":{"start":{"line":54,"column":51},"end":{"line":54,"column":58}},"13":{"start":{"line":57,"column":8},"end":{"line":62,"column":9}},"14":{"start":{"line":58,"column":12},"end":{"line":58,"column":26}},"15":{"start":{"line":59,"column":22},"end":{"line":59,"column":43}},"16":{"start":{"line":60,"column":12},"end":{"line":61,"column":70}},"17":{"start":{"line":64,"column":23},"end":{"line":64,"column":36}},"18":{"start":{"line":66,"column":8},"end":{"line":70,"column":57}},"19":{"start":{"line":74,"column":19},"end":{"line":79,"column":10}},"20":{"start":{"line":75,"column":12},"end":{"line":78,"column":28}},"21":{"start":{"line":81,"column":8},"end":{"line":81,"column":87}},"22":{"start":{"line":85,"column":15},"end":{"line":89,"column":2}}},"fnMap":{"0":{"name":"(anonymous_0)","decl":{"start":{"line":24,"column":4},"end":{"line":24,"column":5}},"loc":{"start":{"line":24,"column":23},"end":{"line":32,"column":5}},"line":24},"1":{"name":"(anonymous_1)","decl":{"start":{"line":34,"column":4},"end":{"line":34,"column":5}},"loc":{"start":{"line":34,"column":21},"end":{"line":43,"column":5}},"line":34},"2":{"name":"(anonymous_2)","decl":{"start":{"line":45,"column":4},"end":{"line":45,"column":5}},"loc":{"start":{"line":45,"column":24},"end":{"line":47,"column":5}},"line":45},"3":{"name":"(anonymous_3)","decl":{"start":{"line":49,"column":4},"end":{"line":49,"column":5}},"loc":{"start":{"line":49,"column":27},"end":{"line":51,"column":5}},"line":49},"4":{"name":"(anonymous_4)","decl":{"start":{"line":53,"column":4},"end":{"line":53,"column":5}},"loc":{"start":{"line":53,"column":28},"end":{"line":71,"column":5}},"line":53},"5":{"name":"(anonymous_5)","decl":{"start":{"line":73,"column":4},"end":{"line":73,"column":5}},"loc":{"start":{"line":73,"column":13},"end":{"line":82,"column":5}},"line":73},"6":{"name":"(anonymous_6)","decl":{"start":{"line":74,"column":59},"end":{"line":74,"column":60}},"loc":{"start":{"line":75,"column":12},"end":{"line":78,"column":28}},"line":75}},"branchMap":{"0":{"loc":{"start":{"line":54,"column":8},"end":{"line":54,"column":58}},"type":"if","locations":[{"start":{"line":54,"column":8},"end":{"line":54,"column":58}},{"start":{"line":54,"column":8},"end":{"line":54,"column":58}}],"line":54},"1":{"loc":{"start":{"line":57,"column":8},"end":{"line":62,"column":9}},"type":"if","locations":[{"start":{"line":57,"column":8},"end":{"line":62,"column":9}},{"start":{"line":57,"column":8},"end":{"line":62,"column":9}}],"line":57},"2":{"loc":{"start":{"line":61,"column":16},"end":{"line":61,"column":69}},"type":"cond-expr","locations":[{"start":{"line":61,"column":62},"end":{"line":61,"column":63}},{"start":{"line":61,"column":66},"end":{"line":61,"column":69}}],"line":61}},"s":{"0":2,"1":0,"2":0,"3":0,"4":0,"5":0,"6":0,"7":0,"8":0,"9":0,"10":0,"11":0,"12":0,"13":0,"14":0,"15":0,"16":0,"17":0,"18":0,"19":0,"20":0,"21":0,"22":2},"f":{"0":0,"1":0,"2":0,"3":0,"4":0,"5":0,"6":0},"b":{"0":[0,0],"1":[0,0],"2":[0,0]},"_coverageSchema":"1a1c01bbd47fc00a2c39e90264f33305004495a9","hash":"3db92cc7fab4da57d87da48580d2c78949cf879f"}
,"/Users/dcalacci/code/gigbox/components/Toggle.tsx": {"path":"/Users/dcalacci/code/gigbox/components/Toggle.tsx","statementMap":{"0":{"start":{"line":13,"column":38},"end":{"line":46,"column":1}},"1":{"start":{"line":14,"column":4},"end":{"line":45,"column":6}},"2":{"start":{"line":18,"column":20},"end":{"line":18,"column":89}},"3":{"start":{"line":19,"column":20},"end":{"line":19,"column":31}},"4":{"start":{"line":48,"column":15},"end":{"line":54,"column":2}}},"fnMap":{"0":{"name":"(anonymous_0)","decl":{"start":{"line":13,"column":38},"end":{"line":13,"column":39}},"loc":{"start":{"line":13,"column":96},"end":{"line":46,"column":1}},"line":13},"1":{"name":"(anonymous_1)","decl":{"start":{"line":17,"column":25},"end":{"line":17,"column":26}},"loc":{"start":{"line":17,"column":31},"end":{"line":20,"column":17}},"line":17}},"branchMap":{"0":{"loc":{"start":{"line":25,"column":20},"end":{"line":25,"column":59}},"type":"cond-expr","locations":[{"start":{"line":25,"column":28},"end":{"line":25,"column":52}},{"start":{"line":25,"column":55},"end":{"line":25,"column":59}}],"line":25},"1":{"loc":{"start":{"line":31,"column":24},"end":{"line":31,"column":52}},"type":"cond-expr","locations":[{"start":{"line":31,"column":32},"end":{"line":31,"column":36}},{"start":{"line":31,"column":39},"end":{"line":31,"column":52}}],"line":31},"2":{"loc":{"start":{"line":37,"column":24},"end":{"line":37,"column":52}},"type":"cond-expr","locations":[{"start":{"line":37,"column":32},"end":{"line":37,"column":45}},{"start":{"line":37,"column":48},"end":{"line":37,"column":52}}],"line":37},"3":{"loc":{"start":{"line":40,"column":27},"end":{"line":40,"column":60}},"type":"cond-expr","locations":[{"start":{"line":40,"column":35},"end":{"line":40,"column":45}},{"start":{"line":40,"column":48},"end":{"line":40,"column":60}}],"line":40}},"s":{"0":1,"1":0,"2":0,"3":0,"4":1},"f":{"0":0,"1":0},"b":{"0":[0,0],"1":[0,0],"2":[0,0],"3":[0,0]},"_coverageSchema":"1a1c01bbd47fc00a2c39e90264f33305004495a9","hash":"acbaf0c4c3faef0aab5b53e8e9dbfc3cf439a4fc"}
,"/Users/dcalacci/code/gigbox/constants/Colors.ts": {"path":"/Users/dcalacci/code/gigbox/constants/Colors.ts","statementMap":{"0":{"start":{"line":1,"column":23},"end":{"line":1,"column":32}},"1":{"start":{"line":2,"column":22},"end":{"line":2,"column":28}}},"fnMap":{},"branchMap":{},"s":{"0":1,"1":1},"f":{},"b":{},"_coverageSchema":"1a1c01bbd47fc00a2c39e90264f33305004495a9","hash":"f144cbe49c49609ce7d33b3805b3d6afaa949338"}
,"/Users/dcalacci/code/gigbox/constants/Layout.ts": {"path":"/Users/dcalacci/code/gigbox/constants/Layout.ts","statementMap":{"0":{"start":{"line":3,"column":14},"end":{"line":3,"column":44}},"1":{"start":{"line":4,"column":15},"end":{"line":4,"column":46}}},"fnMap":{},"branchMap":{},"s":{"0":0,"1":0},"f":{},"b":{}}
,"/Users/dcalacci/code/gigbox/features/EnsureLoggedIn.tsx": {"path":"/Users/dcalacci/code/gigbox/features/EnsureLoggedIn.tsx","statementMap":{"0":{"start":{"line":19,"column":30},"end":{"line":95,"column":1}},"1":{"start":{"line":20,"column":28},"end":{"line":20,"column":96}},"2":{"start":{"line":20,"column":71},"end":{"line":20,"column":95}},"3":{"start":{"line":21,"column":17},"end":{"line":21,"column":80}},"4":{"start":{"line":21,"column":64},"end":{"line":21,"column":79}},"5":{"start":{"line":22,"column":16},"end":{"line":22,"column":80}},"6":{"start":{"line":22,"column":65},"end":{"line":22,"column":79}},"7":{"start":{"line":23,"column":21},"end":{"line":23,"column":34}},"8":{"start":{"line":24,"column":21},"end":{"line":26,"column":5}},"9":{"start":{"line":25,"column":8},"end":{"line":25,"column":32}},"10":{"start":{"line":27,"column":4},"end":{"line":27,"column":60}},"11":{"start":{"line":28,"column":27},"end":{"line":40,"column":6}},"12":{"start":{"line":31,"column":12},"end":{"line":31,"column":41}},"13":{"start":{"line":32,"column":12},"end":{"line":32,"column":33}},"14":{"start":{"line":35,"column":12},"end":{"line":35,"column":59}},"15":{"start":{"line":36,"column":12},"end":{"line":36,"column":29}},"16":{"start":{"line":38,"column":23},"end":{"line":38,"column":36}},"17":{"start":{"line":42,"column":27},"end":{"line":73,"column":6}},"18":{"start":{"line":47,"column":12},"end":{"line":67,"column":13}},"19":{"start":{"line":48,"column":16},"end":{"line":48,"column":61}},"20":{"start":{"line":49,"column":16},"end":{"line":53,"column":18}},"21":{"start":{"line":54,"column":19},"end":{"line":67,"column":13}},"22":{"start":{"line":56,"column":16},"end":{"line":56,"column":71}},"23":{"start":{"line":57,"column":16},"end":{"line":57,"column":23}},"24":{"start":{"line":60,"column":16},"end":{"line":66,"column":18}},"25":{"start":{"line":70,"column":12},"end":{"line":70,"column":46}},"26":{"start":{"line":71,"column":12},"end":{"line":71,"column":93}},"27":{"start":{"line":75,"column":29},"end":{"line":83,"column":24}},"28":{"start":{"line":76,"column":8},"end":{"line":82,"column":9}},"29":{"start":{"line":77,"column":12},"end":{"line":77,"column":60}},"30":{"start":{"line":78,"column":12},"end":{"line":78,"column":54}},"31":{"start":{"line":80,"column":12},"end":{"line":80,"column":51}},"32":{"start":{"line":81,"column":12},"end":{"line":81,"column":43}},"33":{"start":{"line":85,"column":4},"end":{"line":88,"column":5}},"34":{"start":{"line":86,"column":8},"end":{"line":86,"column":55}},"35":{"start":{"line":87,"column":8},"end":{"line":87,"column":20}},"36":{"start":{"line":90,"column":4},"end":{"line":94,"column":6}}},"fnMap":{"0":{"name":"(anonymous_0)","decl":{"start":{"line":19,"column":30},"end":{"line":19,"column":31}},"loc":{"start":{"line":19,"column":75},"end":{"line":95,"column":1}},"line":19},"1":{"name":"(anonymous_1)","decl":{"start":{"line":20,"column":40},"end":{"line":20,"column":41}},"loc":{"start":{"line":20,"column":71},"end":{"line":20,"column":95}},"line":20},"2":{"name":"(anonymous_2)","decl":{"start":{"line":21,"column":29},"end":{"line":21,"column":30}},"loc":{"start":{"line":21,"column":64},"end":{"line":21,"column":79}},"line":21},"3":{"name":"(anonymous_3)","decl":{"start":{"line":22,"column":28},"end":{"line":22,"column":29}},"loc":{"start":{"line":22,"column":65},"end":{"line":22,"column":79}},"line":22},"4":{"name":"(anonymous_4)","decl":{"start":{"line":24,"column":21},"end":{"line":24,"column":22}},"loc":{"start":{"line":24,"column":33},"end":{"line":26,"column":5}},"line":24},"5":{"name":"(anonymous_5)","decl":{"start":{"line":30,"column":19},"end":{"line":30,"column":20}},"loc":{"start":{"line":30,"column":26},"end":{"line":33,"column":9}},"line":30},"6":{"name":"(anonymous_6)","decl":{"start":{"line":34,"column":17},"end":{"line":34,"column":18}},"loc":{"start":{"line":34,"column":26},"end":{"line":37,"column":9}},"line":34},"7":{"name":"(anonymous_7)","decl":{"start":{"line":38,"column":16},"end":{"line":38,"column":17}},"loc":{"start":{"line":38,"column":23},"end":{"line":38,"column":36}},"line":38},"8":{"name":"(anonymous_8)","decl":{"start":{"line":44,"column":19},"end":{"line":44,"column":20}},"loc":{"start":{"line":44,"column":44},"end":{"line":68,"column":9}},"line":44},"9":{"name":"(anonymous_9)","decl":{"start":{"line":69,"column":17},"end":{"line":69,"column":18}},"loc":{"start":{"line":69,"column":42},"end":{"line":72,"column":9}},"line":69},"10":{"name":"(anonymous_10)","decl":{"start":{"line":75,"column":41},"end":{"line":75,"column":42}},"loc":{"start":{"line":75,"column":53},"end":{"line":83,"column":5}},"line":75}},"branchMap":{"0":{"loc":{"start":{"line":47,"column":12},"end":{"line":67,"column":13}},"type":"if","locations":[{"start":{"line":47,"column":12},"end":{"line":67,"column":13}},{"start":{"line":47,"column":12},"end":{"line":67,"column":13}}],"line":47},"1":{"loc":{"start":{"line":54,"column":19},"end":{"line":67,"column":13}},"type":"if","locations":[{"start":{"line":54,"column":19},"end":{"line":67,"column":13}},{"start":{"line":54,"column":19},"end":{"line":67,"column":13}}],"line":54},"2":{"loc":{"start":{"line":54,"column":23},"end":{"line":54,"column":60}},"type":"binary-expr","locations":[{"start":{"line":54,"column":23},"end":{"line":54,"column":38}},{"start":{"line":54,"column":42},"end":{"line":54,"column":60}}],"line":54},"3":{"loc":{"start":{"line":76,"column":8},"end":{"line":82,"column":9}},"type":"if","locations":[{"start":{"line":76,"column":8},"end":{"line":82,"column":9}},{"start":{"line":76,"column":8},"end":{"line":82,"column":9}}],"line":76},"4":{"loc":{"start":{"line":76,"column":12},"end":{"line":76,"column":71}},"type":"binary-expr","locations":[{"start":{"line":76,"column":12},"end":{"line":76,"column":36}},{"start":{"line":76,"column":40},"end":{"line":76,"column":62}},{"start":{"line":76,"column":66},"end":{"line":76,"column":71}}],"line":76},"5":{"loc":{"start":{"line":85,"column":4},"end":{"line":88,"column":5}},"type":"if","locations":[{"start":{"line":85,"column":4},"end":{"line":88,"column":5}},{"start":{"line":85,"column":4},"end":{"line":88,"column":5}}],"line":85},"6":{"loc":{"start":{"line":85,"column":8},"end":{"line":85,"column":58}},"type":"binary-expr","locations":[{"start":{"line":85,"column":8},"end":{"line":85,"column":32}},{"start":{"line":85,"column":36},"end":{"line":85,"column":58}}],"line":85}},"s":{"0":1,"1":0,"2":0,"3":0,"4":0,"5":0,"6":0,"7":0,"8":0,"9":0,"10":0,"11":0,"12":0,"13":0,"14":0,"15":0,"16":0,"17":0,"18":0,"19":0,"20":0,"21":0,"22":0,"23":0,"24":0,"25":0,"26":0,"27":0,"28":0,"29":0,"30":0,"31":0,"32":0,"33":0,"34":0,"35":0,"36":0},"f":{"0":0,"1":0,"2":0,"3":0,"4":0,"5":0,"6":0,"7":0,"8":0,"9":0,"10":0},"b":{"0":[0,0],"1":[0,0],"2":[0,0],"3":[0,0],"4":[0,0,0],"5":[0,0],"6":[0,0]},"_coverageSchema":"1a1c01bbd47fc00a2c39e90264f33305004495a9","hash":"0c0f39cc492c48ea2ac53d99a86a941932e3cfd5"}
,"/Users/dcalacci/code/gigbox/features/auth/PhoneEntry.tsx": {"path":"/Users/dcalacci/code/gigbox/features/auth/PhoneEntry.tsx","statementMap":{"0":{"start":{"line":12,"column":29},"end":{"line":156,"column":1}},"1":{"start":{"line":13,"column":30},"end":{"line":13,"column":50}},"2":{"start":{"line":14,"column":42},"end":{"line":14,"column":66}},"3":{"start":{"line":15,"column":26},"end":{"line":15,"column":46}},"4":{"start":{"line":16,"column":22},"end":{"line":16,"column":85}},"5":{"start":{"line":16,"column":65},"end":{"line":16,"column":84}},"6":{"start":{"line":17,"column":21},"end":{"line":17,"column":86}},"7":{"start":{"line":17,"column":63},"end":{"line":17,"column":85}},"8":{"start":{"line":18,"column":25},"end":{"line":18,"column":88}},"9":{"start":{"line":18,"column":68},"end":{"line":18,"column":87}},"10":{"start":{"line":19,"column":24},"end":{"line":19,"column":40}},"11":{"start":{"line":20,"column":21},"end":{"line":20,"column":34}},"12":{"start":{"line":21,"column":27},"end":{"line":21,"column":85}},"13":{"start":{"line":21,"column":69},"end":{"line":21,"column":84}},"14":{"start":{"line":23,"column":16},"end":{"line":23,"column":35}},"15":{"start":{"line":25,"column":4},"end":{"line":30,"column":19}},"16":{"start":{"line":26,"column":8},"end":{"line":28,"column":33}},"17":{"start":{"line":28,"column":12},"end":{"line":28,"column":33}},"18":{"start":{"line":29,"column":8},"end":{"line":29,"column":38}},"19":{"start":{"line":33,"column":4},"end":{"line":40,"column":16}},"20":{"start":{"line":34,"column":8},"end":{"line":39,"column":9}},"21":{"start":{"line":35,"column":32},"end":{"line":35,"column":61}},"22":{"start":{"line":36,"column":12},"end":{"line":36,"column":49}},"23":{"start":{"line":38,"column":12},"end":{"line":38,"column":33}},"24":{"start":{"line":42,"column":30},"end":{"line":52,"column":5}},"25":{"start":{"line":44,"column":8},"end":{"line":44,"column":45}},"26":{"start":{"line":47,"column":8},"end":{"line":51,"column":9}},"27":{"start":{"line":48,"column":12},"end":{"line":48,"column":39}},"28":{"start":{"line":50,"column":12},"end":{"line":50,"column":28}},"29":{"start":{"line":54,"column":4},"end":{"line":54,"column":50}},"30":{"start":{"line":55,"column":4},"end":{"line":155,"column":6}},"31":{"start":{"line":80,"column":28},"end":{"line":80,"column":67}},"32":{"start":{"line":81,"column":28},"end":{"line":81,"column":83}},"33":{"start":{"line":89,"column":28},"end":{"line":89,"column":76}},"34":{"start":{"line":90,"column":28},"end":{"line":90,"column":65}},"35":{"start":{"line":97,"column":39},"end":{"line":97,"column":56}},"36":{"start":{"line":141,"column":28},"end":{"line":141,"column":67}},"37":{"start":{"line":142,"column":28},"end":{"line":142,"column":56}}},"fnMap":{"0":{"name":"(anonymous_0)","decl":{"start":{"line":12,"column":29},"end":{"line":12,"column":30}},"loc":{"start":{"line":12,"column":40},"end":{"line":156,"column":1}},"line":12},"1":{"name":"(anonymous_1)","decl":{"start":{"line":16,"column":34},"end":{"line":16,"column":35}},"loc":{"start":{"line":16,"column":65},"end":{"line":16,"column":84}},"line":16},"2":{"name":"(anonymous_2)","decl":{"start":{"line":17,"column":33},"end":{"line":17,"column":34}},"loc":{"start":{"line":17,"column":63},"end":{"line":17,"column":85}},"line":17},"3":{"name":"(anonymous_3)","decl":{"start":{"line":18,"column":37},"end":{"line":18,"column":38}},"loc":{"start":{"line":18,"column":68},"end":{"line":18,"column":87}},"line":18},"4":{"name":"(anonymous_4)","decl":{"start":{"line":21,"column":39},"end":{"line":21,"column":40}},"loc":{"start":{"line":21,"column":69},"end":{"line":21,"column":84}},"line":21},"5":{"name":"(anonymous_5)","decl":{"start":{"line":25,"column":14},"end":{"line":25,"column":15}},"loc":{"start":{"line":25,"column":20},"end":{"line":30,"column":5}},"line":25},"6":{"name":"(anonymous_6)","decl":{"start":{"line":33,"column":14},"end":{"line":33,"column":15}},"loc":{"start":{"line":33,"column":20},"end":{"line":40,"column":5}},"line":33},"7":{"name":"(anonymous_7)","decl":{"start":{"line":42,"column":30},"end":{"line":42,"column":31}},"loc":{"start":{"line":42,"column":49},"end":{"line":52,"column":5}},"line":42},"8":{"name":"(anonymous_8)","decl":{"start":{"line":79,"column":33},"end":{"line":79,"column":34}},"loc":{"start":{"line":79,"column":39},"end":{"line":82,"column":25}},"line":79},"9":{"name":"(anonymous_9)","decl":{"start":{"line":88,"column":33},"end":{"line":88,"column":34}},"loc":{"start":{"line":88,"column":39},"end":{"line":91,"column":25}},"line":88},"10":{"name":"(anonymous_10)","decl":{"start":{"line":97,"column":33},"end":{"line":97,"column":34}},"loc":{"start":{"line":97,"column":39},"end":{"line":97,"column":56}},"line":97},"11":{"name":"(anonymous_11)","decl":{"start":{"line":140,"column":33},"end":{"line":140,"column":34}},"loc":{"start":{"line":140,"column":39},"end":{"line":143,"column":25}},"line":140}},"branchMap":{"0":{"loc":{"start":{"line":26,"column":8},"end":{"line":28,"column":33}},"type":"if","locations":[{"start":{"line":26,"column":8},"end":{"line":28,"column":33}},{"start":{"line":26,"column":8},"end":{"line":28,"column":33}}],"line":26},"1":{"loc":{"start":{"line":47,"column":8},"end":{"line":51,"column":9}},"type":"if","locations":[{"start":{"line":47,"column":8},"end":{"line":51,"column":9}},{"start":{"line":47,"column":8},"end":{"line":51,"column":9}}],"line":47},"2":{"loc":{"start":{"line":57,"column":13},"end":{"line":153,"column":13}},"type":"cond-expr","locations":[{"start":{"line":58,"column":16},"end":{"line":103,"column":31}},{"start":{"line":105,"column":16},"end":{"line":152,"column":31}}],"line":57},"3":{"loc":{"start":{"line":57,"column":13},"end":{"line":57,"column":38}},"type":"binary-expr","locations":[{"start":{"line":57,"column":13},"end":{"line":57,"column":22}},{"start":{"line":57,"column":26},"end":{"line":57,"column":38}}],"line":57},"4":{"loc":{"start":{"line":68,"column":28},"end":{"line":68,"column":75}},"type":"cond-expr","locations":[{"start":{"line":68,"column":40},"end":{"line":68,"column":68}},{"start":{"line":68,"column":71},"end":{"line":68,"column":75}}],"line":68},"5":{"loc":{"start":{"line":123,"column":28},"end":{"line":123,"column":75}},"type":"cond-expr","locations":[{"start":{"line":123,"column":40},"end":{"line":123,"column":68}},{"start":{"line":123,"column":71},"end":{"line":123,"column":75}}],"line":123},"6":{"loc":{"start":{"line":137,"column":28},"end":{"line":137,"column":93}},"type":"cond-expr","locations":[{"start":{"line":137,"column":43},"end":{"line":137,"column":67}},{"start":{"line":137,"column":70},"end":{"line":137,"column":93}}],"line":137},"7":{"loc":{"start":{"line":149,"column":29},"end":{"line":149,"column":84}},"type":"cond-expr","locations":[{"start":{"line":149,"column":45},"end":{"line":149,"column":67}},{"start":{"line":149,"column":70},"end":{"line":149,"column":84}}],"line":149}},"s":{"0":2,"1":13,"2":13,"3":13,"4":13,"5":23,"6":13,"7":23,"8":13,"9":23,"10":13,"11":13,"12":13,"13":23,"14":13,"15":13,"16":4,"17":0,"18":4,"19":13,"20":8,"21":8,"22":4,"23":4,"24":13,"25":4,"26":4,"27":4,"28":0,"29":13,"30":13,"31":0,"32":0,"33":0,"34":0,"35":0,"36":1,"37":1},"f":{"0":13,"1":23,"2":23,"3":23,"4":23,"5":4,"6":8,"7":4,"8":0,"9":0,"10":0,"11":1},"b":{"0":[0,4],"1":[4,0],"2":[1,12],"3":[13,12],"4":[1,0],"5":[0,12],"6":[2,10],"7":[10,2]},"_coverageSchema":"1a1c01bbd47fc00a2c39e90264f33305004495a9","hash":"1bf59dec0c19c3066b413a369f9b382bc120aa33"}
,"/Users/dcalacci/code/gigbox/features/auth/api.ts": {"path":"/Users/dcalacci/code/gigbox/features/auth/api.ts","statementMap":{"0":{"start":{"line":15,"column":22},"end":{"line":24,"column":1}},"1":{"start":{"line":16,"column":21},"end":{"line":20,"column":5}},"2":{"start":{"line":21,"column":4},"end":{"line":21,"column":67}},"3":{"start":{"line":22,"column":17},"end":{"line":22,"column":38}},"4":{"start":{"line":23,"column":4},"end":{"line":23,"column":30}},"5":{"start":{"line":40,"column":25},"end":{"line":51,"column":1}},"6":{"start":{"line":44,"column":21},"end":{"line":48,"column":5}},"7":{"start":{"line":49,"column":17},"end":{"line":49,"column":32}},"8":{"start":{"line":50,"column":4},"end":{"line":50,"column":16}},"9":{"start":{"line":62,"column":21},"end":{"line":81,"column":1}},"10":{"start":{"line":63,"column":4},"end":{"line":70,"column":5}},"11":{"start":{"line":64,"column":8},"end":{"line":64,"column":58}},"12":{"start":{"line":65,"column":8},"end":{"line":69,"column":10}},"13":{"start":{"line":71,"column":21},"end":{"line":78,"column":5}},"14":{"start":{"line":79,"column":17},"end":{"line":79,"column":32}},"15":{"start":{"line":80,"column":4},"end":{"line":80,"column":16}}},"fnMap":{"0":{"name":"(anonymous_0)","decl":{"start":{"line":15,"column":22},"end":{"line":15,"column":23}},"loc":{"start":{"line":15,"column":69},"end":{"line":24,"column":1}},"line":15},"1":{"name":"(anonymous_1)","decl":{"start":{"line":40,"column":25},"end":{"line":40,"column":26}},"loc":{"start":{"line":43,"column":47},"end":{"line":51,"column":1}},"line":43},"2":{"name":"(anonymous_2)","decl":{"start":{"line":62,"column":21},"end":{"line":62,"column":22}},"loc":{"start":{"line":62,"column":75},"end":{"line":81,"column":1}},"line":62}},"branchMap":{"0":{"loc":{"start":{"line":63,"column":4},"end":{"line":70,"column":5}},"type":"if","locations":[{"start":{"line":63,"column":4},"end":{"line":70,"column":5}},{"start":{"line":63,"column":4},"end":{"line":70,"column":5}}],"line":63}},"s":{"0":3,"1":1,"2":1,"3":1,"4":1,"5":3,"6":0,"7":0,"8":0,"9":3,"10":0,"11":0,"12":0,"13":0,"14":0,"15":0},"f":{"0":1,"1":0,"2":0},"b":{"0":[0,0]},"_coverageSchema":"1a1c01bbd47fc00a2c39e90264f33305004495a9","hash":"4e1e54666655a14e01019b337a27ee3fcba8a953"}
,"/Users/dcalacci/code/gigbox/features/auth/authSlice.ts": {"path":"/Users/dcalacci/code/gigbox/features/auth/authSlice.ts","statementMap":{"0":{"start":{"line":20,"column":32},"end":{"line":32,"column":1}},"1":{"start":{"line":34,"column":18},"end":{"line":80,"column":2}},"2":{"start":{"line":38,"column":26},"end":{"line":38,"column":38}},"3":{"start":{"line":40,"column":12},"end":{"line":40,"column":45}},"4":{"start":{"line":43,"column":12},"end":{"line":43,"column":40}},"5":{"start":{"line":46,"column":12},"end":{"line":46,"column":46}},"6":{"start":{"line":49,"column":12},"end":{"line":49,"column":47}},"7":{"start":{"line":52,"column":12},"end":{"line":52,"column":66}},"8":{"start":{"line":53,"column":12},"end":{"line":56,"column":42}},"9":{"start":{"line":57,"column":12},"end":{"line":57,"column":80}},"10":{"start":{"line":58,"column":12},"end":{"line":58,"column":90}},"11":{"start":{"line":62,"column":8},"end":{"line":78,"column":15}},"12":{"start":{"line":64,"column":16},"end":{"line":70,"column":17}},"13":{"start":{"line":65,"column":20},"end":{"line":65,"column":53}},"14":{"start":{"line":66,"column":20},"end":{"line":66,"column":47}},"15":{"start":{"line":67,"column":20},"end":{"line":67,"column":58}},"16":{"start":{"line":68,"column":20},"end":{"line":68,"column":44}},"17":{"start":{"line":69,"column":20},"end":{"line":69,"column":62}},"18":{"start":{"line":73,"column":16},"end":{"line":73,"column":39}},"19":{"start":{"line":76,"column":16},"end":{"line":76,"column":65}},"20":{"start":{"line":77,"column":16},"end":{"line":77,"column":40}},"21":{"start":{"line":89,"column":4},"end":{"line":89,"column":21}}},"fnMap":{"0":{"name":"(anonymous_0)","decl":{"start":{"line":38,"column":15},"end":{"line":38,"column":16}},"loc":{"start":{"line":38,"column":26},"end":{"line":38,"column":38}},"line":38},"1":{"name":"(anonymous_1)","decl":{"start":{"line":39,"column":22},"end":{"line":39,"column":23}},"loc":{"start":{"line":39,"column":41},"end":{"line":41,"column":9}},"line":39},"2":{"name":"(anonymous_2)","decl":{"start":{"line":42,"column":17},"end":{"line":42,"column":18}},"loc":{"start":{"line":42,"column":36},"end":{"line":44,"column":9}},"line":42},"3":{"name":"(anonymous_3)","decl":{"start":{"line":45,"column":8},"end":{"line":45,"column":9}},"loc":{"start":{"line":45,"column":40},"end":{"line":47,"column":9}},"line":45},"4":{"name":"(anonymous_4)","decl":{"start":{"line":48,"column":8},"end":{"line":48,"column":9}},"loc":{"start":{"line":48,"column":39},"end":{"line":50,"column":9}},"line":48},"5":{"name":"(anonymous_5)","decl":{"start":{"line":51,"column":8},"end":{"line":51,"column":9}},"loc":{"start":{"line":51,"column":35},"end":{"line":59,"column":9}},"line":51},"6":{"name":"(anonymous_6)","decl":{"start":{"line":61,"column":19},"end":{"line":61,"column":20}},"loc":{"start":{"line":61,"column":32},"end":{"line":79,"column":5}},"line":61},"7":{"name":"(anonymous_7)","decl":{"start":{"line":63,"column":45},"end":{"line":63,"column":46}},"loc":{"start":{"line":63,"column":69},"end":{"line":71,"column":13}},"line":63},"8":{"name":"(anonymous_8)","decl":{"start":{"line":72,"column":43},"end":{"line":72,"column":44}},"loc":{"start":{"line":72,"column":62},"end":{"line":74,"column":13}},"line":72},"9":{"name":"(anonymous_9)","decl":{"start":{"line":75,"column":44},"end":{"line":75,"column":45}},"loc":{"start":{"line":75,"column":68},"end":{"line":78,"column":13}},"line":75}},"branchMap":{"0":{"loc":{"start":{"line":54,"column":16},"end":{"line":56,"column":41}},"type":"cond-expr","locations":[{"start":{"line":55,"column":22},"end":{"line":55,"column":50}},{"start":{"line":56,"column":22},"end":{"line":56,"column":41}}],"line":54},"1":{"loc":{"start":{"line":57,"column":25},"end":{"line":57,"column":79}},"type":"cond-expr","locations":[{"start":{"line":57,"column":47},"end":{"line":57,"column":66}},{"start":{"line":57,"column":69},"end":{"line":57,"column":79}}],"line":57},"2":{"loc":{"start":{"line":58,"column":27},"end":{"line":58,"column":89}},"type":"cond-expr","locations":[{"start":{"line":58,"column":52},"end":{"line":58,"column":74}},{"start":{"line":58,"column":77},"end":{"line":58,"column":89}}],"line":58},"3":{"loc":{"start":{"line":64,"column":16},"end":{"line":70,"column":17}},"type":"if","locations":[{"start":{"line":64,"column":16},"end":{"line":70,"column":17}},{"start":{"line":64,"column":16},"end":{"line":70,"column":17}}],"line":64}},"s":{"0":3,"1":3,"2":0,"3":0,"4":0,"5":0,"6":0,"7":0,"8":0,"9":0,"10":0,"11":3,"12":0,"13":0,"14":0,"15":0,"16":0,"17":0,"18":0,"19":0,"20":0,"21":3},"f":{"0":0,"1":0,"2":0,"3":0,"4":0,"5":0,"6":3,"7":0,"8":0,"9":0},"b":{"0":[0,0],"1":[0,0],"2":[0,0],"3":[0,0]},"_coverageSchema":"1a1c01bbd47fc00a2c39e90264f33305004495a9","hash":"403e677f5ec10e3349618f6aefe9c21a7e06562c"}
,"/Users/dcalacci/code/gigbox/features/auth/otpSlice.ts": {"path":"/Users/dcalacci/code/gigbox/features/auth/otpSlice.ts","statementMap":{"0":{"start":{"line":17,"column":26},"end":{"line":27,"column":1}},"1":{"start":{"line":20,"column":21},"end":{"line":20,"column":40}},"2":{"start":{"line":21,"column":8},"end":{"line":21,"column":44}},"3":{"start":{"line":22,"column":8},"end":{"line":24,"column":9}},"4":{"start":{"line":23,"column":12},"end":{"line":23,"column":50}},"5":{"start":{"line":25,"column":8},"end":{"line":25,"column":20}},"6":{"start":{"line":29,"column":28},"end":{"line":38,"column":1}},"7":{"start":{"line":32,"column":25},"end":{"line":32,"column":52}},"8":{"start":{"line":33,"column":8},"end":{"line":35,"column":9}},"9":{"start":{"line":34,"column":12},"end":{"line":34,"column":54}},"10":{"start":{"line":36,"column":8},"end":{"line":36,"column":24}},"11":{"start":{"line":40,"column":31},"end":{"line":46,"column":1}},"12":{"start":{"line":48,"column":17},"end":{"line":86,"column":2}},"13":{"start":{"line":52,"column":26},"end":{"line":52,"column":38}},"14":{"start":{"line":54,"column":12},"end":{"line":54,"column":36}},"15":{"start":{"line":58,"column":8},"end":{"line":84,"column":15}},"16":{"start":{"line":60,"column":16},"end":{"line":60,"column":69}},"17":{"start":{"line":61,"column":16},"end":{"line":61,"column":39}},"18":{"start":{"line":62,"column":16},"end":{"line":62,"column":51}},"19":{"start":{"line":65,"column":16},"end":{"line":65,"column":55}},"20":{"start":{"line":66,"column":16},"end":{"line":72,"column":17}},"21":{"start":{"line":68,"column":20},"end":{"line":68,"column":64}},"22":{"start":{"line":70,"column":20},"end":{"line":71,"column":87}},"23":{"start":{"line":75,"column":16},"end":{"line":75,"column":39}},"24":{"start":{"line":78,"column":16},"end":{"line":78,"column":74}},"25":{"start":{"line":79,"column":16},"end":{"line":79,"column":60}},"26":{"start":{"line":82,"column":16},"end":{"line":82,"column":65}},"27":{"start":{"line":83,"column":16},"end":{"line":83,"column":60}},"28":{"start":{"line":88,"column":44},"end":{"line":88,"column":60}}},"fnMap":{"0":{"name":"(anonymous_0)","decl":{"start":{"line":19,"column":4},"end":{"line":19,"column":5}},"loc":{"start":{"line":19,"column":66},"end":{"line":26,"column":5}},"line":19},"1":{"name":"(anonymous_1)","decl":{"start":{"line":31,"column":4},"end":{"line":31,"column":5}},"loc":{"start":{"line":31,"column":62},"end":{"line":37,"column":5}},"line":31},"2":{"name":"(anonymous_2)","decl":{"start":{"line":52,"column":15},"end":{"line":52,"column":16}},"loc":{"start":{"line":52,"column":26},"end":{"line":52,"column":38}},"line":52},"3":{"name":"(anonymous_3)","decl":{"start":{"line":53,"column":8},"end":{"line":53,"column":9}},"loc":{"start":{"line":53,"column":33},"end":{"line":55,"column":9}},"line":53},"4":{"name":"(anonymous_4)","decl":{"start":{"line":57,"column":19},"end":{"line":57,"column":20}},"loc":{"start":{"line":57,"column":32},"end":{"line":85,"column":5}},"line":57},"5":{"name":"(anonymous_5)","decl":{"start":{"line":59,"column":43},"end":{"line":59,"column":44}},"loc":{"start":{"line":59,"column":62},"end":{"line":63,"column":13}},"line":59},"6":{"name":"(anonymous_6)","decl":{"start":{"line":64,"column":42},"end":{"line":64,"column":43}},"loc":{"start":{"line":64,"column":66},"end":{"line":73,"column":13}},"line":64},"7":{"name":"(anonymous_7)","decl":{"start":{"line":74,"column":43},"end":{"line":74,"column":44}},"loc":{"start":{"line":74,"column":62},"end":{"line":76,"column":13}},"line":74},"8":{"name":"(anonymous_8)","decl":{"start":{"line":77,"column":45},"end":{"line":77,"column":46}},"loc":{"start":{"line":77,"column":64},"end":{"line":80,"column":13}},"line":77},"9":{"name":"(anonymous_9)","decl":{"start":{"line":81,"column":44},"end":{"line":81,"column":45}},"loc":{"start":{"line":81,"column":68},"end":{"line":84,"column":13}},"line":81}},"branchMap":{"0":{"loc":{"start":{"line":22,"column":8},"end":{"line":24,"column":9}},"type":"if","locations":[{"start":{"line":22,"column":8},"end":{"line":24,"column":9}},{"start":{"line":22,"column":8},"end":{"line":24,"column":9}}],"line":22},"1":{"loc":{"start":{"line":33,"column":8},"end":{"line":35,"column":9}},"type":"if","locations":[{"start":{"line":33,"column":8},"end":{"line":35,"column":9}},{"start":{"line":33,"column":8},"end":{"line":35,"column":9}}],"line":33},"2":{"loc":{"start":{"line":66,"column":16},"end":{"line":72,"column":17}},"type":"if","locations":[{"start":{"line":66,"column":16},"end":{"line":72,"column":17}},{"start":{"line":66,"column":16},"end":{"line":72,"column":17}}],"line":66}},"s":{"0":3,"1":1,"2":1,"3":1,"4":0,"5":1,"6":3,"7":0,"8":0,"9":0,"10":0,"11":3,"12":3,"13":0,"14":4,"15":3,"16":1,"17":1,"18":1,"19":0,"20":0,"21":0,"22":0,"23":0,"24":0,"25":0,"26":0,"27":0,"28":3},"f":{"0":1,"1":0,"2":0,"3":4,"4":3,"5":1,"6":0,"7":0,"8":0,"9":0},"b":{"0":[0,1],"1":[0,0],"2":[0,0]},"_coverageSchema":"1a1c01bbd47fc00a2c39e90264f33305004495a9","hash":"6fcafd9907500debf86c69bc550c468729e3b617"}
,"/Users/dcalacci/code/gigbox/features/clock/EmployerSelector.tsx": {"path":"/Users/dcalacci/code/gigbox/features/clock/EmployerSelector.tsx","statementMap":{"0":{"start":{"line":11,"column":27},"end":{"line":58,"column":1}},"1":{"start":{"line":24,"column":36},"end":{"line":24,"column":60}},"2":{"start":{"line":25,"column":4},"end":{"line":31,"column":28}},"3":{"start":{"line":26,"column":8},"end":{"line":30,"column":9}},"4":{"start":{"line":27,"column":12},"end":{"line":27,"column":30}},"5":{"start":{"line":29,"column":12},"end":{"line":29,"column":31}},"6":{"start":{"line":32,"column":20},"end":{"line":32,"column":62}},"7":{"start":{"line":33,"column":21},"end":{"line":33,"column":63}},"8":{"start":{"line":34,"column":4},"end":{"line":57,"column":6}},"9":{"start":{"line":37,"column":16},"end":{"line":37,"column":50}},"10":{"start":{"line":38,"column":16},"end":{"line":38,"column":39}},"11":{"start":{"line":60,"column":22},"end":{"line":144,"column":1}},"12":{"start":{"line":71,"column":54},"end":{"line":71,"column":79}},"13":{"start":{"line":73,"column":28},"end":{"line":76,"column":5}},"14":{"start":{"line":74,"column":8},"end":{"line":74,"column":77}},"15":{"start":{"line":75,"column":8},"end":{"line":75,"column":48}},"16":{"start":{"line":79,"column":36},"end":{"line":94,"column":5}},"17":{"start":{"line":81,"column":8},"end":{"line":93,"column":9}},"18":{"start":{"line":82,"column":12},"end":{"line":82,"column":38}},"19":{"start":{"line":83,"column":15},"end":{"line":93,"column":9}},"20":{"start":{"line":84,"column":12},"end":{"line":84,"column":37}},"21":{"start":{"line":86,"column":15},"end":{"line":93,"column":9}},"22":{"start":{"line":87,"column":33},"end":{"line":87,"column":78}},"23":{"start":{"line":87,"column":68},"end":{"line":87,"column":77}},"24":{"start":{"line":88,"column":12},"end":{"line":88,"column":66}},"25":{"start":{"line":89,"column":12},"end":{"line":89,"column":47}},"26":{"start":{"line":90,"column":15},"end":{"line":93,"column":9}},"27":{"start":{"line":91,"column":12},"end":{"line":91,"column":46}},"28":{"start":{"line":92,"column":12},"end":{"line":92,"column":60}},"29":{"start":{"line":96,"column":22},"end":{"line":104,"column":11}},"30":{"start":{"line":105,"column":4},"end":{"line":143,"column":6}},"31":{"start":{"line":117,"column":24},"end":{"line":122,"column":39}},"32":{"start":{"line":125,"column":39},"end":{"line":125,"column":56}},"33":{"start":{"line":146,"column":15},"end":{"line":151,"column":2}}},"fnMap":{"0":{"name":"(anonymous_0)","decl":{"start":{"line":11,"column":27},"end":{"line":11,"column":28}},"loc":{"start":{"line":23,"column":6},"end":{"line":58,"column":1}},"line":23},"1":{"name":"(anonymous_1)","decl":{"start":{"line":25,"column":14},"end":{"line":25,"column":15}},"loc":{"start":{"line":25,"column":20},"end":{"line":31,"column":5}},"line":25},"2":{"name":"(anonymous_2)","decl":{"start":{"line":36,"column":21},"end":{"line":36,"column":22}},"loc":{"start":{"line":36,"column":27},"end":{"line":39,"column":13}},"line":36},"3":{"name":"(anonymous_3)","decl":{"start":{"line":60,"column":22},"end":{"line":60,"column":23}},"loc":{"start":{"line":70,"column":6},"end":{"line":144,"column":1}},"line":70},"4":{"name":"(anonymous_4)","decl":{"start":{"line":73,"column":28},"end":{"line":73,"column":29}},"loc":{"start":{"line":73,"column":34},"end":{"line":76,"column":5}},"line":73},"5":{"name":"(anonymous_5)","decl":{"start":{"line":79,"column":36},"end":{"line":79,"column":37}},"loc":{"start":{"line":79,"column":79},"end":{"line":94,"column":5}},"line":79},"6":{"name":"(anonymous_6)","decl":{"start":{"line":87,"column":58},"end":{"line":87,"column":59}},"loc":{"start":{"line":87,"column":68},"end":{"line":87,"column":77}},"line":87},"7":{"name":"(anonymous_7)","decl":{"start":{"line":116,"column":35},"end":{"line":116,"column":36}},"loc":{"start":{"line":117,"column":24},"end":{"line":122,"column":39}},"line":117},"8":{"name":"(anonymous_8)","decl":{"start":{"line":125,"column":33},"end":{"line":125,"column":34}},"loc":{"start":{"line":125,"column":39},"end":{"line":125,"column":56}},"line":125}},"branchMap":{"0":{"loc":{"start":{"line":26,"column":8},"end":{"line":30,"column":9}},"type":"if","locations":[{"start":{"line":26,"column":8},"end":{"line":30,"column":9}},{"start":{"line":26,"column":8},"end":{"line":30,"column":9}}],"line":26},"1":{"loc":{"start":{"line":32,"column":20},"end":{"line":32,"column":62}},"type":"cond-expr","locations":[{"start":{"line":32,"column":27},"end":{"line":32,"column":48}},{"start":{"line":32,"column":51},"end":{"line":32,"column":62}}],"line":32},"2":{"loc":{"start":{"line":33,"column":21},"end":{"line":33,"column":63}},"type":"cond-expr","locations":[{"start":{"line":33,"column":41},"end":{"line":33,"column":50}},{"start":{"line":33,"column":53},"end":{"line":33,"column":63}}],"line":33},"3":{"loc":{"start":{"line":33,"column":21},"end":{"line":33,"column":38}},"type":"binary-expr","locations":[{"start":{"line":33,"column":21},"end":{"line":33,"column":25}},{"start":{"line":33,"column":29},"end":{"line":33,"column":38}}],"line":33},"4":{"loc":{"start":{"line":44,"column":16},"end":{"line":44,"column":58}},"type":"cond-expr","locations":[{"start":{"line":44,"column":27},"end":{"line":44,"column":51}},{"start":{"line":44,"column":54},"end":{"line":44,"column":58}}],"line":44},"5":{"loc":{"start":{"line":51,"column":20},"end":{"line":51,"column":60}},"type":"cond-expr","locations":[{"start":{"line":51,"column":31},"end":{"line":51,"column":53}},{"start":{"line":51,"column":56},"end":{"line":51,"column":60}}],"line":51},"6":{"loc":{"start":{"line":54,"column":17},"end":{"line":54,"column":52}},"type":"cond-expr","locations":[{"start":{"line":54,"column":28},"end":{"line":54,"column":46}},{"start":{"line":54,"column":49},"end":{"line":54,"column":52}}],"line":54},"7":{"loc":{"start":{"line":64,"column":4},"end":{"line":64,"column":24}},"type":"default-arg","locations":[{"start":{"line":64,"column":19},"end":{"line":64,"column":24}}],"line":64},"8":{"loc":{"start":{"line":81,"column":8},"end":{"line":93,"column":9}},"type":"if","locations":[{"start":{"line":81,"column":8},"end":{"line":93,"column":9}},{"start":{"line":81,"column":8},"end":{"line":93,"column":9}}],"line":81},"9":{"loc":{"start":{"line":81,"column":12},"end":{"line":81,"column":36}},"type":"binary-expr","locations":[{"start":{"line":81,"column":12},"end":{"line":81,"column":20}},{"start":{"line":81,"column":24},"end":{"line":81,"column":36}}],"line":81},"10":{"loc":{"start":{"line":83,"column":15},"end":{"line":93,"column":9}},"type":"if","locations":[{"start":{"line":83,"column":15},"end":{"line":93,"column":9}},{"start":{"line":83,"column":15},"end":{"line":93,"column":9}}],"line":83},"11":{"loc":{"start":{"line":83,"column":19},"end":{"line":83,"column":44}},"type":"binary-expr","locations":[{"start":{"line":83,"column":19},"end":{"line":83,"column":28}},{"start":{"line":83,"column":32},"end":{"line":83,"column":44}}],"line":83},"12":{"loc":{"start":{"line":86,"column":15},"end":{"line":93,"column":9}},"type":"if","locations":[{"start":{"line":86,"column":15},"end":{"line":93,"column":9}},{"start":{"line":86,"column":15},"end":{"line":93,"column":9}}],"line":86},"13":{"loc":{"start":{"line":86,"column":19},"end":{"line":86,"column":61}},"type":"binary-expr","locations":[{"start":{"line":86,"column":19},"end":{"line":86,"column":28}},{"start":{"line":86,"column":32},"end":{"line":86,"column":61}}],"line":86},"14":{"loc":{"start":{"line":90,"column":15},"end":{"line":93,"column":9}},"type":"if","locations":[{"start":{"line":90,"column":15},"end":{"line":93,"column":9}},{"start":{"line":90,"column":15},"end":{"line":93,"column":9}}],"line":90},"15":{"loc":{"start":{"line":90,"column":19},"end":{"line":90,"column":61}},"type":"binary-expr","locations":[{"start":{"line":90,"column":19},"end":{"line":90,"column":27}},{"start":{"line":90,"column":31},"end":{"line":90,"column":61}}],"line":90},"16":{"loc":{"start":{"line":96,"column":22},"end":{"line":104,"column":11}},"type":"cond-expr","locations":[{"start":{"line":97,"column":10},"end":{"line":97,"column":28}},{"start":{"line":98,"column":10},"end":{"line":104,"column":11}}],"line":96},"17":{"loc":{"start":{"line":112,"column":13},"end":{"line":141,"column":13}},"type":"cond-expr","locations":[{"start":{"line":113,"column":16},"end":{"line":113,"column":68}},{"start":{"line":115,"column":16},"end":{"line":140,"column":19}}],"line":112},"18":{"loc":{"start":{"line":112,"column":13},"end":{"line":112,"column":73}},"type":"binary-expr","locations":[{"start":{"line":112,"column":13},"end":{"line":112,"column":42}},{"start":{"line":112,"column":46},"end":{"line":112,"column":73}}],"line":112}},"s":{"0":1,"1":0,"2":0,"3":0,"4":0,"5":0,"6":0,"7":0,"8":0,"9":0,"10":0,"11":1,"12":0,"13":0,"14":0,"15":0,"16":0,"17":0,"18":0,"19":0,"20":0,"21":0,"22":0,"23":0,"24":0,"25":0,"26":0,"27":0,"28":0,"29":0,"30":0,"31":0,"32":0,"33":1},"f":{"0":0,"1":0,"2":0,"3":0,"4":0,"5":0,"6":0,"7":0,"8":0},"b":{"0":[0,0],"1":[0,0],"2":[0,0],"3":[0,0],"4":[0,0],"5":[0,0],"6":[0,0],"7":[0],"8":[0,0],"9":[0,0],"10":[0,0],"11":[0,0],"12":[0,0],"13":[0,0],"14":[0,0],"15":[0,0],"16":[0,0],"17":[0,0],"18":[0,0]},"_coverageSchema":"1a1c01bbd47fc00a2c39e90264f33305004495a9","hash":"ac4712e2d29dcb8875a7a813be1d307ea57a2c0a"}
,"/Users/dcalacci/code/gigbox/features/clock/TrackingBar.tsx": {"path":"/Users/dcalacci/code/gigbox/features/clock/TrackingBar.tsx","statementMap":{"0":{"start":{"line":32,"column":24},"end":{"line":32,"column":40}},"1":{"start":{"line":33,"column":17},"end":{"line":33,"column":73}},"2":{"start":{"line":33,"column":62},"end":{"line":33,"column":72}},"3":{"start":{"line":34,"column":24},"end":{"line":49,"column":6}},"4":{"start":{"line":47,"column":12},"end":{"line":47,"column":47}},"5":{"start":{"line":50,"column":27},"end":{"line":84,"column":6}},"6":{"start":{"line":52,"column":12},"end":{"line":52,"column":57}},"7":{"start":{"line":54,"column":12},"end":{"line":54,"column":59}},"8":{"start":{"line":56,"column":12},"end":{"line":56,"column":52}},"9":{"start":{"line":57,"column":12},"end":{"line":57,"column":43}},"10":{"start":{"line":58,"column":12},"end":{"line":58,"column":73}},"11":{"start":{"line":63,"column":34},"end":{"line":63,"column":73}},"12":{"start":{"line":64,"column":12},"end":{"line":64,"column":55}},"13":{"start":{"line":65,"column":12},"end":{"line":67,"column":16}},"14":{"start":{"line":65,"column":59},"end":{"line":67,"column":13}},"15":{"start":{"line":68,"column":12},"end":{"line":68,"column":37}},"16":{"start":{"line":71,"column":12},"end":{"line":71,"column":57}},"17":{"start":{"line":72,"column":12},"end":{"line":72,"column":54}},"18":{"start":{"line":73,"column":12},"end":{"line":73,"column":34}},"19":{"start":{"line":74,"column":12},"end":{"line":74,"column":66}},"20":{"start":{"line":74,"column":43},"end":{"line":74,"column":64}},"21":{"start":{"line":78,"column":12},"end":{"line":82,"column":13}},"22":{"start":{"line":79,"column":28},"end":{"line":79,"column":65}},"23":{"start":{"line":80,"column":16},"end":{"line":80,"column":64}},"24":{"start":{"line":86,"column":30},"end":{"line":110,"column":6}},"25":{"start":{"line":88,"column":12},"end":{"line":88,"column":57}},"26":{"start":{"line":89,"column":12},"end":{"line":89,"column":52}},"27":{"start":{"line":90,"column":12},"end":{"line":90,"column":49}},"28":{"start":{"line":94,"column":12},"end":{"line":94,"column":59}},"29":{"start":{"line":95,"column":34},"end":{"line":95,"column":73}},"30":{"start":{"line":96,"column":12},"end":{"line":96,"column":65}},"31":{"start":{"line":97,"column":12},"end":{"line":99,"column":16}},"32":{"start":{"line":97,"column":59},"end":{"line":99,"column":13}},"33":{"start":{"line":100,"column":12},"end":{"line":100,"column":37}},"34":{"start":{"line":103,"column":12},"end":{"line":103,"column":68}},"35":{"start":{"line":104,"column":12},"end":{"line":104,"column":75}},"36":{"start":{"line":105,"column":12},"end":{"line":105,"column":61}},"37":{"start":{"line":108,"column":12},"end":{"line":108,"column":57}},"38":{"start":{"line":112,"column":4},"end":{"line":114,"column":5}},"39":{"start":{"line":113,"column":8},"end":{"line":113,"column":44}},"40":{"start":{"line":115,"column":4},"end":{"line":118,"column":5}},"41":{"start":{"line":116,"column":8},"end":{"line":116,"column":62}},"42":{"start":{"line":117,"column":8},"end":{"line":117,"column":67}},"43":{"start":{"line":120,"column":42},"end":{"line":120,"column":83}},"44":{"start":{"line":124,"column":4},"end":{"line":136,"column":7}},"45":{"start":{"line":125,"column":8},"end":{"line":135,"column":9}},"46":{"start":{"line":126,"column":27},"end":{"line":130,"column":19}},"47":{"start":{"line":127,"column":36},"end":{"line":127,"column":62}},"48":{"start":{"line":129,"column":16},"end":{"line":129,"column":63}},"49":{"start":{"line":131,"column":12},"end":{"line":131,"column":49}},"50":{"start":{"line":131,"column":25},"end":{"line":131,"column":48}},"51":{"start":{"line":134,"column":12},"end":{"line":134,"column":52}},"52":{"start":{"line":138,"column":26},"end":{"line":160,"column":5}},"53":{"start":{"line":139,"column":8},"end":{"line":139,"column":77}},"54":{"start":{"line":140,"column":8},"end":{"line":159,"column":9}},"55":{"start":{"line":141,"column":12},"end":{"line":148,"column":14}},"56":{"start":{"line":143,"column":16},"end":{"line":143,"column":43}},"57":{"start":{"line":145,"column":16},"end":{"line":145,"column":61}},"58":{"start":{"line":146,"column":16},"end":{"line":146,"column":30}},"59":{"start":{"line":147,"column":16},"end":{"line":147,"column":74}},"60":{"start":{"line":150,"column":12},"end":{"line":158,"column":14}},"61":{"start":{"line":152,"column":16},"end":{"line":152,"column":64}},"62":{"start":{"line":153,"column":16},"end":{"line":153,"column":63}},"63":{"start":{"line":154,"column":16},"end":{"line":154,"column":59}},"64":{"start":{"line":156,"column":16},"end":{"line":156,"column":93}},"65":{"start":{"line":157,"column":16},"end":{"line":157,"column":68}},"66":{"start":{"line":162,"column":4},"end":{"line":276,"column":5}},"67":{"start":{"line":163,"column":22},"end":{"line":163,"column":38}},"68":{"start":{"line":164,"column":26},"end":{"line":164,"column":96}},"69":{"start":{"line":165,"column":23},"end":{"line":165,"column":98}},"70":{"start":{"line":167,"column":29},"end":{"line":182,"column":10}},"71":{"start":{"line":169,"column":16},"end":{"line":169,"column":65}},"72":{"start":{"line":170,"column":16},"end":{"line":170,"column":61}},"73":{"start":{"line":173,"column":16},"end":{"line":173,"column":56}},"74":{"start":{"line":176,"column":16},"end":{"line":176,"column":84}},"75":{"start":{"line":177,"column":38},"end":{"line":177,"column":77}},"76":{"start":{"line":178,"column":16},"end":{"line":178,"column":63}},"77":{"start":{"line":179,"column":33},"end":{"line":179,"column":80}},"78":{"start":{"line":180,"column":16},"end":{"line":180,"column":66}},"79":{"start":{"line":184,"column":37},"end":{"line":189,"column":9}},"80":{"start":{"line":185,"column":12},"end":{"line":188,"column":15}},"81":{"start":{"line":191,"column":52},"end":{"line":191,"column":76}},"82":{"start":{"line":192,"column":58},"end":{"line":192,"column":82}},"83":{"start":{"line":194,"column":8},"end":{"line":249,"column":10}},"84":{"start":{"line":204,"column":31},"end":{"line":204,"column":55}},"85":{"start":{"line":238,"column":43},"end":{"line":238,"column":70}},"86":{"start":{"line":251,"column":8},"end":{"line":275,"column":10}},"87":{"start":{"line":267,"column":40},"end":{"line":267,"column":73}},"88":{"start":{"line":279,"column":15},"end":{"line":303,"column":2}}},"fnMap":{"0":{"name":"TrackingBar","decl":{"start":{"line":31,"column":24},"end":{"line":31,"column":35}},"loc":{"start":{"line":31,"column":38},"end":{"line":277,"column":1}},"line":31},"1":{"name":"(anonymous_1)","decl":{"start":{"line":33,"column":29},"end":{"line":33,"column":30}},"loc":{"start":{"line":33,"column":62},"end":{"line":33,"column":72}},"line":33},"2":{"name":"(anonymous_2)","decl":{"start":{"line":46,"column":17},"end":{"line":46,"column":18}},"loc":{"start":{"line":46,"column":26},"end":{"line":48,"column":9}},"line":46},"3":{"name":"(anonymous_3)","decl":{"start":{"line":51,"column":19},"end":{"line":51,"column":20}},"loc":{"start":{"line":51,"column":55},"end":{"line":59,"column":9}},"line":51},"4":{"name":"(anonymous_4)","decl":{"start":{"line":61,"column":18},"end":{"line":61,"column":19}},"loc":{"start":{"line":61,"column":34},"end":{"line":69,"column":9}},"line":61},"5":{"name":"(anonymous_5)","decl":{"start":{"line":65,"column":52},"end":{"line":65,"column":53}},"loc":{"start":{"line":65,"column":59},"end":{"line":67,"column":13}},"line":65},"6":{"name":"(anonymous_6)","decl":{"start":{"line":70,"column":17},"end":{"line":70,"column":18}},"loc":{"start":{"line":70,"column":45},"end":{"line":75,"column":9}},"line":70},"7":{"name":"(anonymous_7)","decl":{"start":{"line":74,"column":36},"end":{"line":74,"column":37}},"loc":{"start":{"line":74,"column":43},"end":{"line":74,"column":64}},"line":74},"8":{"name":"(anonymous_8)","decl":{"start":{"line":76,"column":19},"end":{"line":76,"column":20}},"loc":{"start":{"line":76,"column":39},"end":{"line":83,"column":9}},"line":76},"9":{"name":"(anonymous_9)","decl":{"start":{"line":87,"column":19},"end":{"line":87,"column":20}},"loc":{"start":{"line":87,"column":49},"end":{"line":91,"column":9}},"line":87},"10":{"name":"(anonymous_10)","decl":{"start":{"line":93,"column":18},"end":{"line":93,"column":19}},"loc":{"start":{"line":93,"column":34},"end":{"line":101,"column":9}},"line":93},"11":{"name":"(anonymous_11)","decl":{"start":{"line":97,"column":52},"end":{"line":97,"column":53}},"loc":{"start":{"line":97,"column":59},"end":{"line":99,"column":13}},"line":97},"12":{"name":"(anonymous_12)","decl":{"start":{"line":102,"column":17},"end":{"line":102,"column":18}},"loc":{"start":{"line":102,"column":45},"end":{"line":106,"column":9}},"line":102},"13":{"name":"(anonymous_13)","decl":{"start":{"line":107,"column":19},"end":{"line":107,"column":20}},"loc":{"start":{"line":107,"column":25},"end":{"line":109,"column":9}},"line":107},"14":{"name":"(anonymous_14)","decl":{"start":{"line":124,"column":14},"end":{"line":124,"column":15}},"loc":{"start":{"line":124,"column":20},"end":{"line":136,"column":5}},"line":124},"15":{"name":"(anonymous_15)","decl":{"start":{"line":126,"column":39},"end":{"line":126,"column":40}},"loc":{"start":{"line":126,"column":45},"end":{"line":130,"column":13}},"line":126},"16":{"name":"(anonymous_16)","decl":{"start":{"line":131,"column":19},"end":{"line":131,"column":20}},"loc":{"start":{"line":131,"column":25},"end":{"line":131,"column":48}},"line":131},"17":{"name":"(anonymous_17)","decl":{"start":{"line":138,"column":26},"end":{"line":138,"column":27}},"loc":{"start":{"line":138,"column":32},"end":{"line":160,"column":5}},"line":138},"18":{"name":"(anonymous_18)","decl":{"start":{"line":142,"column":18},"end":{"line":142,"column":19}},"loc":{"start":{"line":142,"column":24},"end":{"line":144,"column":13}},"line":142},"19":{"name":"(anonymous_19)","decl":{"start":{"line":144,"column":21},"end":{"line":144,"column":22}},"loc":{"start":{"line":144,"column":30},"end":{"line":148,"column":13}},"line":144},"20":{"name":"(anonymous_20)","decl":{"start":{"line":151,"column":18},"end":{"line":151,"column":19}},"loc":{"start":{"line":151,"column":24},"end":{"line":155,"column":13}},"line":151},"21":{"name":"(anonymous_21)","decl":{"start":{"line":155,"column":21},"end":{"line":155,"column":22}},"loc":{"start":{"line":155,"column":30},"end":{"line":158,"column":13}},"line":155},"22":{"name":"(anonymous_22)","decl":{"start":{"line":168,"column":23},"end":{"line":168,"column":24}},"loc":{"start":{"line":168,"column":33},"end":{"line":171,"column":13}},"line":168},"23":{"name":"(anonymous_23)","decl":{"start":{"line":172,"column":21},"end":{"line":172,"column":22}},"loc":{"start":{"line":172,"column":31},"end":{"line":174,"column":13}},"line":172},"24":{"name":"(anonymous_24)","decl":{"start":{"line":175,"column":22},"end":{"line":175,"column":23}},"loc":{"start":{"line":175,"column":38},"end":{"line":181,"column":13}},"line":175},"25":{"name":"(anonymous_25)","decl":{"start":{"line":184,"column":37},"end":{"line":184,"column":38}},"loc":{"start":{"line":184,"column":73},"end":{"line":189,"column":9}},"line":184},"26":{"name":"(anonymous_26)","decl":{"start":{"line":204,"column":25},"end":{"line":204,"column":26}},"loc":{"start":{"line":204,"column":31},"end":{"line":204,"column":55}},"line":204},"27":{"name":"(anonymous_27)","decl":{"start":{"line":238,"column":37},"end":{"line":238,"column":38}},"loc":{"start":{"line":238,"column":43},"end":{"line":238,"column":70}},"line":238},"28":{"name":"(anonymous_28)","decl":{"start":{"line":267,"column":34},"end":{"line":267,"column":35}},"loc":{"start":{"line":267,"column":40},"end":{"line":267,"column":73}},"line":267}},"branchMap":{"0":{"loc":{"start":{"line":78,"column":12},"end":{"line":82,"column":13}},"type":"if","locations":[{"start":{"line":78,"column":12},"end":{"line":82,"column":13}},{"start":{"line":78,"column":12},"end":{"line":82,"column":13}}],"line":78},"1":{"loc":{"start":{"line":78,"column":16},"end":{"line":78,"column":66}},"type":"binary-expr","locations":[{"start":{"line":78,"column":16},"end":{"line":78,"column":30}},{"start":{"line":78,"column":34},"end":{"line":78,"column":66}}],"line":78},"2":{"loc":{"start":{"line":112,"column":4},"end":{"line":114,"column":5}},"type":"if","locations":[{"start":{"line":112,"column":4},"end":{"line":114,"column":5}},{"start":{"line":112,"column":4},"end":{"line":114,"column":5}}],"line":112},"3":{"loc":{"start":{"line":115,"column":4},"end":{"line":118,"column":5}},"type":"if","locations":[{"start":{"line":115,"column":4},"end":{"line":118,"column":5}},{"start":{"line":115,"column":4},"end":{"line":118,"column":5}}],"line":115},"4":{"loc":{"start":{"line":125,"column":8},"end":{"line":135,"column":9}},"type":"if","locations":[{"start":{"line":125,"column":8},"end":{"line":135,"column":9}},{"start":{"line":125,"column":8},"end":{"line":135,"column":9}}],"line":125},"5":{"loc":{"start":{"line":125,"column":12},"end":{"line":125,"column":70}},"type":"binary-expr","locations":[{"start":{"line":125,"column":12},"end":{"line":125,"column":43}},{"start":{"line":125,"column":47},"end":{"line":125,"column":70}}],"line":125},"6":{"loc":{"start":{"line":140,"column":8},"end":{"line":159,"column":9}},"type":"if","locations":[{"start":{"line":140,"column":8},"end":{"line":159,"column":9}},{"start":{"line":140,"column":8},"end":{"line":159,"column":9}}],"line":140},"7":{"loc":{"start":{"line":162,"column":4},"end":{"line":276,"column":5}},"type":"if","locations":[{"start":{"line":162,"column":4},"end":{"line":276,"column":5}},{"start":{"line":162,"column":4},"end":{"line":276,"column":5}}],"line":162},"8":{"loc":{"start":{"line":164,"column":48},"end":{"line":164,"column":95}},"type":"cond-expr","locations":[{"start":{"line":164,"column":63},"end":{"line":164,"column":88}},{"start":{"line":164,"column":91},"end":{"line":164,"column":95}}],"line":164},"9":{"loc":{"start":{"line":165,"column":24},"end":{"line":165,"column":86}},"type":"cond-expr","locations":[{"start":{"line":165,"column":58},"end":{"line":165,"column":80}},{"start":{"line":165,"column":83},"end":{"line":165,"column":86}}],"line":165},"10":{"loc":{"start":{"line":165,"column":24},"end":{"line":165,"column":55}},"type":"binary-expr","locations":[{"start":{"line":165,"column":24},"end":{"line":165,"column":29}},{"start":{"line":165,"column":33},"end":{"line":165,"column":55}}],"line":165},"11":{"loc":{"start":{"line":213,"column":28},"end":{"line":213,"column":74}},"type":"cond-expr","locations":[{"start":{"line":213,"column":43},"end":{"line":213,"column":67}},{"start":{"line":213,"column":70},"end":{"line":213,"column":74}}],"line":213},"12":{"loc":{"start":{"line":217,"column":35},"end":{"line":217,"column":79}},"type":"cond-expr","locations":[{"start":{"line":217,"column":50},"end":{"line":217,"column":66}},{"start":{"line":217,"column":69},"end":{"line":217,"column":79}}],"line":217},"13":{"loc":{"start":{"line":228,"column":21},"end":{"line":246,"column":28}},"type":"cond-expr","locations":[{"start":{"line":229,"column":24},"end":{"line":245,"column":34}},{"start":{"line":246,"column":24},"end":{"line":246,"column":28}}],"line":228},"14":{"loc":{"start":{"line":228,"column":21},"end":{"line":228,"column":53}},"type":"binary-expr","locations":[{"start":{"line":228,"column":21},"end":{"line":228,"column":33}},{"start":{"line":228,"column":37},"end":{"line":228,"column":53}}],"line":228}},"s":{"0":0,"1":0,"2":0,"3":0,"4":0,"5":0,"6":0,"7":0,"8":0,"9":0,"10":0,"11":0,"12":0,"13":0,"14":0,"15":0,"16":0,"17":0,"18":0,"19":0,"20":0,"21":0,"22":0,"23":0,"24":0,"25":0,"26":0,"27":0,"28":0,"29":0,"30":0,"31":0,"32":0,"33":0,"34":0,"35":0,"36":0,"37":0,"38":0,"39":0,"40":0,"41":0,"42":0,"43":0,"44":0,"45":0,"46":0,"47":0,"48":0,"49":0,"50":0,"51":0,"52":0,"53":0,"54":0,"55":0,"56":0,"57":0,"58":0,"59":0,"60":0,"61":0,"62":0,"63":0,"64":0,"65":0,"66":0,"67":0,"68":0,"69":0,"70":0,"71":0,"72":0,"73":0,"74":0,"75":0,"76":0,"77":0,"78":0,"79":0,"80":0,"81":0,"82":0,"83":0,"84":0,"85":0,"86":0,"87":0,"88":1},"f":{"0":0,"1":0,"2":0,"3":0,"4":0,"5":0,"6":0,"7":0,"8":0,"9":0,"10":0,"11":0,"12":0,"13":0,"14":0,"15":0,"16":0,"17":0,"18":0,"19":0,"20":0,"21":0,"22":0,"23":0,"24":0,"25":0,"26":0,"27":0,"28":0},"b":{"0":[0,0],"1":[0,0],"2":[0,0],"3":[0,0],"4":[0,0],"5":[0,0],"6":[0,0],"7":[0,0],"8":[0,0],"9":[0,0],"10":[0,0],"11":[0,0],"12":[0,0],"13":[0,0],"14":[0,0]},"_coverageSchema":"1a1c01bbd47fc00a2c39e90264f33305004495a9","hash":"915e694b7c632d28096bc87dfa610954a46c62a9"}
,"/Users/dcalacci/code/gigbox/features/clock/api.ts": {"path":"/Users/dcalacci/code/gigbox/features/clock/api.ts","statementMap":{"0":{"start":{"line":12,"column":32},"end":{"line":55,"column":1}},"1":{"start":{"line":13,"column":19},"end":{"line":13,"column":35}},"2":{"start":{"line":14,"column":18},"end":{"line":41,"column":5}},"3":{"start":{"line":42,"column":17},"end":{"line":42,"column":44}},"4":{"start":{"line":43,"column":4},"end":{"line":54,"column":5}},"5":{"start":{"line":44,"column":8},"end":{"line":51,"column":10}},"6":{"start":{"line":53,"column":8},"end":{"line":53,"column":35}},"7":{"start":{"line":57,"column":35},"end":{"line":79,"column":1}},"8":{"start":{"line":58,"column":4},"end":{"line":78,"column":6}},"9":{"start":{"line":61,"column":27},"end":{"line":61,"column":43}},"10":{"start":{"line":62,"column":32},"end":{"line":62,"column":49}},"11":{"start":{"line":63,"column":26},"end":{"line":72,"column":9}},"12":{"start":{"line":73,"column":12},"end":{"line":73,"column":41}},"13":{"start":{"line":76,"column":27},"end":{"line":76,"column":51}},"14":{"start":{"line":80,"column":24},"end":{"line":93,"column":1}},"15":{"start":{"line":81,"column":19},"end":{"line":81,"column":35}},"16":{"start":{"line":82,"column":18},"end":{"line":90,"column":14}},"17":{"start":{"line":92,"column":4},"end":{"line":92,"column":33}},"18":{"start":{"line":95,"column":27},"end":{"line":112,"column":1}},"19":{"start":{"line":96,"column":19},"end":{"line":96,"column":35}},"20":{"start":{"line":98,"column":18},"end":{"line":108,"column":5}},"21":{"start":{"line":109,"column":4},"end":{"line":109,"column":48}},"22":{"start":{"line":111,"column":4},"end":{"line":111,"column":33}},"23":{"start":{"line":114,"column":33},"end":{"line":135,"column":1}},"24":{"start":{"line":121,"column":19},"end":{"line":121,"column":35}},"25":{"start":{"line":122,"column":18},"end":{"line":130,"column":5}},"26":{"start":{"line":131,"column":4},"end":{"line":134,"column":7}},"27":{"start":{"line":137,"column":36},"end":{"line":193,"column":1}},"28":{"start":{"line":146,"column":19},"end":{"line":146,"column":35}},"29":{"start":{"line":147,"column":18},"end":{"line":172,"column":5}},"30":{"start":{"line":176,"column":4},"end":{"line":176,"column":73}},"31":{"start":{"line":177,"column":4},"end":{"line":177,"column":54}},"32":{"start":{"line":178,"column":4},"end":{"line":192,"column":5}},"33":{"start":{"line":179,"column":8},"end":{"line":179,"column":21}},"34":{"start":{"line":181,"column":27},"end":{"line":184,"column":10}},"35":{"start":{"line":185,"column":8},"end":{"line":185,"column":60}},"36":{"start":{"line":186,"column":8},"end":{"line":191,"column":11}},"37":{"start":{"line":195,"column":25},"end":{"line":236,"column":1}},"38":{"start":{"line":196,"column":19},"end":{"line":196,"column":35}},"39":{"start":{"line":198,"column":42},"end":{"line":200,"column":6}},"40":{"start":{"line":202,"column":4},"end":{"line":206,"column":5}},"41":{"start":{"line":203,"column":8},"end":{"line":203,"column":87}},"42":{"start":{"line":205,"column":8},"end":{"line":205,"column":60}},"43":{"start":{"line":208,"column":41},"end":{"line":213,"column":5}},"44":{"start":{"line":214,"column":4},"end":{"line":214,"column":54}},"45":{"start":{"line":216,"column":22},"end":{"line":220,"column":5}},"46":{"start":{"line":222,"column":21},"end":{"line":234,"column":5}},"47":{"start":{"line":235,"column":4},"end":{"line":235,"column":53}},"48":{"start":{"line":238,"column":22},"end":{"line":276,"column":1}},"49":{"start":{"line":239,"column":19},"end":{"line":239,"column":35}},"50":{"start":{"line":241,"column":21},"end":{"line":255,"column":5}},"51":{"start":{"line":256,"column":44},"end":{"line":258,"column":6}},"52":{"start":{"line":260,"column":4},"end":{"line":262,"column":5}},"53":{"start":{"line":261,"column":8},"end":{"line":261,"column":55}},"54":{"start":{"line":264,"column":39},"end":{"line":269,"column":5}},"55":{"start":{"line":271,"column":22},"end":{"line":274,"column":5}},"56":{"start":{"line":275,"column":4},"end":{"line":275,"column":53}},"57":{"start":{"line":278,"column":28},"end":{"line":305,"column":1}},"58":{"start":{"line":279,"column":19},"end":{"line":279,"column":35}},"59":{"start":{"line":280,"column":18},"end":{"line":299,"column":5}},"60":{"start":{"line":300,"column":17},"end":{"line":300,"column":32}},"61":{"start":{"line":301,"column":22},"end":{"line":303,"column":5}},"62":{"start":{"line":304,"column":4},"end":{"line":304,"column":44}}},"fnMap":{"0":{"name":"(anonymous_0)","decl":{"start":{"line":12,"column":32},"end":{"line":12,"column":33}},"loc":{"start":{"line":12,"column":44},"end":{"line":55,"column":1}},"line":12},"1":{"name":"(anonymous_1)","decl":{"start":{"line":57,"column":35},"end":{"line":57,"column":36}},"loc":{"start":{"line":57,"column":41},"end":{"line":79,"column":1}},"line":57},"2":{"name":"(anonymous_2)","decl":{"start":{"line":60,"column":8},"end":{"line":60,"column":9}},"loc":{"start":{"line":60,"column":14},"end":{"line":74,"column":9}},"line":60},"3":{"name":"(anonymous_3)","decl":{"start":{"line":76,"column":20},"end":{"line":76,"column":21}},"loc":{"start":{"line":76,"column":27},"end":{"line":76,"column":51}},"line":76},"4":{"name":"(anonymous_4)","decl":{"start":{"line":80,"column":24},"end":{"line":80,"column":25}},"loc":{"start":{"line":80,"column":45},"end":{"line":93,"column":1}},"line":80},"5":{"name":"(anonymous_5)","decl":{"start":{"line":95,"column":27},"end":{"line":95,"column":28}},"loc":{"start":{"line":95,"column":33},"end":{"line":112,"column":1}},"line":95},"6":{"name":"(anonymous_6)","decl":{"start":{"line":114,"column":33},"end":{"line":114,"column":34}},"loc":{"start":{"line":120,"column":6},"end":{"line":135,"column":1}},"line":120},"7":{"name":"(anonymous_7)","decl":{"start":{"line":137,"column":36},"end":{"line":137,"column":37}},"loc":{"start":{"line":145,"column":6},"end":{"line":193,"column":1}},"line":145},"8":{"name":"(anonymous_8)","decl":{"start":{"line":195,"column":25},"end":{"line":195,"column":26}},"loc":{"start":{"line":195,"column":97},"end":{"line":236,"column":1}},"line":195},"9":{"name":"(anonymous_9)","decl":{"start":{"line":238,"column":22},"end":{"line":238,"column":23}},"loc":{"start":{"line":238,"column":62},"end":{"line":276,"column":1}},"line":238},"10":{"name":"(anonymous_10)","decl":{"start":{"line":278,"column":28},"end":{"line":278,"column":29}},"loc":{"start":{"line":278,"column":34},"end":{"line":305,"column":1}},"line":278}},"branchMap":{"0":{"loc":{"start":{"line":43,"column":4},"end":{"line":54,"column":5}},"type":"if","locations":[{"start":{"line":43,"column":4},"end":{"line":54,"column":5}},{"start":{"line":43,"column":4},"end":{"line":54,"column":5}}],"line":43},"1":{"loc":{"start":{"line":178,"column":4},"end":{"line":192,"column":5}},"type":"if","locations":[{"start":{"line":178,"column":4},"end":{"line":192,"column":5}},{"start":{"line":178,"column":4},"end":{"line":192,"column":5}}],"line":178},"2":{"loc":{"start":{"line":190,"col
[...]
,"/Users/dcalacci/code/gigbox/navigation/LinkingConfiguration.ts": {"path":"/Users/dcalacci/code/gigbox/navigation/LinkingConfiguration.ts","statementMap":{},"fnMap":{},"branchMap":{},"s":{},"f":{},"b":{},"_coverageSchema":"1a1c01bbd47fc00a2c39e90264f33305004495a9","hash":"c244244ee57bd0f693230f7b264647ea3e66e7e8"}
,"/Users/dcalacci/code/gigbox/navigation/index.tsx": {"path":"/Users/dcalacci/code/gigbox/navigation/index.tsx","statementMap":{"0":{"start":{"line":13,"column":4},"end":{"line":17,"column":6}},"1":{"start":{"line":22,"column":14},"end":{"line":22,"column":56}},"2":{"start":{"line":25,"column":4},"end":{"line":30,"column":6}}},"fnMap":{"0":{"name":"Navigation","decl":{"start":{"line":12,"column":24},"end":{"line":12,"column":34}},"loc":{"start":{"line":12,"column":37},"end":{"line":18,"column":1}},"line":12},"1":{"name":"RootNavigator","decl":{"start":{"line":24,"column":9},"end":{"line":24,"column":22}},"loc":{"start":{"line":24,"column":25},"end":{"line":31,"column":1}},"line":24}},"branchMap":{},"s":{"0":0,"1":1,"2":0},"f":{"0":0,"1":0},"b":{},"_coverageSchema":"1a1c01bbd47fc00a2c39e90264f33305004495a9","hash":"25abbea737f37800535987ef2bfeada71eed057f"}
,"/Users/dcalacci/code/gigbox/screens/HomeScreen.tsx": {"path":"/Users/dcalacci/code/gigbox/screens/HomeScreen.tsx","statementMap":{"0":{"start":{"line":20,"column":34},"end":{"line":33,"column":5}},"1":{"start":{"line":31,"column":68},"end":{"line":31,"column":90}},"2":{"start":{"line":35,"column":33},"end":{"line":41,"column":5}},"3":{"start":{"line":39,"column":68},"end":{"line":39,"column":90}},"4":{"start":{"line":42,"column":35},"end":{"line":42,"column":56}},"5":{"start":{"line":43,"column":4},"end":{"line":110,"column":6}},"6":{"start":{"line":59,"column":28},"end":{"line":64,"column":30}},"7":{"start":{"line":79,"column":28},"end":{"line":85,"column":30}},"8":{"start":{"line":117,"column":43},"end":{"line":128,"column":1}},"9":{"start":{"line":118,"column":4},"end":{"line":127,"column":11}}},"fnMap":{"0":{"name":"HomeScreen","decl":{"start":{"line":18,"column":24},"end":{"line":18,"column":34}},"loc":{"start":{"line":18,"column":91},"end":{"line":111,"column":1}},"line":18},"1":{"name":"(anonymous_1)","decl":{"start":{"line":31,"column":20},"end":{"line":31,"column":21}},"loc":{"start":{"line":31,"column":68},"end":{"line":31,"column":90}},"line":31},"2":{"name":"(anonymous_2)","decl":{"start":{"line":39,"column":20},"end":{"line":39,"column":21}},"loc":{"start":{"line":39,"column":68},"end":{"line":39,"column":90}},"line":39},"3":{"name":"(anonymous_3)","decl":{"start":{"line":58,"column":33},"end":{"line":58,"column":34}},"loc":{"start":{"line":59,"column":28},"end":{"line":64,"column":30}},"line":59},"4":{"name":"(anonymous_4)","decl":{"start":{"line":78,"column":33},"end":{"line":78,"column":34}},"loc":{"start":{"line":79,"column":28},"end":{"line":85,"column":30}},"line":79},"5":{"name":"(anonymous_5)","decl":{"start":{"line":117,"column":43},"end":{"line":117,"column":44}},"loc":{"start":{"line":118,"column":4},"end":{"line":127,"column":11}},"line":118}},"branchMap":{"0":{"loc":{"start":{"line":68,"column":29},"end":{"line":70,"column":77}},"type":"cond-expr","locations":[{"start":{"line":69,"column":34},"end":{"line":69,"column":52}},{"start":{"line":70,"column":34},"end":{"line":70,"column":77}}],"line":68},"1":{"loc":{"start":{"line":68,"column":29},"end":{"line":68,"column":91}},"type":"binary-expr","locations":[{"start":{"line":68,"column":29},"end":{"line":68,"column":59}},{"start":{"line":68,"column":63},"end":{"line":68,"column":91}}],"line":68},"2":{"loc":{"start":{"line":89,"column":29},"end":{"line":91,"column":86}},"type":"cond-expr","locations":[{"start":{"line":90,"column":34},"end":{"line":90,"column":52}},{"start":{"line":91,"column":34},"end":{"line":91,"column":86}}],"line":89},"3":{"loc":{"start":{"line":89,"column":29},"end":{"line":89,"column":93}},"type":"binary-expr","locations":[{"start":{"line":89,"column":29},"end":{"line":89,"column":60}},{"start":{"line":89,"column":64},"end":{"line":89,"column":93}}],"line":89},"4":{"loc":{"start":{"line":98,"column":29},"end":{"line":100,"column":79}},"type":"cond-expr","locations":[{"start":{"line":99,"column":34},"end":{"line":99,"column":54}},{"start":{"line":100,"column":34},"end":{"line":100,"column":79}}],"line":98},"5":{"loc":{"start":{"line":98,"column":29},"end":{"line":98,"column":95}},"type":"binary-expr","locations":[{"start":{"line":98,"column":29},"end":{"line":98,"column":61}},{"start":{"line":98,"column":65},"end":{"line":98,"column":95}}],"line":98}},"s":{"0":0,"1":0,"2":0,"3":0,"4":0,"5":0,"6":0,"7":0,"8":1,"9":0},"f":{"0":0,"1":0,"2":0,"3":0,"4":0,"5":0},"b":{"0":[0,0],"1":[0,0],"2":[0,0],"3":[0,0],"4":[0,0],"5":[0,0]},"_coverageSchema":"1a1c01bbd47fc00a2c39e90264f33305004495a9","hash":"347780ec6f5ae40ebbe976f675afe71e22e8c504"}
,"/Users/dcalacci/code/gigbox/screens/JobTrackerScreen.tsx": {"path":"/Users/dcalacci/code/gigbox/screens/JobTrackerScreen.tsx","statementMap":{"0":{"start":{"line":12,"column":24},"end":{"line":12,"column":46}},"1":{"start":{"line":15,"column":4},"end":{"line":23,"column":6}},"2":{"start":{"line":26,"column":15},"end":{"line":37,"column":2}}},"fnMap":{"0":{"name":"JobTrackerScreen","decl":{"start":{"line":14,"column":24},"end":{"line":14,"column":40}},"loc":{"start":{"line":14,"column":57},"end":{"line":24,"column":1}},"line":14}},"branchMap":{},"s":{"0":0,"1":0,"2":0},"f":{"0":0},"b":{}}
,"/Users/dcalacci/code/gigbox/screens/JobsScreen.tsx": {"path":"/Users/dcalacci/code/gigbox/screens/JobsScreen.tsx","statementMap":{"0":{"start":{"line":12,"column":19},"end":{"line":20,"column":19}},"1":{"start":{"line":21,"column":4},"end":{"line":27,"column":6}},"2":{"start":{"line":30,"column":15},"end":{"line":40,"column":2}}},"fnMap":{"0":{"name":"JobsScreen","decl":{"start":{"line":10,"column":24},"end":{"line":10,"column":34}},"loc":{"start":{"line":10,"column":46},"end":{"line":28,"column":1}},"line":10}},"branchMap":{"0":{"loc":{"start":{"line":12,"column":19},"end":{"line":20,"column":19}},"type":"cond-expr","locations":[{"start":{"line":13,"column":10},"end":{"line":19,"column":11}},{"start":{"line":20,"column":10},"end":{"line":20,"column":19}}],"line":12},"1":{"loc":{"start":{"line":15,"column":25},"end":{"line":17,"column":24}},"type":"cond-expr","locations":[{"start":{"line":16,"column":20},"end":{"line":16,"column":59}},{"start":{"line":17,"column":20},"end":{"line":17,"column":24}}],"line":15},"2":{"loc":{"start":{"line":18,"column":23},"end":{"line":18,"column":99}},"type":"cond-expr","locations":[{"start":{"line":18,"column":55},"end":{"line":18,"column":92}},{"start":{"line":18,"column":95},"end":{"line":18,"column":99}}],"line":18}},"s":{"0":0,"1":0,"2":1},"f":{"0":0},"b":{"0":[0,0],"1":[0,0],"2":[0,0]},"_coverageSchema":"1a1c01bbd47fc00a2c39e90264f33305004495a9","hash":"968970dfc1140c4f68eff35912c7ffe56edc9655"}
,"/Users/dcalacci/code/gigbox/screens/NotFoundScreen.tsx": {"path":"/Users/dcalacci/code/gigbox/screens/NotFoundScreen.tsx","statementMap":{"0":{"start":{"line":10,"column":2},"end":{"line":17,"column":4}},"1":{"start":{"line":13,"column":39},"end":{"line":13,"column":65}},"2":{"start":{"line":20,"column":15},"end":{"line":40,"column":2}}},"fnMap":{"0":{"name":"NotFoundScreen","decl":{"start":{"line":7,"column":24},"end":{"line":7,"column":38}},"loc":{"start":{"line":9,"column":53},"end":{"line":18,"column":1}},"line":9},"1":{"name":"(anonymous_1)","decl":{"start":{"line":13,"column":33},"end":{"line":13,"column":34}},"loc":{"start":{"line":13,"column":39},"end":{"line":13,"column":65}},"line":13}},"branchMap":{},"s":{"0":0,"1":0,"2":1},"f":{"0":0,"1":0},"b":{},"_coverageSchema":"1a1c01bbd47fc00a2c39e90264f33305004495a9","hash":"67d9d6a9894712b0b99b1ed16af4f37fcfb92060"}
,"/Users/dcalacci/code/gigbox/screens/Onboarding.tsx": {"path":"/Users/dcalacci/code/gigbox/screens/Onboarding.tsx","statementMap":{"0":{"start":{"line":9,"column":36},"end":{"line":9,"column":51}},"1":{"start":{"line":10,"column":2},"end":{"line":10,"column":38}},"2":{"start":{"line":11,"column":2},"end":{"line":23,"column":4}}},"fnMap":{"0":{"name":"OnboardingScreen","decl":{"start":{"line":8,"column":24},"end":{"line":8,"column":40}},"loc":{"start":{"line":8,"column":43},"end":{"line":24,"column":1}},"line":8}},"branchMap":{"0":{"loc":{"start":{"line":16,"column":9},"end":{"line":19,"column":22}},"type":"cond-expr","locations":[{"start":{"line":17,"column":8},"end":{"line":17,"column":22}},{"start":{"line":19,"column":8},"end":{"line":19,"column":22}}],"line":16}},"s":{"0":0,"1":0,"2":0},"f":{"0":0},"b":{"0":[0,0]}}
,"/Users/dcalacci/code/gigbox/screens/SettingsScreen.tsx": {"path":"/Users/dcalacci/code/gigbox/screens/SettingsScreen.tsx","statementMap":{"0":{"start":{"line":29,"column":21},"end":{"line":29,"column":34}},"1":{"start":{"line":30,"column":23},"end":{"line":35,"column":6}},"2":{"start":{"line":32,"column":12},"end":{"line":32,"column":61}},"3":{"start":{"line":34,"column":29},"end":{"line":34,"column":42}},"4":{"start":{"line":36,"column":24},"end":{"line":36,"column":40}},"5":{"start":{"line":37,"column":31},"end":{"line":39,"column":6}},"6":{"start":{"line":38,"column":25},"end":{"line":38,"column":74}},"7":{"start":{"line":40,"column":29},"end":{"line":42,"column":6}},"8":{"start":{"line":41,"column":25},"end":{"line":41,"column":74}},"9":{"start":{"line":43,"column":30},"end":{"line":51,"column":6}},"10":{"start":{"line":45,"column":12},"end":{"line":45,"column":39}},"11":{"start":{"line":46,"column":12},"end":{"line":49,"column":13}},"12":{"start":{"line":47,"column":16},"end":{"line":47,"column":70}},"13":{"start":{"line":48,"column":16},"end":{"line":48,"column":77}},"14":{"start":{"line":53,"column":26},"end":{"line":59,"column":5}},"15":{"start":{"line":54,"column":8},"end":{"line":58,"column":10}},"16":{"start":{"line":61,"column":4},"end":{"line":140,"column":6}},"17":{"start":{"line":79,"column":24},"end":{"line":79,"column":69}},"18":{"start":{"line":80,"column":24},"end":{"line":80,"column":70}},"19":{"start":{"line":94,"column":24},"end":{"line":94,"column":72}},"20":{"start":{"line":95,"column":24},"end":{"line":95,"column":74}},"21":{"start":{"line":121,"column":28},"end":{"line":121,"column":60}},"22":{"start":{"line":122,"column":28},"end":{"line":122,"column":55}},"23":{"start":{"line":143,"column":15},"end":{"line":153,"column":2}}},"fnMap":{"0":{"name":"SettingsScreen","decl":{"start":{"line":28,"column":24},"end":{"line":28,"column":38}},"loc":{"start":{"line":28,"column":50},"end":{"line":141,"column":1}},"line":28},"1":{"name":"(anonymous_1)","decl":{"start":{"line":31,"column":19},"end":{"line":31,"column":20}},"loc":{"start":{"line":31,"column":26},"end":{"line":33,"column":9}},"line":31},"2":{"name":"(anonymous_2)","decl":{"start":{"line":34,"column":16},"end":{"line":34,"column":17}},"loc":{"start":{"line":34,"column":29},"end":{"line":34,"column":42}},"line":34},"3":{"name":"(anonymous_3)","decl":{"start":{"line":38,"column":19},"end":{"line":38,"column":20}},"loc":{"start":{"line":38,"column":25},"end":{"line":38,"column":74}},"line":38},"4":{"name":"(anonymous_4)","decl":{"start":{"line":41,"column":19},"end":{"line":41,"column":20}},"loc":{"start":{"line":41,"column":25},"end":{"line":41,"column":74}},"line":41},"5":{"name":"(anonymous_5)","decl":{"start":{"line":44,"column":19},"end":{"line":44,"column":20}},"loc":{"start":{"line":44,"column":29},"end":{"line":50,"column":9}},"line":44},"6":{"name":"(anonymous_6)","decl":{"start":{"line":53,"column":26},"end":{"line":53,"column":27}},"loc":{"start":{"line":53,"column":32},"end":{"line":59,"column":5}},"line":53},"7":{"name":"(anonymous_7)","decl":{"start":{"line":78,"column":29},"end":{"line":78,"column":30}},"loc":{"start":{"line":78,"column":40},"end":{"line":81,"column":21}},"line":78},"8":{"name":"(anonymous_8)","decl":{"start":{"line":93,"column":29},"end":{"line":93,"column":30}},"loc":{"start":{"line":93,"column":40},"end":{"line":96,"column":21}},"line":93},"9":{"name":"(anonymous_9)","decl":{"start":{"line":120,"column":33},"end":{"line":120,"column":34}},"loc":{"start":{"line":120,"column":39},"end":{"line":123,"column":25}},"line":120}},"branchMap":{"0":{"loc":{"start":{"line":46,"column":12},"end":{"line":49,"column":13}},"type":"if","locations":[{"start":{"line":46,"column":12},"end":{"line":49,"column":13}},{"start":{"line":46,"column":12},"end":{"line":49,"column":13}}],"line":46},"1":{"loc":{"start":{"line":61,"column":11},"end":{"line":140,"column":5}},"type":"cond-expr","locations":[{"start":{"line":62,"column":8},"end":{"line":62,"column":25}},{"start":{"line":64,"column":8},"end":{"line":139,"column":23}}],"line":61},"2":{"loc":{"start":{"line":61,"column":11},"end":{"line":61,"column":53}},"type":"binary-expr","locations":[{"start":{"line":61,"column":11},"end":{"line":61,"column":31}},{"start":{"line":61,"column":35},"end":{"line":61,"column":53}}],"line":61},"3":{"loc":{"start":{"line":87,"column":24},"end":{"line":89,"column":127}},"type":"cond-expr","locations":[{"start":{"line":88,"column":30},"end":{"line":88,"column":85}},{"start":{"line":89,"column":30},"end":{"line":89,"column":127}}],"line":87},"4":{"loc":{"start":{"line":102,"column":24},"end":{"line":104,"column":127}},"type":"cond-expr","locations":[{"start":{"line":103,"column":30},"end":{"line":103,"column":90}},{"start":{"line":104,"column":30},"end":{"line":104,"column":127}}],"line":102}},"s":{"0":0,"1":0,"2":0,"3":0,"4":0,"5":0,"6":0,"7":0,"8":0,"9":0,"10":0,"11":0,"12":0,"13":0,"14":0,"15":0,"16":0,"17":0,"18":0,"19":0,"20":0,"21":0,"22":0,"23":1},"f":{"0":0,"1":0,"2":0,"3":0,"4":0,"5":0,"6":0,"7":0,"8":0,"9":0},"b":{"0":[0,0],"1":[0,0],"2":[0,0],"3":[0,0],"4":[0,0]},"_coverageSchema":"1a1c01bbd47fc00a2c39e90264f33305004495a9","hash":"c70d8f909036afe665ddfb1f8285ced8a991079f"}
,"/Users/dcalacci/code/gigbox/screens/ShiftsScreen.tsx": {"path":"/Users/dcalacci/code/gigbox/screens/ShiftsScreen.tsx","statementMap":{"0":{"start":{"line":12,"column":19},"end":{"line":12,"column":41}},"1":{"start":{"line":15,"column":4},"end":{"line":40,"column":6}},"2":{"start":{"line":43,"column":15},"end":{"line":54,"column":2}}},"fnMap":{"0":{"name":"ShiftsScreen","decl":{"start":{"line":14,"column":24},"end":{"line":14,"column":36}},"loc":{"start":{"line":14,"column":53},"end":{"line":41,"column":1}},"line":14}},"branchMap":{},"s":{"0":1,"1":0,"2":1},"f":{"0":0},"b":{},"_coverageSchema":"1a1c01bbd47fc00a2c39e90264f33305004495a9","hash":"1c80c9acbd83e27bb85e0716f6927cd7795caf79"}
,"/Users/dcalacci/code/gigbox/store/expoFileSystemStorage.ts": {"path":"/Users/dcalacci/code/gigbox/store/expoFileSystemStorage.ts","statementMap":{"0":{"start":{"line":11,"column":4},"end":{"line":11,"column":53}},"1":{"start":{"line":15,"column":21},"end":{"line":15,"column":56}},"2":{"start":{"line":16,"column":4},"end":{"line":16,"column":43}},"3":{"start":{"line":20,"column":4},"end":{"line":20,"column":47}},"4":{"start":{"line":25,"column":8},"end":{"line":25,"column":67}},"5":{"start":{"line":29,"column":27},"end":{"line":29,"column":47}},"6":{"start":{"line":30,"column":8},"end":{"line":39,"column":11}},"7":{"start":{"line":31,"column":29},"end":{"line":31,"column":50}},"8":{"start":{"line":32,"column":12},"end":{"line":38,"column":13}},"9":{"start":{"line":33,"column":16},"end":{"line":33,"column":43}},"10":{"start":{"line":35,"column":16},"end":{"line":37,"column":58}},"11":{"start":{"line":37,"column":30},"end":{"line":37,"column":56}},"12":{"start":{"line":43,"column":8},"end":{"line":43,"column":83}}},"fnMap":{"0":{"name":"generateFolderPath","decl":{"start":{"line":10,"column":9},"end":{"line":10,"column":27}},"loc":{"start":{"line":10,"column":30},"end":{"line":12,"column":1}},"line":10},"1":{"name":"generateFilePath","decl":{"start":{"line":14,"column":9},"end":{"line":14,"column":25}},"loc":{"start":{"line":14,"column":39},"end":{"line":17,"column":1}},"line":14},"2":{"name":"writeFile","decl":{"start":{"line":19,"column":9},"end":{"line":19,"column":18}},"loc":{"start":{"line":19,"column":48},"end":{"line":21,"column":1}},"line":19},"3":{"name":"(anonymous_3)","decl":{"start":{"line":24,"column":4},"end":{"line":24,"column":5}},"loc":{"start":{"line":24,"column":25},"end":{"line":26,"column":5}},"line":24},"4":{"name":"(anonymous_4)","decl":{"start":{"line":28,"column":4},"end":{"line":28,"column":5}},"loc":{"start":{"line":28,"column":64},"end":{"line":40,"column":5}},"line":28},"5":{"name":"(anonymous_5)","decl":{"start":{"line":30,"column":56},"end":{"line":30,"column":57}},"loc":{"start":{"line":30,"column":66},"end":{"line":39,"column":9}},"line":30},"6":{"name":"(anonymous_6)","decl":{"start":{"line":37,"column":24},"end":{"line":37,"column":25}},"loc":{"start":{"line":37,"column":30},"end":{"line":37,"column":56}},"line":37},"7":{"name":"(anonymous_7)","decl":{"start":{"line":42,"column":4},"end":{"line":42,"column":5}},"loc":{"start":{"line":42,"column":28},"end":{"line":44,"column":5}},"line":42}},"branchMap":{"0":{"loc":{"start":{"line":32,"column":12},"end":{"line":38,"column":13}},"type":"if","locations":[{"start":{"line":32,"column":12},"end":{"line":38,"column":13}},{"start":{"line":32,"column":12},"end":{"line":38,"column":13}}],"line":32}},"s":{"0":0,"1":0,"2":0,"3":0,"4":0,"5":0,"6":0,"7":0,"8":0,"9":0,"10":0,"11":0,"12":0},"f":{"0":0,"1":0,"2":0,"3":0,"4":0,"5":0,"6":0,"7":0},"b":{"0":[0,0]}}
,"/Users/dcalacci/code/gigbox/store/index.ts": {"path":"/Users/dcalacci/code/gigbox/store/index.ts","statementMap":{"0":{"start":{"line":5,"column":20},"end":{"line":8,"column":2}}},"fnMap":{},"branchMap":{},"s":{"0":3},"f":{},"b":{},"_coverageSchema":"1a1c01bbd47fc00a2c39e90264f33305004495a9","hash":"3e46775ef717dd5f15b6a80e43ba98821acf8110"}
,"/Users/dcalacci/code/gigbox/store/store.ts": {"path":"/Users/dcalacci/code/gigbox/store/store.ts","statementMap":{"0":{"start":{"line":19,"column":22},"end":{"line":23,"column":1}},"1":{"start":{"line":25,"column":25},"end":{"line":25,"column":67}},"2":{"start":{"line":27,"column":14},"end":{"line":36,"column":2}},"3":{"start":{"line":38,"column":18},"end":{"line":38,"column":37}}},"fnMap":{},"branchMap":{},"s":{"0":3,"1":3,"2":3,"3":3},"f":{},"b":{},"_coverageSchema":"1a1c01bbd47fc00a2c39e90264f33305004495a9","hash":"6232c313d36d68970d5aa89a81b4de0dff3289a4"}
}
