TN:
SF:App.tsx
FN:28,(anonymous_0)
FN:36,(anonymous_1)
FN:51,App
FNF:3
FNH:1
FNDA:0,(anonymous_0)
FNDA:0,(anonymous_1)
FNDA:1,App
DA:24,1
DA:26,1
DA:28,1
DA:29,0
DA:30,0
DA:31,0
DA:33,0
DA:34,0
DA:35,0
DA:36,0
DA:37,0
DA:44,0
DA:46,0
DA:52,1
LF:14
LH:4
BRDA:29,0,0,0
BRDA:29,0,1,0
BRDA:35,1,0,0
BRDA:35,1,1,0
BRF:4
BRH:0
end_of_record
TN:
SF:app.config.js
FNF:0
FNH:0
LF:0
LH:0
BRF:0
BRH:0
end_of_record
TN:
SF:index.js
FNF:0
FNH:0
DA:8,0
LF:1
LH:0
BRF:0
BRH:0
end_of_record
TN:
SF:metro.config.js
FNF:0
FNH:0
DA:1,0
LF:1
LH:0
BRF:0
BRH:0
end_of_record
TN:
SF:tailwind.config.js
FNF:0
FNH:0
DA:1,0
LF:1
LH:0
BRF:0
BRH:0
end_of_record
TN:
SF:tasks.ts
FN:25,(anonymous_0)
FN:43,(anonymous_1)
FN:45,(anonymous_2)
FN:72,(anonymous_3)
FN:73,(anonymous_4)
FN:82,(anonymous_5)
FN:89,(anonymous_6)
FN:96,(anonymous_7)
FN:109,(anonymous_8)
FN:124,(anonymous_9)
FNF:10
FNH:2
FNDA:0,(anonymous_0)
FNDA:0,(anonymous_1)
FNDA:0,(anonymous_2)
FNDA:0,(anonymous_3)
FNDA:0,(anonymous_4)
FNDA:2,(anonymous_5)
FNDA:0,(anonymous_6)
FNDA:1,(anonymous_7)
FNDA:0,(anonymous_8)
FNDA:0,(anonymous_9)
DA:25,2
DA:26,0
DA:27,0
DA:39,0
DA:40,0
DA:43,2
DA:44,0
DA:45,0
DA:46,0
DA:53,0
DA:57,0
DA:58,0
DA:69,0
DA:72,2
DA:73,0
DA:74,0
DA:75,0
DA:77,0
DA:82,2
DA:83,2
DA:84,2
DA:86,2
DA:89,2
DA:90,0
DA:91,0
DA:93,0
DA:96,2
DA:97,1
DA:98,1
DA:100,1
DA:109,2
DA:110,0
DA:111,0
DA:124,2
DA:125,0
DA:126,0
LF:36
LH:14
BRDA:40,0,0,0
BRDA:40,0,1,0
BRDA:74,1,0,0
BRDA:74,1,1,0
BRDA:86,2,0,2
BRDA:86,2,1,0
BRF:6
BRH:1
end_of_record
TN:
SF:types.tsx
FNF:0
FNH:0
LF:0
LH:0
BRF:0
BRH:0
end_of_record
TN:
SF:utils.ts
FN:10,(anonymous_0)
FN:28,(anonymous_1)
FN:44,getClient
FN:57,objToQueryString
FN:69,fetchWithQueryParams
FNF:5
FNH:3
FNDA:0,(anonymous_0)
FNDA:3,(anonymous_1)
FNDA:0,getClient
FNDA:1,objToQueryString
FNDA:1,fetchWithQueryParams
DA:10,3
DA:11,0
DA:12,0
DA:14,0
DA:15,0
DA:16,0
DA:17,0
DA:18,0
DA:19,0
DA:21,0
DA:26,3
DA:28,3
DA:29,3
DA:30,3
DA:32,0
DA:33,0
DA:34,0
DA:36,0
DA:40,3
DA:41,3
DA:42,3
DA:45,0
DA:46,0
DA:47,0
DA:58,1
DA:59,1
DA:60,1
DA:66,1
DA:75,1
DA:76,1
DA:80,3
DA:99,3
LF:32
LH:16
BRDA:11,0,0,0
BRDA:11,0,1,0
BRDA:18,1,0,0
BRDA:18,1,1,0
BRDA:29,2,0,3
BRDA:29,2,1,0
BRDA:33,3,0,0
BRDA:33,3,1,0
BRF:8
BRH:1
end_of_record
TN:
SF:components/Ellipsis.tsx
FN:24,(anonymous_0)
FN:34,(anonymous_1)
FN:45,(anonymous_2)
FN:49,(anonymous_3)
FN:53,(anonymous_4)
FN:73,(anonymous_5)
FN:74,(anonymous_6)
FNF:7
FNH:0
FNDA:0,(anonymous_0)
FNDA:0,(anonymous_1)
FNDA:0,(anonymous_2)
FNDA:0,(anonymous_3)
FNDA:0,(anonymous_4)
FNDA:0,(anonymous_5)
FNDA:0,(anonymous_6)
DA:14,2
DA:25,0
DA:27,0
DA:35,0
DA:37,0
DA:38,0
DA:39,0
DA:42,0
DA:46,0
DA:50,0
DA:54,0
DA:57,0
DA:58,0
DA:59,0
DA:60,0
DA:64,0
DA:66,0
DA:74,0
DA:75,0
DA:81,0
DA:85,2
LF:21
LH:2
BRDA:54,0,0,0
BRDA:54,0,1,0
BRDA:57,1,0,0
BRDA:57,1,1,0
BRDA:61,2,0,0
BRDA:61,2,1,0
BRF:6
BRH:0
end_of_record
TN:
SF:components/Toggle.tsx
FN:13,(anonymous_0)
FN:17,(anonymous_1)
FNF:2
FNH:0
FNDA:0,(anonymous_0)
FNDA:0,(anonymous_1)
DA:13,1
DA:14,0
DA:18,0
DA:19,0
DA:48,1
LF:5
LH:2
BRDA:25,0,0,0
BRDA:25,0,1,0
BRDA:31,1,0,0
BRDA:31,1,1,0
BRDA:37,2,0,0
BRDA:37,2,1,0
BRDA:40,3,0,0
BRDA:40,3,1,0
BRF:8
BRH:0
end_of_record
TN:
SF:constants/Colors.ts
FNF:0
FNH:0
DA:1,1
DA:2,1
LF:2
LH:2
BRF:0
BRH:0
end_of_record
TN:
SF:constants/Layout.ts
FNF:0
FNH:0
DA:3,0
DA:4,0
LF:2
LH:0
BRF:0
BRH:0
end_of_record
TN:
SF:features/EnsureLoggedIn.tsx
FN:19,(anonymous_0)
FN:20,(anonymous_1)
FN:21,(anonymous_2)
FN:22,(anonymous_3)
FN:24,(anonymous_4)
FN:30,(anonymous_5)
FN:34,(anonymous_6)
FN:38,(anonymous_7)
FN:44,(anonymous_8)
FN:69,(anonymous_9)
FN:75,(anonymous_10)
FNF:11
FNH:0
FNDA:0,(anonymous_0)
FNDA:0,(anonymous_1)
FNDA:0,(anonymous_2)
FNDA:0,(anonymous_3)
FNDA:0,(anonymous_4)
FNDA:0,(anonymous_5)
FNDA:0,(anonymous_6)
FNDA:0,(anonymous_7)
FNDA:0,(anonymous_8)
FNDA:0,(anonymous_9)
FNDA:0,(anonymous_10)
DA:19,1
DA:20,0
DA:21,0
DA:22,0
DA:23,0
DA:24,0
DA:25,0
DA:27,0
DA:28,0
DA:31,0
DA:32,0
DA:35,0
DA:36,0
DA:38,0
DA:42,0
DA:47,0
DA:48,0
DA:49,0
DA:54,0
DA:56,0
DA:57,0
DA:60,0
DA:70,0
DA:71,0
DA:75,0
DA:76,0
DA:77,0
DA:78,0
DA:80,0
DA:81,0
DA:85,0
DA:86,0
DA:87,0
DA:90,0
LF:34
LH:1
BRDA:47,0,0,0
BRDA:47,0,1,0
BRDA:54,1,0,0
BRDA:54,1,1,0
BRDA:54,2,0,0
BRDA:54,2,1,0
BRDA:76,3,0,0
BRDA:76,3,1,0
BRDA:76,4,0,0
BRDA:76,4,1,0
BRDA:76,4,2,0
BRDA:85,5,0,0
BRDA:85,5,1,0
BRDA:85,6,0,0
BRDA:85,6,1,0
BRF:15
BRH:0
end_of_record
TN:
SF:features/auth/PhoneEntry.tsx
FN:12,(anonymous_0)
FN:16,(anonymous_1)
FN:17,(anonymous_2)
FN:18,(anonymous_3)
FN:21,(anonymous_4)
FN:25,(anonymous_5)
FN:33,(anonymous_6)
FN:42,(anonymous_7)
FN:79,(anonymous_8)
FN:88,(anonymous_9)
FN:97,(anonymous_10)
FN:140,(anonymous_11)
FNF:12
FNH:9
FNDA:13,(anonymous_0)
FNDA:23,(anonymous_1)
FNDA:23,(anonymous_2)
FNDA:23,(anonymous_3)
FNDA:23,(anonymous_4)
FNDA:4,(anonymous_5)
FNDA:8,(anonymous_6)
FNDA:4,(anonymous_7)
FNDA:0,(anonymous_8)
FNDA:0,(anonymous_9)
FNDA:0,(anonymous_10)
FNDA:1,(anonymous_11)
DA:12,2
DA:13,13
DA:14,13
DA:15,13
DA:16,23
DA:17,23
DA:18,23
DA:19,13
DA:20,13
DA:21,23
DA:23,13
DA:25,13
DA:26,4
DA:28,0
DA:29,4
DA:33,13
DA:34,8
DA:35,8
DA:36,4
DA:38,4
DA:42,13
DA:44,4
DA:47,4
DA:48,4
DA:50,0
DA:54,13
DA:55,13
DA:80,0
DA:81,0
DA:89,0
DA:90,0
DA:97,0
DA:141,1
DA:142,1
LF:34
LH:27
BRDA:26,0,0,0
BRDA:26,0,1,4
BRDA:47,1,0,4
BRDA:47,1,1,0
BRDA:57,2,0,1
BRDA:57,2,1,12
BRDA:57,3,0,13
BRDA:57,3,1,12
BRDA:68,4,0,1
BRDA:68,4,1,0
BRDA:123,5,0,0
BRDA:123,5,1,12
BRDA:137,6,0,2
BRDA:137,6,1,10
BRDA:149,7,0,10
BRDA:149,7,1,2
BRF:16
BRH:12
end_of_record
TN:
SF:features/auth/api.ts
FN:15,(anonymous_0)
FN:40,(anonymous_1)
FN:62,(anonymous_2)
FNF:3
FNH:1
FNDA:1,(anonymous_0)
FNDA:0,(anonymous_1)
FNDA:0,(anonymous_2)
DA:15,3
DA:16,1
DA:21,1
DA:22,1
DA:23,1
DA:40,3
DA:44,0
DA:49,0
DA:50,0
DA:62,3
DA:63,0
DA:64,0
DA:65,0
DA:71,0
DA:79,0
DA:80,0
LF:16
LH:7
BRDA:63,0,0,0
BRDA:63,0,1,0
BRF:2
BRH:0
end_of_record
TN:
SF:features/auth/authSlice.ts
FN:38,(anonymous_0)
FN:39,(anonymous_1)
FN:42,(anonymous_2)
FN:45,(anonymous_3)
FN:48,(anonymous_4)
FN:51,(anonymous_5)
FN:61,(anonymous_6)
FN:63,(anonymous_7)
FN:72,(anonymous_8)
FN:75,(anonymous_9)
FNF:10
FNH:1
FNDA:0,(anonymous_0)
FNDA:0,(anonymous_1)
FNDA:0,(anonymous_2)
FNDA:0,(anonymous_3)
FNDA:0,(anonymous_4)
FNDA:0,(anonymous_5)
FNDA:3,(anonymous_6)
FNDA:0,(anonymous_7)
FNDA:0,(anonymous_8)
FNDA:0,(anonymous_9)
DA:20,3
DA:34,3
DA:38,0
DA:40,0
DA:43,0
DA:46,0
DA:49,0
DA:52,0
DA:53,0
DA:57,0
DA:58,0
DA:62,3
DA:64,0
DA:65,0
DA:66,0
DA:67,0
DA:68,0
DA:69,0
DA:73,0
DA:76,0
DA:77,0
DA:89,3
LF:22
LH:4
BRDA:54,0,0,0
BRDA:54,0,1,0
BRDA:57,1,0,0
BRDA:57,1,1,0
BRDA:58,2,0,0
BRDA:58,2,1,0
BRDA:64,3,0,0
BRDA:64,3,1,0
BRF:8
BRH:0
end_of_record
TN:
SF:features/auth/otpSlice.ts
FN:19,(anonymous_0)
FN:31,(anonymous_1)
FN:52,(anonymous_2)
FN:53,(anonymous_3)
FN:57,(anonymous_4)
FN:59,(anonymous_5)
FN:64,(anonymous_6)
FN:74,(anonymous_7)
FN:77,(anonymous_8)
FN:81,(anonymous_9)
FNF:10
FNH:4
FNDA:1,(anonymous_0)
FNDA:0,(anonymous_1)
FNDA:0,(anonymous_2)
FNDA:4,(anonymous_3)
FNDA:3,(anonymous_4)
FNDA:1,(anonymous_5)
FNDA:0,(anonymous_6)
FNDA:0,(anonymous_7)
FNDA:0,(anonymous_8)
FNDA:0,(anonymous_9)
DA:17,3
DA:20,1
DA:21,1
DA:22,1
DA:23,0
DA:25,1
DA:29,3
DA:32,0
DA:33,0
DA:34,0
DA:36,0
DA:40,3
DA:48,3
DA:52,0
DA:54,4
DA:58,3
DA:60,1
DA:61,1
DA:62,1
DA:65,0
DA:66,0
DA:68,0
DA:70,0
DA:75,0
DA:78,0
DA:79,0
DA:82,0
DA:83,0
DA:88,3
LF:29
LH:14
BRDA:22,0,0,0
BRDA:22,0,1,1
BRDA:33,1,0,0
BRDA:33,1,1,0
BRDA:66,2,0,0
BRDA:66,2,1,0
BRF:6
BRH:1
end_of_record
TN:
SF:features/clock/EmployerSelector.tsx
FN:11,(anonymous_0)
FN:25,(anonymous_1)
FN:36,(anonymous_2)
FN:60,(anonymous_3)
FN:73,(anonymous_4)
FN:79,(anonymous_5)
FN:87,(anonymous_6)
FN:116,(anonymous_7)
FN:125,(anonymous_8)
FNF:9
FNH:0
FNDA:0,(anonymous_0)
FNDA:0,(anonymous_1)
FNDA:0,(anonymous_2)
FNDA:0,(anonymous_3)
FNDA:0,(anonymous_4)
FNDA:0,(anonymous_5)
FNDA:0,(anonymous_6)
FNDA:0,(anonymous_7)
FNDA:0,(anonymous_8)
DA:11,1
DA:24,0
DA:25,0
DA:26,0
DA:27,0
DA:29,0
DA:32,0
DA:33,0
DA:34,0
DA:37,0
DA:38,0
DA:60,1
DA:71,0
DA:73,0
DA:74,0
DA:75,0
DA:79,0
DA:81,0
DA:82,0
DA:83,0
DA:84,0
DA:86,0
DA:87,0
DA:88,0
DA:89,0
DA:90,0
DA:91,0
DA:92,0
DA:96,0
DA:105,0
DA:117,0
DA:125,0
DA:146,1
LF:33
LH:3
BRDA:26,0,0,0
BRDA:26,0,1,0
BRDA:32,1,0,0
BRDA:32,1,1,0
BRDA:33,2,0,0
BRDA:33,2,1,0
BRDA:33,3,0,0
BRDA:33,3,1,0
BRDA:44,4,0,0
BRDA:44,4,1,0
BRDA:51,5,0,0
BRDA:51,5,1,0
BRDA:54,6,0,0
BRDA:54,6,1,0
BRDA:64,7,0,0
BRDA:81,8,0,0
BRDA:81,8,1,0
BRDA:81,9,0,0
BRDA:81,9,1,0
BRDA:83,10,0,0
BRDA:83,10,1,0
BRDA:83,11,0,0
BRDA:83,11,1,0
BRDA:86,12,0,0
BRDA:86,12,1,0
BRDA:86,13,0,0
BRDA:86,13,1,0
BRDA:90,14,0,0
BRDA:90,14,1,0
BRDA:90,15,0,0
BRDA:90,15,1,0
BRDA:96,16,0,0
BRDA:96,16,1,0
BRDA:112,17,0,0
BRDA:112,17,1,0
BRDA:112,18,0,0
BRDA:112,18,1,0
BRF:37
BRH:0
end_of_record
TN:
SF:features/clock/TrackingBar.tsx
FN:31,TrackingBar
FN:33,(anonymous_1)
FN:46,(anonymous_2)
FN:51,(anonymous_3)
FN:61,(anonymous_4)
FN:65,(anonymous_5)
FN:70,(anonymous_6)
FN:74,(anonymous_7)
FN:76,(anonymous_8)
FN:87,(anonymous_9)
FN:93,(anonymous_10)
FN:97,(anonymous_11)
FN:102,(anonymous_12)
FN:107,(anonymous_13)
FN:124,(anonymous_14)
FN:126,(anonymous_15)
FN:131,(anonymous_16)
FN:138,(anonymous_17)
FN:142,(anonymous_18)
FN:144,(anonymous_19)
FN:151,(anonymous_20)
FN:155,(anonymous_21)
FN:168,(anonymous_22)
FN:172,(anonymous_23)
FN:175,(anonymous_24)
FN:184,(anonymous_25)
FN:204,(anonymous_26)
FN:238,(anonymous_27)
FN:267,(anonymous_28)
FNF:29
FNH:0
FNDA:0,TrackingBar
FNDA:0,(anonymous_1)
FNDA:0,(anonymous_2)
FNDA:0,(anonymous_3)
FNDA:0,(anonymous_4)
FNDA:0,(anonymous_5)
FNDA:0,(anonymous_6)
FNDA:0,(anonymous_7)
FNDA:0,(anonymous_8)
FNDA:0,(anonymous_9)
FNDA:0,(anonymous_10)
FNDA:0,(anonymous_11)
FNDA:0,(anonymous_12)
FNDA:0,(anonymous_13)
FNDA:0,(anonymous_14)
FNDA:0,(anonymous_15)
FNDA:0,(anonymous_16)
FNDA:0,(anonymous_17)
FNDA:0,(anonymous_18)
FNDA:0,(anonymous_19)
FNDA:0,(anonymous_20)
FNDA:0,(anonymous_21)
FNDA:0,(anonymous_22)
FNDA:0,(anonymous_23)
FNDA:0,(anonymous_24)
FNDA:0,(anonymous_25)
FNDA:0,(anonymous_26)
FNDA:0,(anonymous_27)
FNDA:0,(anonymous_28)
DA:32,0
DA:33,0
DA:34,0
DA:47,0
DA:50,0
DA:52,0
DA:54,0
DA:56,0
DA:57,0
DA:58,0
DA:63,0
DA:64,0
DA:65,0
DA:68,0
DA:71,0
DA:72,0
DA:73,0
DA:74,0
DA:78,0
DA:79,0
DA:80,0
DA:86,0
DA:88,0
DA:89,0
DA:90,0
DA:94,0
DA:95,0
DA:96,0
DA:97,0
DA:100,0
DA:103,0
DA:104,0
DA:105,0
DA:108,0
DA:112,0
DA:113,0
DA:115,0
DA:116,0
DA:117,0
DA:120,0
DA:124,0
DA:125,0
DA:126,0
DA:127,0
DA:129,0
DA:131,0
DA:134,0
DA:138,0
DA:139,0
DA:140,0
DA:141,0
DA:143,0
DA:145,0
DA:146,0
DA:147,0
DA:150,0
DA:152,0
DA:153,0
DA:154,0
DA:156,0
DA:157,0
DA:162,0
DA:163,0
DA:164,0
DA:165,0
DA:167,0
DA:169,0
DA:170,0
DA:173,0
DA:176,0
DA:177,0
DA:178,0
DA:179,0
DA:180,0
DA:184,0
DA:185,0
DA:191,0
DA:192,0
DA:194,0
DA:204,0
DA:238,0
DA:251,0
DA:267,0
DA:279,1
LF:84
LH:1
BRDA:78,0,0,0
BRDA:78,0,1,0
BRDA:78,1,0,0
BRDA:78,1,1,0
BRDA:112,2,0,0
BRDA:112,2,1,0
BRDA:115,3,0,0
BRDA:115,3,1,0
BRDA:125,4,0,0
BRDA:125,4,1,0
BRDA:125,5,0,0
BRDA:125,5,1,0
BRDA:140,6,0,0
BRDA:140,6,1,0
BRDA:162,7,0,0
BRDA:162,7,1,0
BRDA:164,8,0,0
BRDA:164,8,1,0
BRDA:165,9,0,0
BRDA:165,9,1,0
BRDA:165,10,0,0
BRDA:165,10,1,0
BRDA:213,11,0,0
BRDA:213,11,1,0
BRDA:217,12,0,0
BRDA:217,12,1,0
BRDA:228,13,0,0
BRDA:228,13,1,0
BRDA:228,14,0,0
BRDA:228,14,1,0
BRF:30
BRH:0
end_of_record
TN:
SF:features/clock/api.ts
FN:12,(anonymous_0)
FN:57,(anonymous_1)
FN:60,(anonymous_2)
FN:76,(anonymous_3)
FN:80,(anonymous_4)
FN:95,(anonymous_5)
FN:114,(anonymous_6)
FN:137,(anonymous_7)
FN:195,(anonymous_8)
FN:238,(anonymous_9)
FN:278,(anonymous_10)
FNF:11
FNH:0
FNDA:0,(anonymous_0)
FNDA:0,(anonymous_1)
FNDA:0,(anonymous_2)
FNDA:0,(anonymous_3)
FNDA:0,(anonymous_4)
FNDA:0,(anonymous_5)
FNDA:0,(anonymous_6)
FNDA:0,(anonymous_7)
FNDA:0,(anonymous_8)
FNDA:0,(anonymous_9)
FNDA:0,(anonymous_10)
DA:12,1
DA:13,0
DA:14,0
DA:42,0
DA:43,0
DA:44,0
DA:53,0
DA:57,1
DA:58,0
DA:61,0
DA:62,0
DA:63,0
DA:73,0
DA:76,0
DA:80,1
DA:81,0
DA:82,0
DA:92,0
DA:95,1
DA:96,0
DA:98,0
DA:109,0
DA:111,0
DA:114,1
DA:121,0
DA:122,0
DA:131,0
DA:137,1
DA:146,0
DA:147,0
DA:176,0
DA:177,0
DA:178,0
DA:179,0
DA:181,0
DA:185,0
DA:186,0
DA:195,1
DA:196,0
DA:198,0
DA:202,0
DA:203,0
DA:205,0
DA:208,0
DA:214,0
DA:216,0
DA:222,0
DA:235,0
DA:238,1
DA:239,0
DA:241,0
DA:256,0
DA:260,0
DA:261,0
DA:264,0
DA:271,0
DA:275,0
DA:278,1
DA:279,0
DA:280,0
DA:300,0
DA:301,0
DA:304,0
LF:63
LH:9
BRDA:43,0,0,0
BRDA:43,0,1,0
BRDA:178,1,0,0
BRDA:178,1,1,0
BRDA:190,2,0,0
BRDA:190,2,1,0
BRDA:202,3,0,0
BRDA:202,3,1,0
BRDA:260,4,0,0
BRDA:260,4,1,0
BRF:10
BRH:0
end_of_record
TN:
SF:features/consent/BinarySurveyQuestion.tsx
FN:7,(anonymous_0)
FN:27,(anonymous_1)
FN:39,(anonymous_2)
FN:63,(anonymous_3)
FNF:4
FNH:3
FNDA:1,(anonymous_0)
FNDA:1,(anonymous_1)
FNDA:0,(anonymous_2)
FNDA:1,(anonymous_3)
DA:7,2
DA:27,1
DA:28,1
DA:29,1
DA:31,1
DA:32,1
DA:39,0
DA:63,1
LF:8
LH:7
BRDA:14,0,0,1
BRDA:15,1,0,1
BRDA:42,2,0,0
BRDA:42,2,1,1
BRDA:50,3,0,0
BRDA:50,3,1,1
BRDA:56,4,0,0
BRDA:56,4,1,1
BRDA:66,5,0,0
BRDA:66,5,1,1
BRDA:72,6,0,0
BRDA:72,6,1,1
BRDA:78,7,0,0
BRDA:78,7,1,1
BRDA:84,8,0,0
BRDA:84,8,1,1
BRF:16
BRH:9
end_of_record
TN:
SF:features/consent/ConsentFlow.tsx
FN:32,(anonymous_0)
FN:78,(anonymous_1)
FN:92,(anonymous_2)
FN:108,(anonymous_3)
FN:109,(anonymous_4)
FN:127,(anonymous_5)
FN:131,(anonymous_6)
FN:142,(anonymous_7)
FN:143,(anonymous_8)
FN:158,(anonymous_9)
FN:159,(anonymous_10)
FN:293,(anonymous_11)
FN:344,(anonymous_12)
FN:365,(anonymous_13)
FN:513,(anonymous_14)
FNF:15
FNH:6
FNDA:3,(anonymous_0)
FNDA:1,(anonymous_1)
FNDA:1,(anonymous_2)
FNDA:1,(anonymous_3)
FNDA:1,(anonymous_4)
FNDA:0,(anonymous_5)
FNDA:0,(anonymous_6)
FNDA:0,(anonymous_7)
FNDA:0,(anonymous_8)
FNDA:0,(anonymous_9)
FNDA:0,(anonymous_10)
FNDA:1,(anonymous_11)
FNDA:0,(anonymous_12)
FNDA:0,(anonymous_13)
FNDA:0,(anonymous_14)
DA:32,2
DA:53,3
DA:54,1
DA:55,1
DA:73,2
DA:78,2
DA:85,1
DA:86,0
DA:88,1
DA:92,2
DA:93,1
DA:94,1
DA:95,1
DA:96,1
DA:97,1
DA:98,1
DA:99,1
DA:100,1
DA:101,1
DA:102,1
DA:103,1
DA:104,1
DA:105,1
DA:108,1
DA:109,1
DA:110,1
DA:111,0
DA:112,0
DA:115,0
DA:116,0
DA:117,0
DA:121,1
DA:122,1
DA:126,1
DA:128,0
DA:129,0
DA:132,0
DA:136,1
DA:137,0
DA:142,0
DA:144,0
DA:155,1
DA:156,0
DA:158,0
DA:159,0
DA:169,1
DA:294,1
DA:295,1
DA:296,1
DA:297,0
DA:298,0
DA:301,0
DA:304,0
DA:308,0
DA:310,0
DA:311,0
DA:312,0
DA:314,0
DA:315,0
DA:319,0
DA:320,0
DA:321,0
DA:323,0
DA:324,0
DA:345,0
DA:348,0
DA:349,0
DA:350,0
DA:366,0
DA:367,0
DA:514,0
DA:515,0
DA:533,2
LF:73
LH:35
BRDA:53,0,0,1
BRDA:53,0,1,2
BRDA:85,1,0,0
BRDA:85,1,1,1
BRDA:111,2,0,0
BRDA:111,2,1,0
BRDA:115,3,0,0
BRDA:115,3,1,0
BRDA:115,4,0,0
BRDA:115,4,1,0
BRDA:121,5,0,1
BRDA:121,5,1,0
BRDA:136,6,0,0
BRDA:136,6,1,1
BRDA:136,7,0,1
BRDA:136,7,1,0
BRDA:145,8,0,0
BRDA:145,8,1,0
BRDA:146,9,0,0
BRDA:146,9,1,0
BRDA:155,10,0,0
BRDA:155,10,1,1
BRDA:155,11,0,1
BRDA:155,11,1,0
BRDA:294,12,0,1
BRDA:294,12,1,0
BRDA:304,13,0,0
BRDA:304,13,1,0
BRDA:310,14,0,0
BRDA:310,14,1,0
BRDA:311,15,0,0
BRDA:311,15,1,0
BRDA:319,16,0,0
BRDA:319,16,1,0
BRDA:320,17,0,0
BRDA:320,17,1,0
BRDA:353,18,0,0
BRDA:353,18,1,1
BRDA:371,19,0,0
BRDA:371,19,1,1
BRDA:371,20,0,1
BRDA:371,20,1,0
BRDA:372,21,0,0
BRDA:372,21,1,0
BRDA:379,22,0,0
BRDA:379,22,1,1
BRDA:379,23,0,1
BRDA:379,23,1,0
BRDA:379,23,2,0
BRDA:380,24,0,0
BRDA:380,24,1,0
BRDA:380,24,2,0
BRDA:508,25,0,1
BRDA:508,25,1,0
BRDA:508,26,0,1
BRDA:508,26,1,0
BRDA:508,26,2,0
BRDA:512,27,0,1
BRDA:512,27,1,0
BRDA:512,27,2,0
BRDA:520,28,0,1
BRDA:520,28,1,0
BRDA:520,29,0,1
BRDA:520,29,1,0
BRDA:520,29,2,0
BRF:65
BRH:19
end_of_record
TN:
SF:features/consent/Extras.tsx
FN:19,(anonymous_0)
FN:43,(anonymous_1)
FN:52,(anonymous_2)
FN:96,(anonymous_3)
FN:106,(anonymous_4)
FN:136,(anonymous_5)
FN:162,(anonymous_6)
FNF:7
FNH:0
FNDA:0,(anonymous_0)
FNDA:0,(anonymous_1)
FNDA:0,(anonymous_2)
FNDA:0,(anonymous_3)
FNDA:0,(anonymous_4)
FNDA:0,(anonymous_5)
FNDA:0,(anonymous_6)
DA:19,2
DA:38,0
DA:39,0
DA:40,0
DA:41,0
DA:42,0
DA:43,0
DA:44,0
DA:45,0
DA:46,0
DA:48,0
DA:52,0
DA:54,0
DA:57,0
DA:58,0
DA:60,0
DA:63,0
DA:64,0
DA:66,0
DA:97,0
DA:98,0
DA:107,0
DA:137,0
DA:138,0
DA:139,0
DA:140,0
DA:142,0
DA:163,0
DA:164,0
DA:165,0
DA:167,0
DA:168,0
DA:170,0
LF:33
LH:1
BRDA:57,0,0,0
BRDA:57,0,1,0
BRDA:64,1,0,0
BRDA:64,1,1,0
BRDA:64,2,0,0
BRDA:64,2,1,0
BRDA:111,3,0,0
BRDA:111,3,1,0
BRDA:117,4,0,0
BRDA:117,4,1,0
BRDA:132,5,0,0
BRDA:132,5,1,0
BRDA:139,6,0,0
BRDA:139,6,1,0
BRDA:157,7,0,0
BRDA:157,7,1,0
BRDA:157,8,0,0
BRDA:157,8,1,0
BRDA:157,8,2,0
BRDA:161,9,0,0
BRDA:161,9,1,0
BRDA:161,10,0,0
BRDA:161,10,1,0
BRDA:164,11,0,0
BRDA:164,11,1,0
BRDA:167,12,0,0
BRDA:167,12,1,0
BRDA:174,13,0,0
BRDA:174,13,1,0
BRDA:174,14,0,0
BRDA:174,14,1,0
BRDA:174,14,2,0
BRF:32
BRH:0
end_of_record
TN:
SF:features/consent/InitialSurvey.tsx
FN:24,(anonymous_0)
FN:28,(anonymous_1)
FN:35,(anonymous_2)
FN:41,(anonymous_3)
FN:58,(anonymous_4)
FN:63,(anonymous_5)
FN:68,(anonymous_6)
FN:73,(anonymous_7)
FN:78,(anonymous_8)
FN:92,(anonymous_9)
FNF:10
FNH:0
FNDA:0,(anonymous_0)
FNDA:0,(anonymous_1)
FNDA:0,(anonymous_2)
FNDA:0,(anonymous_3)
FNDA:0,(anonymous_4)
FNDA:0,(anonymous_5)
FNDA:0,(anonymous_6)
FNDA:0,(anonymous_7)
FNDA:0,(anonymous_8)
FNDA:0,(anonymous_9)
DA:24,1
DA:25,0
DA:26,0
DA:27,0
DA:29,0
DA:30,0
DA:31,0
DA:35,0
DA:36,0
DA:37,0
DA:38,0
DA:40,0
DA:41,0
DA:44,0
DA:58,0
DA:63,0
DA:68,0
DA:73,0
DA:78,0
DA:93,0
DA:94,0
LF:21
LH:1
BRDA:36,0,0,0
BRDA:36,0,1,0
BRDA:87,1,0,0
BRDA:87,1,1,0
BRDA:99,2,0,0
BRDA:99,2,1,0
BRF:6
BRH:0
end_of_record
TN:
SF:features/consent/LocationSettingsModal.tsx
FN:24,(anonymous_0)
FN:55,(anonymous_1)
FN:68,(anonymous_2)
FNF:3
FNH:1
FNDA:1,(anonymous_0)
FNDA:0,(anonymous_1)
FNDA:0,(anonymous_2)
DA:24,2
DA:31,1
DA:56,0
DA:69,0
LF:4
LH:2
BRF:0
BRH:0
end_of_record
TN:
SF:features/consent/Signature.tsx
FN:21,(anonymous_0)
FN:65,(anonymous_1)
FN:71,(anonymous_2)
FN:78,(anonymous_3)
FN:102,(anonymous_4)
FN:119,(anonymous_5)
FNF:6
FNH:0
FNDA:0,(anonymous_0)
FNDA:0,(anonymous_1)
FNDA:0,(anonymous_2)
FNDA:0,(anonymous_3)
FNDA:0,(anonymous_4)
FNDA:0,(anonymous_5)
DA:21,2
DA:34,0
DA:35,0
DA:36,0
DA:38,0
DA:67,0
DA:68,0
DA:69,0
DA:72,0
DA:73,0
DA:79,0
DA:80,0
DA:103,0
DA:104,0
DA:120,0
DA:121,0
DA:138,2
LF:17
LH:2
BRDA:94,0,0,0
BRDA:94,0,1,0
BRDA:114,1,0,0
BRDA:114,1,1,0
BRDA:114,2,0,0
BRDA:114,2,1,0
BRDA:118,3,0,0
BRDA:118,3,1,0
BRDA:125,4,0,0
BRDA:125,4,1,0
BRF:10
BRH:0
end_of_record
TN:
SF:features/consent/api.ts
FN:6,(anonymous_0)
FN:22,(anonymous_1)
FN:38,(anonymous_2)
FN:98,(anonymous_3)
FN:120,(anonymous_4)
FN:132,(anonymous_5)
FNF:6
FNH:0
FNDA:0,(anonymous_0)
FNDA:0,(anonymous_1)
FNDA:0,(anonymous_2)
FNDA:0,(anonymous_3)
FNDA:0,(anonymous_4)
FNDA:0,(anonymous_5)
DA:6,2
DA:7,0
DA:8,0
DA:19,0
DA:22,2
DA:23,0
DA:24,0
DA:35,0
DA:38,2
DA:53,0
DA:55,0
DA:56,0
DA:58,0
DA:88,0
DA:98,2
DA:99,0
DA:100,0
DA:117,0
DA:120,2
DA:121,0
DA:122,0
DA:129,0
DA:132,2
DA:133,0
DA:134,0
DA:143,0
LF:26
LH:6
BRF:0
BRH:0
end_of_record
TN:
SF:features/job/DateRangePicker.tsx
FN:20,(anonymous_0)
FN:22,(anonymous_1)
FN:37,(anonymous_2)
FN:42,(anonymous_3)
FN:63,(anonymous_4)
FN:71,(anonymous_5)
FN:78,(anonymous_6)
FNF:7
FNH:0
FNDA:0,(anonymous_0)
FNDA:0,(anonymous_1)
FNDA:0,(anonymous_2)
FNDA:0,(anonymous_3)
FNDA:0,(anonymous_4)
FNDA:0,(anonymous_5)
FNDA:0,(anonymous_6)
DA:8,1
DA:18,0
DA:20,0
DA:22,0
DA:23,0
DA:24,0
DA:25,0
DA:26,0
DA:27,0
DA:28,0
DA:29,0
DA:30,0
DA:32,0
DA:37,0
DA:38,0
DA:39,0
DA:42,0
DA:43,0
DA:44,0
DA:45,0
DA:46,0
DA:47,0
DA:48,0
DA:50,0
DA:51,0
DA:52,0
DA:53,0
DA:55,0
DA:60,0
DA:63,0
DA:64,0
DA:65,0
DA:66,0
DA:67,0
DA:68,0
DA:72,0
DA:78,0
DA:83,1
LF:38
LH:2
BRDA:23,0,0,0
BRDA:23,0,1,0
BRDA:23,1,0,0
BRDA:23,1,1,0
BRDA:23,1,2,0
BRDA:25,2,0,0
BRDA:25,2,1,0
BRDA:28,3,0,0
BRDA:28,3,1,0
BRDA:46,4,0,0
BRDA:46,4,1,0
BRDA:47,5,0,0
BRDA:47,5,1,0
BRDA:52,6,0,0
BRDA:52,6,1,0
BRDA:64,7,0,0
BRDA:64,7,1,0
BRF:17
BRH:0
end_of_record
TN:
SF:features/job/Job.tsx
FN:28,(anonymous_0)
FN:39,(anonymous_1)
FN:50,(anonymous_2)
FN:54,(anonymous_3)
FN:74,(anonymous_4)
FN:79,(anonymous_5)
FN:112,(anonymous_6)
FN:120,(anonymous_7)
FN:138,(anonymous_8)
FN:169,(anonymous_9)
FN:174,(anonymous_10)
FN:177,(anonymous_11)
FN:191,(anonymous_12)
FN:213,(anonymous_13)
FN:223,(anonymous_14)
FN:231,(anonymous_15)
FN:236,(anonymous_16)
FN:251,(anonymous_17)
FN:255,(anonymous_18)
FN:289,(anonymous_19)
FN:290,(anonymous_20)
FN:370,(anonymous_21)
FNF:22
FNH:0
FNDA:0,(anonymous_0)
FNDA:0,(anonymous_1)
FNDA:0,(anonymous_2)
FNDA:0,(anonymous_3)
FNDA:0,(anonymous_4)
FNDA:0,(anonymous_5)
FNDA:0,(anonymous_6)
FNDA:0,(anonymous_7)
FNDA:0,(anonymous_8)
FNDA:0,(anonymous_9)
FNDA:0,(anonymous_10)
FNDA:0,(anonymous_11)
FNDA:0,(anonymous_12)
FNDA:0,(anonymous_13)
FNDA:0,(anonymous_14)
FNDA:0,(anonymous_15)
FNDA:0,(anonymous_16)
FNDA:0,(anonymous_17)
FNDA:0,(anonymous_18)
FNDA:0,(anonymous_19)
FNDA:0,(anonymous_20)
FNDA:0,(anonymous_21)
DA:28,1
DA:35,0
DA:36,0
DA:37,0
DA:38,0
DA:40,0
DA:41,0
DA:42,0
DA:43,0
DA:44,0
DA:45,0
DA:47,0
DA:51,0
DA:54,0
DA:55,0
DA:67,0
DA:68,0
DA:74,0
DA:75,0
DA:80,0
DA:81,0
DA:101,0
DA:120,0
DA:138,0
DA:169,1
DA:170,0
DA:171,0
DA:173,0
DA:174,0
DA:175,0
DA:176,0
DA:177,0
DA:178,0
DA:180,0
DA:181,0
DA:182,0
DA:191,0
DA:208,0
DA:209,0
DA:210,0
DA:212,0
DA:214,0
DA:215,0
DA:216,0
DA:217,0
DA:218,0
DA:223,0
DA:224,0
DA:225,0
DA:231,0
DA:232,0
DA:233,0
DA:236,0
DA:237,0
DA:238,0
DA:239,0
DA:240,0
DA:251,0
DA:252,0
DA:255,0
DA:256,0
DA:259,0
DA:289,0
DA:290,0
DA:306,0
DA:370,0
DA:411,1
LF:67
LH:3
BRDA:41,0,0,0
BRDA:41,0,1,0
BRDA:67,1,0,0
BRDA:67,1,1,0
BRDA:67,2,0,0
BRDA:67,2,1,0
BRDA:96,3,0,0
BRDA:96,3,1,0
BRDA:175,4,0,0
BRDA:175,4,1,0
BRDA:224,5,0,0
BRDA:224,5,1,0
BRDA:226,6,0,0
BRDA:226,6,1,0
BRDA:237,7,0,0
BRDA:237,7,1,0
BRDA:265,8,0,0
BRDA:265,8,1,0
BRDA:266,9,0,0
BRDA:266,9,1,0
BRDA:272,10,0,0
BRDA:272,10,1,0
BRDA:279,11,0,0
BRDA:279,11,1,0
BRDA:295,12,0,0
BRDA:295,12,1,0
BRDA:325,13,0,0
BRDA:325,13,1,0
BRDA:325,14,0,0
BRDA:325,14,1,0
BRDA:332,15,0,0
BRDA:332,15,1,0
BRDA:342,16,0,0
BRDA:342,16,1,0
BRF:34
BRH:0
end_of_record
TN:
SF:features/job/JobList.tsx
FN:53,(anonymous_0)
FN:72,(anonymous_1)
FN:88,(anonymous_2)
FN:105,(anonymous_3)
FN:108,(anonymous_4)
FN:116,(anonymous_5)
FN:117,(anonymous_6)
FN:130,(anonymous_7)
FN:138,(anonymous_8)
FN:152,(anonymous_9)
FN:166,(anonymous_10)
FN:180,(anonymous_11)
FN:196,(anonymous_12)
FN:210,(anonymous_13)
FN:226,(anonymous_14)
FN:232,(anonymous_15)
FN:240,(anonymous_16)
FN:249,(anonymous_17)
FN:257,(anonymous_18)
FN:264,(anonymous_19)
FN:267,(anonymous_20)
FN:268,(anonymous_21)
FN:280,(anonymous_22)
FN:282,(anonymous_23)
FN:283,(anonymous_24)
FN:306,(anonymous_25)
FN:307,(anonymous_26)
FN:319,(anonymous_27)
FN:320,(anonymous_28)
FN:329,(anonymous_29)
FN:330,(anonymous_30)
FN:339,(anonymous_31)
FN:340,(anonymous_32)
FN:363,(anonymous_33)
FN:374,(anonymous_34)
FN:390,(anonymous_35)
FN:413,(anonymous_36)
FN:434,(anonymous_37)
FN:452,(anonymous_38)
FN:460,(anonymous_39)
FN:471,(anonymous_40)
FN:507,(anonymous_41)
FN:514,(anonymous_42)
FNF:43
FNH:0
FNDA:0,(anonymous_0)
FNDA:0,(anonymous_1)
FNDA:0,(anonymous_2)
FNDA:0,(anonymous_3)
FNDA:0,(anonymous_4)
FNDA:0,(anonymous_5)
FNDA:0,(anonymous_6)
FNDA:0,(anonymous_7)
FNDA:0,(anonymous_8)
FNDA:0,(anonymous_9)
FNDA:0,(anonymous_10)
FNDA:0,(anonymous_11)
FNDA:0,(anonymous_12)
FNDA:0,(anonymous_13)
FNDA:0,(anonymous_14)
FNDA:0,(anonymous_15)
FNDA:0,(anonymous_16)
FNDA:0,(anonymous_17)
FNDA:0,(anonymous_18)
FNDA:0,(anonymous_19)
FNDA:0,(anonymous_20)
FNDA:0,(anonymous_21)
FNDA:0,(anonymous_22)
FNDA:0,(anonymous_23)
FNDA:0,(anonymous_24)
FNDA:0,(anonymous_25)
FNDA:0,(anonymous_26)
FNDA:0,(anonymous_27)
FNDA:0,(anonymous_28)
FNDA:0,(anonymous_29)
FNDA:0,(anonymous_30)
FNDA:0,(anonymous_31)
FNDA:0,(anonymous_32)
FNDA:0,(anonymous_33)
FNDA:0,(anonymous_34)
FNDA:0,(anonymous_35)
FNDA:0,(anonymous_36)
FNDA:0,(anonymous_37)
FNDA:0,(anonymous_38)
FNDA:0,(anonymous_39)
FNDA:0,(anonymous_40)
FNDA:0,(anonymous_41)
FNDA:0,(anonymous_42)
DA:42,1
DA:53,1
DA:66,0
DA:67,0
DA:71,0
DA:72,0
DA:73,0
DA:74,0
DA:76,0
DA:78,0
DA:81,0
DA:89,0
DA:90,0
DA:105,0
DA:109,0
DA:110,0
DA:116,0
DA:118,0
DA:119,0
DA:120,0
DA:121,0
DA:131,0
DA:139,0
DA:140,0
DA:141,0
DA:142,0
DA:143,0
DA:153,0
DA:154,0
DA:155,0
DA:156,0
DA:166,1
DA:175,0
DA:181,0
DA:182,0
DA:196,1
DA:205,0
DA:211,0
DA:212,0
DA:226,1
DA:228,0
DA:229,0
DA:231,0
DA:233,0
DA:234,0
DA:238,0
DA:241,0
DA:249,0
DA:250,0
DA:251,0
DA:255,0
DA:257,0
DA:258,0
DA:259,0
DA:260,0
DA:261,0
DA:264,0
DA:266,0
DA:267,0
DA:268,0
DA:269,0
DA:270,0
DA:280,0
DA:281,0
DA:282,0
DA:283,0
DA:285,0
DA:286,0
DA:296,0
DA:307,0
DA:308,0
DA:319,0
DA:320,0
DA:329,0
DA:330,0
DA:339,0
DA:340,0
DA:351,0
DA:364,0
DA:375,0
DA:391,0
DA:395,0
DA:397,0
DA:414,0
DA:418,0
DA:420,0
DA:435,0
DA:439,0
DA:441,0
DA:456,0
DA:461,0
DA:472,0
DA:478,0
DA:480,0
DA:507,1
DA:508,0
DA:512,0
DA:515,0
LF:98
LH:6
BRDA:73,0,0,0
BRDA:73,0,1,0
BRDA:73,1,0,0
BRDA:73,1,1,0
BRDA:86,2,0,0
BRDA:86,2,1,0
BRDA:86,3,0,0
BRDA:86,3,1,0
BRDA:96,4,0,0
BRDA:96,4,1,0
BRDA:96,5,0,0
BRDA:96,5,1,0
BRDA:118,6,0,0
BRDA:118,6,1,0
BRDA:118,7,0,0
BRDA:118,7,1,0
BRDA:120,8,0,0
BRDA:120,8,1,0
BRDA:120,9,0,0
BRDA:120,9,1,0
BRDA:178,10,0,0
BRDA:178,10,1,0
BRDA:188,11,0,0
BRDA:188,11,1,0
BRDA:208,12,0,0
BRDA:208,12,1,0
BRDA:218,13,0,0
BRDA:218,13,1,0
BRDA:228,14,0,0
BRDA:228,14,1,0
BRDA:242,15,0,0
BRDA:242,15,1,0
BRDA:242,16,0,0
BRDA:242,16,1,0
BRDA:250,17,0,0
BRDA:250,17,1,0
BRDA:268,18,0,0
BRDA:268,18,1,0
BRDA:273,19,0,0
BRDA:273,19,1,0
BRDA:275,20,0,0
BRDA:275,20,1,0
BRDA:289,21,0,0
BRDA:289,21,1,0
BRDA:291,22,0,0
BRDA:291,22,1,0
BRDA:329,23,0,0
BRDA:329,23,1,0
BRDA:339,24,0,0
BRDA:339,24,1,0
BRDA:366,25,0,0
BRDA:366,25,1,0
BRDA:377,26,0,0
BRDA:377,26,1,0
BRDA:386,27,0,0
BRDA:386,27,1,0
BRDA:386,27,2,0
BRDA:391,28,0,0
BRDA:391,28,1,0
BRDA:392,29,0,0
BRDA:392,29,1,0
BRDA:409,30,0,0
BRDA:409,30,1,0
BRDA:409,30,2,0
BRDA:414,31,0,0
BRDA:414,31,1,0
BRDA:415,32,0,0
BRDA:415,32,1,0
BRDA:431,33,0,0
BRDA:431,33,1,0
BRDA:435,34,0,0
BRDA:435,34,1,0
BRDA:436,35,0,0
BRDA:436,35,1,0
BRDA:467,36,0,0
BRDA:467,36,1,0
BRDA:472,37,0,0
BRDA:472,37,1,0
BRDA:473,38,0,0
BRDA:473,38,1,0
BRDA:490,39,0,0
BRDA:490,39,1,0
BRDA:490,40,0,0
BRDA:490,40,1,0
BRDA:490,40,2,0
BRF:85
BRH:0
end_of_record
TN:
SF:features/job/ScreenshotPicker.tsx
FN:15,(anonymous_0)
FN:30,(anonymous_1)
FN:31,(anonymous_2)
FN:40,(anonymous_3)
FN:48,(anonymous_4)
FN:52,(anonymous_5)
FN:57,(anonymous_6)
FN:75,(anonymous_7)
FN:81,(anonymous_8)
FN:92,(anonymous_9)
FN:128,(anonymous_10)
FN:143,(anonymous_11)
FN:163,(anonymous_12)
FNF:13
FNH:0
FNDA:0,(anonymous_0)
FNDA:0,(anonymous_1)
FNDA:0,(anonymous_2)
FNDA:0,(anonymous_3)
FNDA:0,(anonymous_4)
FNDA:0,(anonymous_5)
FNDA:0,(anonymous_6)
FNDA:0,(anonymous_7)
FNDA:0,(anonymous_8)
FNDA:0,(anonymous_9)
FNDA:0,(anonymous_10)
FNDA:0,(anonymous_11)
FNDA:0,(anonymous_12)
DA:15,1
DA:26,0
DA:27,0
DA:28,0
DA:30,0
DA:31,0
DA:32,0
DA:33,0
DA:34,0
DA:39,0
DA:41,0
DA:42,0
DA:43,0
DA:44,0
DA:46,0
DA:49,0
DA:50,0
DA:53,0
DA:57,0
DA:58,0
DA:64,0
DA:65,0
DA:66,0
DA:74,0
DA:76,0
DA:77,0
DA:78,0
DA:82,0
DA:86,0
DA:93,0
DA:129,0
DA:144,0
DA:145,0
DA:146,0
DA:148,0
DA:164,0
DA:165,0
DA:166,0
DA:170,0
DA:171,0
DA:173,0
DA:174,0
DA:175,0
LF:43
LH:1
BRDA:33,0,0,0
BRDA:33,0,1,0
BRDA:64,1,0,0
BRDA:64,1,1,0
BRDA:77,2,0,0
BRDA:77,2,1,0
BRDA:108,3,0,0
BRDA:108,3,1,0
BRDA:120,4,0,0
BRDA:120,4,1,0
BRDA:125,5,0,0
BRDA:125,5,1,0
BRDA:164,6,0,0
BRDA:164,6,1,0
BRF:14
BRH:0
end_of_record
TN:
SF:features/job/api.ts
FN:9,(anonymous_0)
FN:23,(anonymous_1)
FN:36,(anonymous_2)
FN:62,(anonymous_3)
FN:117,(anonymous_4)
FNF:5
FNH:0
FNDA:0,(anonymous_0)
FNDA:0,(anonymous_1)
FNDA:0,(anonymous_2)
FNDA:0,(anonymous_3)
FNDA:0,(anonymous_4)
DA:9,1
DA:10,0
DA:11,0
DA:20,0
DA:23,1
DA:24,0
DA:25,0
DA:33,0
DA:36,1
DA:47,0
DA:48,0
DA:57,0
DA:62,1
DA:63,0
DA:64,0
DA:66,0
DA:67,0
DA:68,0
DA:71,0
DA:72,0
DA:73,0
DA:76,0
DA:78,0
DA:79,0
DA:80,0
DA:83,0
DA:84,0
DA:85,0
DA:87,1
DA:117,1
DA:118,0
DA:119,0
DA:122,0
DA:123,0
DA:124,0
DA:126,0
DA:131,0
DA:138,0
LF:38
LH:6
BRDA:66,0,0,0
BRDA:66,0,1,0
BRDA:71,1,0,0
BRDA:71,1,1,0
BRDA:76,2,0,0
BRDA:76,2,1,0
BRDA:78,3,0,0
BRDA:78,3,1,0
BRDA:78,4,0,0
BRDA:78,4,1,0
BRDA:122,5,0,0
BRDA:122,5,1,0
BRF:12
BRH:0
end_of_record
TN:
SF:features/onboarding/Onboarding.tsx
FN:25,(anonymous_0)
FN:90,(anonymous_1)
FN:104,(anonymous_2)
FN:127,(anonymous_3)
FN:142,(anonymous_4)
FN:148,(anonymous_5)
FNF:6
FNH:0
FNDA:0,(anonymous_0)
FNDA:0,(anonymous_1)
FNDA:0,(anonymous_2)
FNDA:0,(anonymous_3)
FNDA:0,(anonymous_4)
FNDA:0,(anonymous_5)
DA:23,1
DA:25,1
DA:26,0
DA:28,0
DA:82,0
DA:91,0
DA:92,0
DA:105,0
DA:106,0
DA:107,0
DA:109,0
DA:127,1
DA:136,0
DA:143,0
DA:148,1
DA:149,0
LF:16
LH:4
BRDA:88,0,0,0
BRDA:88,0,1,0
BRDA:91,1,0,0
BRDA:91,1,1,0
BRDA:106,2,0,0
BRDA:106,2,1,0
BRDA:153,3,0,0
BRDA:153,3,1,0
BRF:8
BRH:0
end_of_record
TN:
SF:features/shiftList/ShiftCard.tsx
FN:12,(anonymous_0)
FN:23,(anonymous_1)
FN:27,(anonymous_2)
FN:46,(anonymous_3)
FN:51,(anonymous_4)
FN:62,(anonymous_5)
FNF:6
FNH:0
FNDA:0,(anonymous_0)
FNDA:0,(anonymous_1)
FNDA:0,(anonymous_2)
FNDA:0,(anonymous_3)
FNDA:0,(anonymous_4)
FNDA:0,(anonymous_5)
DA:12,1
DA:13,0
DA:14,0
DA:15,0
DA:16,0
DA:17,0
DA:20,0
DA:21,0
DA:23,0
DA:24,0
DA:25,0
DA:26,0
DA:27,0
DA:28,0
DA:30,0
DA:31,0
DA:32,0
DA:42,0
DA:43,0
DA:44,0
DA:46,0
DA:47,0
DA:51,0
DA:52,0
DA:62,0
DA:63,0
DA:64,0
DA:67,0
DA:125,1
LF:29
LH:2
BRDA:14,0,0,0
BRDA:14,0,1,0
BRDA:16,1,0,0
BRDA:16,1,1,0
BRDA:24,2,0,0
BRDA:24,2,1,0
BRDA:44,3,0,0
BRDA:44,3,1,0
BRDA:77,4,0,0
BRDA:77,4,1,0
BRF:10
BRH:0
end_of_record
TN:
SF:features/shiftList/ShiftDetails.tsx
FN:13,(anonymous_0)
FN:25,(anonymous_1)
FN:31,(anonymous_2)
FN:38,(anonymous_3)
FN:49,(anonymous_4)
FN:81,(anonymous_5)
FN:90,(anonymous_6)
FN:108,(anonymous_7)
FN:114,(anonymous_8)
FN:125,(anonymous_9)
FN:129,(anonymous_10)
FN:130,(anonymous_11)
FNF:12
FNH:0
FNDA:0,(anonymous_0)
FNDA:0,(anonymous_1)
FNDA:0,(anonymous_2)
FNDA:0,(anonymous_3)
FNDA:0,(anonymous_4)
FNDA:0,(anonymous_5)
FNDA:0,(anonymous_6)
FNDA:0,(anonymous_7)
FNDA:0,(anonymous_8)
FNDA:0,(anonymous_9)
FNDA:0,(anonymous_10)
FNDA:0,(anonymous_11)
DA:13,1
DA:22,0
DA:23,0
DA:24,0
DA:26,0
DA:29,0
DA:30,0
DA:32,0
DA:33,0
DA:34,0
DA:35,0
DA:38,0
DA:39,0
DA:42,0
DA:50,0
DA:81,0
DA:90,0
DA:108,0
DA:114,0
DA:125,1
DA:126,0
DA:127,0
DA:128,0
DA:129,0
DA:130,0
DA:131,0
DA:165,1
LF:27
LH:3
BRF:0
BRH:0
end_of_record
TN:
SF:features/shiftList/Shifts.tsx
FN:14,ShiftList
FN:17,(anonymous_1)
FN:22,(anonymous_2)
FN:26,(anonymous_3)
FN:32,(anonymous_4)
FN:38,(anonymous_5)
FN:44,(anonymous_6)
FN:64,(anonymous_7)
FN:72,(anonymous_8)
FN:79,(anonymous_9)
FNF:10
FNH:0
FNDA:0,ShiftList
FNDA:0,(anonymous_1)
FNDA:0,(anonymous_2)
FNDA:0,(anonymous_3)
FNDA:0,(anonymous_4)
FNDA:0,(anonymous_5)
FNDA:0,(anonymous_6)
FNDA:0,(anonymous_7)
FNDA:0,(anonymous_8)
FNDA:0,(anonymous_9)
DA:15,0
DA:16,0
DA:17,0
DA:18,0
DA:21,0
DA:23,0
DA:24,0
DA:27,0
DA:31,0
DA:32,0
DA:33,0
DA:34,0
DA:35,0
DA:38,0
DA:39,0
DA:44,0
DA:45,0
DA:46,0
DA:47,0
DA:48,0
DA:49,0
DA:50,0
DA:58,0
DA:65,0
DA:73,0
DA:74,0
DA:75,0
DA:76,0
DA:79,0
DA:86,1
LF:30
LH:1
BRDA:17,0,0,0
BRDA:45,1,0,0
BRDA:45,1,1,0
BRDA:47,2,0,0
BRDA:47,2,1,0
BRDA:49,3,0,0
BRDA:49,3,1,0
BRDA:49,4,0,0
BRDA:49,4,1,0
BRDA:65,5,0,0
BRDA:65,5,1,0
BRDA:74,6,0,0
BRDA:74,6,1,0
BRF:13
BRH:0
end_of_record
TN:
SF:features/shiftList/Statistics.tsx
FN:18,(anonymous_0)
FN:25,(anonymous_1)
FN:29,(anonymous_2)
FN:72,(anonymous_3)
FNF:4
FNH:0
FNDA:0,(anonymous_0)
FNDA:0,(anonymous_1)
FNDA:0,(anonymous_2)
FNDA:0,(anonymous_3)
DA:19,0
DA:20,0
DA:26,0
DA:30,0
DA:72,0
LF:5
LH:0
BRF:0
BRH:0
end_of_record
TN:
SF:features/shiftList/TripMap.tsx
FN:15,(anonymous_0)
FNF:1
FNH:0
FNDA:0,(anonymous_0)
DA:15,1
DA:16,0
DA:18,0
DA:19,0
DA:44,1
LF:5
LH:2
BRDA:18,0,0,0
BRDA:18,0,1,0
BRDA:23,1,0,0
BRDA:23,1,1,0
BRDA:24,2,0,0
BRDA:24,2,1,0
BRDA:25,3,0,0
BRDA:25,3,1,0
BRDA:26,4,0,0
BRDA:26,4,1,0
BRF:10
BRH:0
end_of_record
TN:
SF:features/shiftList/api.ts
FN:5,(anonymous_0)
FN:61,(anonymous_1)
FNF:2
FNH:0
FNDA:0,(anonymous_0)
FNDA:0,(anonymous_1)
DA:5,1
DA:6,0
DA:7,0
DA:52,0
DA:53,0
DA:57,0
DA:61,1
DA:62,0
DA:63,0
DA:71,0
LF:10
LH:2
BRF:0
BRH:0
end_of_record
TN:
SF:features/surveys/Survey.tsx
FN:17,(anonymous_0)
FN:28,(anonymous_1)
FN:48,(anonymous_2)
FN:56,(anonymous_3)
FN:65,(anonymous_4)
FN:69,(anonymous_5)
FN:77,(anonymous_6)
FN:87,(anonymous_7)
FN:91,(anonymous_8)
FN:100,(anonymous_9)
FN:117,(anonymous_10)
FN:129,(anonymous_11)
FN:135,(anonymous_12)
FN:141,(anonymous_13)
FN:144,(anonymous_14)
FN:145,(anonymous_15)
FN:154,(anonymous_16)
FN:162,(anonymous_17)
FN:174,(anonymous_18)
FN:186,(anonymous_19)
FN:199,(anonymous_20)
FN:216,(anonymous_21)
FN:218,(anonymous_22)
FN:220,(anonymous_23)
FN:247,(anonymous_24)
FN:251,(anonymous_25)
FNF:26
FNH:0
FNDA:0,(anonymous_0)
FNDA:0,(anonymous_1)
FNDA:0,(anonymous_2)
FNDA:0,(anonymous_3)
FNDA:0,(anonymous_4)
FNDA:0,(anonymous_5)
FNDA:0,(anonymous_6)
FNDA:0,(anonymous_7)
FNDA:0,(anonymous_8)
FNDA:0,(anonymous_9)
FNDA:0,(anonymous_10)
FNDA:0,(anonymous_11)
FNDA:0,(anonymous_12)
FNDA:0,(anonymous_13)
FNDA:0,(anonymous_14)
FNDA:0,(anonymous_15)
FNDA:0,(anonymous_16)
FNDA:0,(anonymous_17)
FNDA:0,(anonymous_18)
FNDA:0,(anonymous_19)
FNDA:0,(anonymous_20)
FNDA:0,(anonymous_21)
FNDA:0,(anonymous_22)
FNDA:0,(anonymous_23)
FNDA:0,(anonymous_24)
FNDA:0,(anonymous_25)
DA:17,1
DA:26,0
DA:27,0
DA:28,0
DA:29,0
DA:49,0
DA:56,1
DA:57,0
DA:58,0
DA:66,0
DA:67,0
DA:70,0
DA:77,1
DA:78,0
DA:79,0
DA:88,0
DA:89,0
DA:92,0
DA:100,1
DA:101,0
DA:102,0
DA:103,0
DA:104,0
DA:105,0
DA:107,0
DA:117,0
DA:129,1
DA:130,0
DA:131,0
DA:132,0
DA:133,0
DA:136,0
DA:137,0
DA:138,0
DA:141,0
DA:142,0
DA:143,0
DA:144,0
DA:145,0
DA:146,0
DA:147,0
DA:148,0
DA:151,0
DA:155,0
DA:156,0
DA:157,0
DA:163,0
DA:164,0
DA:168,0
DA:169,0
DA:170,0
DA:175,0
DA:176,0
DA:180,0
DA:181,0
DA:182,0
DA:187,0
DA:188,0
DA:192,0
DA:193,0
DA:194,0
DA:195,0
DA:200,0
DA:201,0
DA:206,0
DA:217,0
DA:218,0
DA:219,0
DA:220,0
DA:222,0
DA:228,0
DA:247,1
DA:248,0
DA:249,0
DA:252,0
LF:75
LH:6
BRDA:104,0,0,0
BRDA:104,0,1,0
BRDA:155,1,0,0
BRDA:155,1,1,0
BRDA:155,2,0,0
BRDA:155,2,1,0
BRDA:168,3,0,0
BRDA:168,3,1,0
BRDA:180,4,0,0
BRDA:180,4,1,0
BRDA:192,5,0,0
BRDA:192,5,1,0
BRDA:213,6,0,0
BRDA:213,6,1,0
BRDA:234,7,0,0
BRDA:234,7,1,0
BRDA:239,8,0,0
BRDA:239,8,1,0
BRF:18
BRH:0
end_of_record
TN:
SF:features/surveys/Surveycard.tsx
FN:12,(anonymous_0)
FN:14,(anonymous_1)
FN:18,(anonymous_2)
FN:19,(anonymous_3)
FN:21,(anonymous_4)
FN:24,(anonymous_5)
FN:30,(anonymous_6)
FN:33,(anonymous_7)
FN:52,(anonymous_8)
FNF:9
FNH:0
FNDA:0,(anonymous_0)
FNDA:0,(anonymous_1)
FNDA:0,(anonymous_2)
FNDA:0,(anonymous_3)
FNDA:0,(anonymous_4)
FNDA:0,(anonymous_5)
FNDA:0,(anonymous_6)
FNDA:0,(anonymous_7)
FNDA:0,(anonymous_8)
DA:12,1
DA:13,0
DA:14,0
DA:15,0
DA:17,0
DA:19,0
DA:20,0
DA:21,0
DA:23,0
DA:24,0
DA:26,0
DA:28,0
DA:31,0
DA:34,0
DA:38,0
DA:39,0
DA:41,0
DA:42,0
DA:43,0
DA:49,0
DA:53,0
DA:85,1
LF:22
LH:2
BRDA:26,0,0,0
BRDA:26,0,1,0
BRDA:38,1,0,0
BRDA:38,1,1,0
BRDA:41,2,0,0
BRDA:41,2,1,0
BRDA:42,3,0,0
BRDA:42,3,1,0
BRDA:42,4,0,0
BRDA:42,4,1,0
BRDA:69,5,0,0
BRDA:69,5,1,0
BRDA:69,6,0,0
BRDA:69,6,1,0
BRF:14
BRH:0
end_of_record
TN:
SF:features/surveys/api.ts
FN:6,(anonymous_0)
FN:19,(anonymous_1)
FN:66,(anonymous_2)
FNF:3
FNH:0
FNDA:0,(anonymous_0)
FNDA:0,(anonymous_1)
FNDA:0,(anonymous_2)
DA:6,1
DA:17,0
DA:19,0
DA:20,0
DA:21,0
DA:25,0
DA:26,0
DA:30,0
DA:34,0
DA:38,0
DA:39,0
DA:43,0
DA:44,0
DA:50,0
DA:51,0
DA:53,0
DA:60,0
DA:66,1
DA:67,0
DA:68,0
DA:111,0
LF:21
LH:2
BRDA:20,0,0,0
BRDA:20,0,1,0
BRDA:25,1,0,0
BRDA:25,1,1,0
BRDA:30,2,0,0
BRDA:30,2,1,0
BRDA:31,3,0,0
BRDA:31,3,1,0
BRDA:38,4,0,0
BRDA:38,4,1,0
BRDA:43,5,0,0
BRDA:43,5,1,0
BRF:12
BRH:0
end_of_record
TN:
SF:features/trips/TripDetailScreen.tsx
FN:29,(anonymous_0)
FN:55,(anonymous_1)
FN:61,(anonymous_2)
FNF:3
FNH:0
FNDA:0,(anonymous_0)
FNDA:0,(anonymous_1)
FNDA:0,(anonymous_2)
DA:29,1
DA:30,0
DA:55,1
DA:56,0
DA:57,0
DA:61,0
LF:6
LH:2
BRDA:34,0,0,0
BRDA:34,0,1,0
BRF:2
BRH:0
end_of_record
TN:
SF:features/trips/TripItem.tsx
FN:28,(anonymous_0)
FN:34,(anonymous_1)
FN:38,(anonymous_2)
FN:52,(anonymous_3)
FN:74,(anonymous_4)
FN:84,(anonymous_5)
FN:92,(anonymous_6)
FN:97,(anonymous_7)
FN:135,(anonymous_8)
FN:136,(anonymous_9)
FN:157,(anonymous_10)
FN:183,(anonymous_11)
FN:205,(anonymous_12)
FNF:13
FNH:0
FNDA:0,(anonymous_0)
FNDA:0,(anonymous_1)
FNDA:0,(anonymous_2)
FNDA:0,(anonymous_3)
FNDA:0,(anonymous_4)
FNDA:0,(anonymous_5)
FNDA:0,(anonymous_6)
FNDA:0,(anonymous_7)
FNDA:0,(anonymous_8)
FNDA:0,(anonymous_9)
FNDA:0,(anonymous_10)
FNDA:0,(anonymous_11)
FNDA:0,(anonymous_12)
DA:28,1
DA:29,0
DA:30,0
DA:31,0
DA:33,0
DA:34,0
DA:35,0
DA:36,0
DA:37,0
DA:38,0
DA:39,0
DA:41,0
DA:42,0
DA:43,0
DA:52,0
DA:69,0
DA:70,0
DA:71,0
DA:73,0
DA:75,0
DA:76,0
DA:77,0
DA:78,0
DA:79,0
DA:84,0
DA:85,0
DA:86,0
DA:92,0
DA:93,0
DA:94,0
DA:97,0
DA:98,0
DA:99,0
DA:100,0
DA:109,0
DA:135,0
DA:136,0
DA:156,0
DA:158,0
DA:183,0
DA:184,0
DA:199,0
DA:206,0
DA:207,0
DA:243,1
LF:45
LH:2
BRDA:36,0,0,0
BRDA:36,0,1,0
BRDA:85,1,0,0
BRDA:85,1,1,0
BRDA:87,2,0,0
BRDA:87,2,1,0
BRDA:98,3,0,0
BRDA:98,3,1,0
BRDA:115,4,0,0
BRDA:115,4,1,0
BRDA:125,5,0,0
BRDA:125,5,1,0
BRDA:143,6,0,0
BRDA:143,6,1,0
BRDA:159,7,0,0
BRDA:159,7,1,0
BRDA:169,8,0,0
BRDA:169,8,1,0
BRDA:213,9,0,0
BRDA:213,9,1,0
BRDA:213,10,0,0
BRDA:213,10,1,0
BRF:22
BRH:0
end_of_record
TN:
SF:features/trips/TripsScreen.tsx
FN:31,TripsScreen
FN:57,(anonymous_1)
FN:83,(anonymous_2)
FN:116,(anonymous_3)
FN:136,(anonymous_4)
FN:142,(anonymous_5)
FN:150,(anonymous_6)
FN:155,(anonymous_7)
FN:160,(anonymous_8)
FN:168,(anonymous_9)
FN:171,(anonymous_10)
FN:177,(anonymous_11)
FN:188,(anonymous_12)
FN:217,(anonymous_13)
FN:232,(anonymous_14)
FN:240,(anonymous_15)
FN:252,(anonymous_16)
FN:259,(anonymous_17)
FNF:18
FNH:0
FNDA:0,TripsScreen
FNDA:0,(anonymous_1)
FNDA:0,(anonymous_2)
FNDA:0,(anonymous_3)
FNDA:0,(anonymous_4)
FNDA:0,(anonymous_5)
FNDA:0,(anonymous_6)
FNDA:0,(anonymous_7)
FNDA:0,(anonymous_8)
FNDA:0,(anonymous_9)
FNDA:0,(anonymous_10)
FNDA:0,(anonymous_11)
FNDA:0,(anonymous_12)
FNDA:0,(anonymous_13)
FNDA:0,(anonymous_14)
FNDA:0,(anonymous_15)
FNDA:0,(anonymous_16)
FNDA:0,(anonymous_17)
DA:29,1
DA:32,0
DA:57,1
DA:58,0
DA:83,1
DA:94,0
DA:117,0
DA:136,1
DA:137,0
DA:138,0
DA:139,0
DA:140,0
DA:142,0
DA:143,0
DA:144,0
DA:145,0
DA:149,0
DA:151,0
DA:155,0
DA:156,0
DA:157,0
DA:160,0
DA:161,0
DA:162,0
DA:163,0
DA:164,0
DA:168,0
DA:169,0
DA:170,0
DA:171,0
DA:173,0
DA:177,0
DA:186,0
DA:188,0
DA:189,0
DA:190,0
DA:192,0
DA:196,0
DA:203,0
DA:204,0
DA:210,0
DA:218,0
DA:221,0
DA:222,0
DA:233,0
DA:240,0
DA:253,0
DA:254,0
DA:255,0
DA:256,0
DA:259,0
LF:51
LH:4
BRDA:62,0,0,0
BRDA:62,0,1,0
BRDA:96,1,0,0
BRDA:96,1,1,0
BRDA:98,2,0,0
BRDA:98,2,1,0
BRDA:163,3,0,0
BRDA:163,3,1,0
BRDA:170,4,0,0
BRDA:170,4,1,0
BRDA:189,5,0,0
BRDA:189,5,1,0
BRDA:203,6,0,0
BRDA:203,6,1,0
BRDA:203,7,0,0
BRDA:203,7,1,0
BRDA:233,8,0,0
BRDA:233,8,1,0
BRDA:238,9,0,0
BRDA:238,9,1,0
BRDA:254,10,0,0
BRDA:254,10,1,0
BRF:22
BRH:0
end_of_record
TN:
SF:features/trips/hooks.ts
FN:17,(anonymous_0)
FN:36,(anonymous_1)
FN:45,(anonymous_2)
FN:50,(anonymous_3)
FN:51,(anonymous_4)
FN:58,(anonymous_5)
FNF:6
FNH:0
FNDA:0,(anonymous_0)
FNDA:0,(anonymous_1)
FNDA:0,(anonymous_2)
FNDA:0,(anonymous_3)
FNDA:0,(anonymous_4)
FNDA:0,(anonymous_5)
DA:11,1
DA:12,1
DA:17,1
DA:20,0
DA:21,0
DA:22,0
DA:28,0
DA:32,0
DA:33,0
DA:36,1
DA:37,0
DA:46,0
DA:47,0
DA:48,0
DA:51,0
DA:58,1
DA:59,0
DA:60,0
DA:76,0
DA:77,0
LF:20
LH:5
BRDA:18,0,0,0
BRF:1
BRH:0
end_of_record
TN:
SF:features/weeklySummary/WeeklyCard.tsx
FN:14,(anonymous_0)
FN:28,(anonymous_1)
FN:83,(anonymous_2)
FNF:3
FNH:0
FNDA:0,(anonymous_0)
FNDA:0,(anonymous_1)
FNDA:0,(anonymous_2)
DA:14,1
DA:15,0
DA:16,0
DA:17,0
DA:28,0
DA:31,0
DA:32,0
DA:33,0
DA:39,0
DA:41,0
DA:42,0
DA:84,0
DA:107,1
LF:13
LH:2
BRDA:31,0,0,0
BRDA:31,0,1,0
BRDA:32,1,0,0
BRDA:32,1,1,0
BRDA:32,2,0,0
BRDA:32,2,1,0
BRDA:94,3,0,0
BRDA:94,3,1,0
BRDA:94,4,0,0
BRDA:94,4,1,0
BRF:10
BRH:0
end_of_record
TN:
SF:features/weeklySummary/api.ts
FN:5,(anonymous_0)
FNF:1
FNH:0
FNDA:0,(anonymous_0)
DA:5,1
DA:6,0
DA:7,0
DA:23,0
LF:4
LH:1
BRF:0
BRH:0
end_of_record
TN:
SF:hooks/useCachedResources.ts
FN:6,useCachedResources
FN:10,(anonymous_1)
FN:11,loadResourcesAndDataAsync
FNF:3
FNH:0
FNDA:0,useCachedResources
FNDA:0,(anonymous_1)
FNDA:0,loadResourcesAndDataAsync
DA:7,0
DA:10,0
DA:12,0
DA:13,0
DA:16,0
DA:22,0
DA:24,0
DA:25,0
DA:29,0
DA:32,0
LF:10
LH:0
BRF:0
BRH:0
end_of_record
TN:
SF:mocks/handlers.js
FN:6,(anonymous_0)
FNF:1
FNH:0
FNDA:0,(anonymous_0)
DA:4,3
DA:8,0
DA:9,0
LF:3
LH:1
BRF:0
BRH:0
end_of_record
TN:
SF:mocks/server.js
FNF:0
FNH:0
DA:6,3
LF:1
LH:1
BRF:0
BRH:0
end_of_record
TN:
SF:navigation/BottomTabNavigator.tsx
FN:30,BottomTabNavigator
FN:32,(anonymous_1)
FN:33,(anonymous_2)
FN:34,(anonymous_3)
FN:36,(anonymous_4)
FN:37,maybeShowSplash
FN:51,(anonymous_6)
FN:67,(anonymous_7)
FN:76,(anonymous_8)
FN:92,(anonymous_9)
FN:101,(anonymous_10)
FN:110,(anonymous_11)
FN:120,(anonymous_12)
FN:129,(anonymous_13)
FN:142,TabBarIcon
FN:152,HomeRoot
FNF:16
FNH:0
FNDA:0,BottomTabNavigator
FNDA:0,(anonymous_1)
FNDA:0,(anonymous_2)
FNDA:0,(anonymous_3)
FNDA:0,(anonymous_4)
FNDA:0,maybeShowSplash
FNDA:0,(anonymous_6)
FNDA:0,(anonymous_7)
FNDA:0,(anonymous_8)
FNDA:0,(anonymous_9)
FNDA:0,(anonymous_10)
FNDA:0,(anonymous_11)
FNDA:0,(anonymous_12)
FNDA:0,(anonymous_13)
FNDA:0,TabBarIcon
FNDA:0,HomeRoot
DA:28,1
DA:31,0
DA:32,0
DA:33,0
DA:34,0
DA:36,0
DA:39,0
DA:40,0
DA:41,0
DA:43,0
DA:44,0
DA:47,0
DA:50,0
DA:51,0
DA:52,0
DA:53,0
DA:55,0
DA:60,0
DA:62,0
DA:63,0
DA:64,0
DA:68,0
DA:73,0
DA:74,0
DA:76,0
DA:81,0
DA:93,0
DA:102,0
DA:111,0
DA:121,0
DA:130,0
DA:143,0
DA:150,1
DA:153,0
LF:34
LH:2
BRDA:39,0,0,0
BRDA:39,0,1,0
BRDA:50,1,0,0
BRDA:50,1,1,0
BRDA:52,2,0,0
BRDA:52,2,1,0
BRDA:60,3,0,0
BRDA:60,3,1,0
BRDA:63,4,0,0
BRDA:63,4,1,0
BRDA:73,5,0,0
BRDA:73,5,1,0
BRDA:73,6,0,0
BRDA:73,6,1,0
BRF:14
BRH:0
end_of_record
TN:
SF:navigation/LinkingConfiguration.ts
FNF:0
FNH:0
LF:0
LH:0
BRF:0
BRH:0
end_of_record
TN:
SF:navigation/index.tsx
FN:12,Navigation
FN:24,RootNavigator
FNF:2
FNH:0
FNDA:0,Navigation
FNDA:0,RootNavigator
DA:13,0
DA:22,1
DA:25,0
LF:3
LH:1
BRF:0
BRH:0
end_of_record
TN:
SF:screens/HomeScreen.tsx
FN:18,HomeScreen
FN:31,(anonymous_1)
FN:39,(anonymous_2)
FN:58,(anonymous_3)
FN:78,(anonymous_4)
FN:117,(anonymous_5)
FNF:6
FNH:0
FNDA:0,HomeScreen
FNDA:0,(anonymous_1)
FNDA:0,(anonymous_2)
FNDA:0,(anonymous_3)
FNDA:0,(anonymous_4)
FNDA:0,(anonymous_5)
DA:20,0
DA:31,0
DA:35,0
DA:39,0
DA:42,0
DA:43,0
DA:59,0
DA:79,0
DA:117,1
DA:118,0
LF:10
LH:1
BRDA:68,0,0,0
BRDA:68,0,1,0
BRDA:68,1,0,0
BRDA:68,1,1,0
BRDA:89,2,0,0
BRDA:89,2,1,0
BRDA:89,3,0,0
BRDA:89,3,1,0
BRDA:98,4,0,0
BRDA:98,4,1,0
BRDA:98,5,0,0
BRDA:98,5,1,0
BRF:12
BRH:0
end_of_record
TN:
SF:screens/JobTrackerScreen.tsx
FN:14,JobTrackerScreen
FNF:1
FNH:0
FNDA:0,JobTrackerScreen
DA:12,0
DA:15,0
DA:26,0
LF:3
LH:0
BRF:0
BRH:0
end_of_record
TN:
SF:screens/JobsScreen.tsx
FN:10,JobsScreen
FNF:1
FNH:0
FNDA:0,JobsScreen
DA:12,0
DA:21,0
DA:30,1
LF:3
LH:1
BRDA:12,0,0,0
BRDA:12,0,1,0
BRDA:15,1,0,0
BRDA:15,1,1,0
BRDA:18,2,0,0
BRDA:18,2,1,0
BRF:6
BRH:0
end_of_record
TN:
SF:screens/NotFoundScreen.tsx
FN:7,NotFoundScreen
FN:13,(anonymous_1)
FNF:2
FNH:0
FNDA:0,NotFoundScreen
FNDA:0,(anonymous_1)
DA:10,0
DA:13,0
DA:20,1
LF:3
LH:1
BRF:0
BRH:0
end_of_record
TN:
SF:screens/Onboarding.tsx
FN:8,OnboardingScreen
FNF:1
FNH:0
FNDA:0,OnboardingScreen
DA:9,0
DA:10,0
DA:11,0
LF:3
LH:0
BRDA:16,0,0,0
BRDA:16,0,1,0
BRF:2
BRH:0
end_of_record
TN:
SF:screens/SettingsScreen.tsx
FN:28,SettingsScreen
FN:31,(anonymous_1)
FN:34,(anonymous_2)
FN:38,(anonymous_3)
FN:41,(anonymous_4)
FN:44,(anonymous_5)
FN:53,(anonymous_6)
FN:78,(anonymous_7)
FN:93,(anonymous_8)
FN:120,(anonymous_9)
FNF:10
FNH:0
FNDA:0,SettingsScreen
FNDA:0,(anonymous_1)
FNDA:0,(anonymous_2)
FNDA:0,(anonymous_3)
FNDA:0,(anonymous_4)
FNDA:0,(anonymous_5)
FNDA:0,(anonymous_6)
FNDA:0,(anonymous_7)
FNDA:0,(anonymous_8)
FNDA:0,(anonymous_9)
DA:29,0
DA:30,0
DA:32,0
DA:34,0
DA:36,0
DA:37,0
DA:38,0
DA:40,0
DA:41,0
DA:43,0
DA:45,0
DA:46,0
DA:47,0
DA:48,0
DA:53,0
DA:54,0
DA:61,0
DA:79,0
DA:80,0
DA:94,0
DA:95,0
DA:121,0
DA:122,0
DA:143,1
LF:24
LH:1
BRDA:46,0,0,0
BRDA:46,0,1,0
BRDA:61,1,0,0
BRDA:61,1,1,0
BRDA:61,2,0,0
BRDA:61,2,1,0
BRDA:87,3,0,0
BRDA:87,3,1,0
BRDA:102,4,0,0
BRDA:102,4,1,0
BRF:10
BRH:0
end_of_record
TN:
SF:screens/ShiftsScreen.tsx
FN:14,ShiftsScreen
FNF:1
FNH:0
FNDA:0,ShiftsScreen
DA:12,1
DA:15,0
DA:43,1
LF:3
LH:2
BRF:0
BRH:0
end_of_record
TN:
SF:store/expoFileSystemStorage.ts
FN:10,generateFolderPath
FN:14,generateFilePath
FN:19,writeFile
FN:24,(anonymous_3)
FN:28,(anonymous_4)
FN:30,(anonymous_5)
FN:37,(anonymous_6)
FN:42,(anonymous_7)
FNF:8
FNH:0
FNDA:0,generateFolderPath
FNDA:0,generateFilePath
FNDA:0,writeFile
FNDA:0,(anonymous_3)
FNDA:0,(anonymous_4)
FNDA:0,(anonymous_5)
FNDA:0,(anonymous_6)
FNDA:0,(anonymous_7)
DA:11,0
DA:15,0
DA:16,0
DA:20,0
DA:25,0
DA:29,0
DA:30,0
DA:31,0
DA:32,0
DA:33,0
DA:35,0
DA:37,0
DA:43,0
LF:13
LH:0
BRDA:32,0,0,0
BRDA:32,0,1,0
BRF:2
BRH:0
end_of_record
TN:
SF:store/index.ts
FNF:0
FNH:0
DA:5,3
LF:1
LH:1
BRF:0
BRH:0
end_of_record
TN:
SF:store/store.ts
FNF:0
FNH:0
DA:19,3
DA:25,3
DA:27,3
DA:38,3
LF:4
LH:4
BRF:0
BRH:0
end_of_record
